[2022-10-18 18:30:18,792] [DEBUG]: Starting new HTTPS connection (1): raw.githubusercontent.com:443
[2022-10-18 18:30:19,043] [DEBUG]: https://raw.githubusercontent.com:443 "GET /Kopamed/PyOverlay/main/PyOverlay.py HTTP/1.1" 200 8501
[2022-10-18 18:30:19,053] [DEBUG]: Starting new HTTPS connection (1): launchtracker.raventeam.repl.co:443
[2022-10-18 18:30:19,617] [DEBUG]: https://launchtracker.raventeam.repl.co:443 "GET /paths HTTP/1.1" 429 None
[2022-10-18 18:30:19,688] [DEBUG]: Starting new HTTPS connection (1): launchtracker.raventeam.repl.co:443
[2022-10-18 18:30:20,194] [DEBUG]: https://launchtracker.raventeam.repl.co:443 "GET /paths HTTP/1.1" 429 None
[2022-10-18 18:30:20,241] [DEBUG]: Starting new HTTPS connection (1): launchtracker.raventeam.repl.co:443
[2022-10-18 18:30:20,980] [DEBUG]: Starting new HTTPS connection (1): api.hypixel.net:443
[2022-10-18 18:30:21,197] [DEBUG]: https://api.hypixel.net:443 "GET /key?key=d6f873c7-6575-420a-ae5f-102d1624e7ff HTTP/1.1" 200 None
[2022-10-18 18:30:25,585] [DEBUG]: https://launchtracker.raventeam.repl.co:443 "GET /paths HTTP/1.1" 404 None
[2022-10-18 18:30:25,592] [DEBUG]: Starting new HTTPS connection (1): launchtracker.raventeam.repl.co:443
[2022-10-18 18:30:31,061] [DEBUG]: https://launchtracker.raventeam.repl.co:443 "GET /paths HTTP/1.1" 404 None
[2022-10-18 18:30:31,072] [DEBUG]: Starting new HTTPS connection (1): launchtracker.raventeam.repl.co:443
[2022-10-18 18:30:31,623] [DEBUG]: https://launchtracker.raventeam.repl.co:443 "GET /paths HTTP/1.1" 429 None
[2022-10-18 18:30:31,629] [DEBUG]: Starting new HTTPS connection (1): launchtracker.raventeam.repl.co:443
[2022-10-18 18:30:37,099] [DEBUG]: https://launchtracker.raventeam.repl.co:443 "GET /paths HTTP/1.1" 404 None
[2022-10-18 18:30:37,117] [DEBUG]: Starting new HTTPS connection (1): launchtracker.raventeam.repl.co:443
[2022-10-18 18:30:37,537] [DEBUG]: https://launchtracker.raventeam.repl.co:443 "GET /paths HTTP/1.1" 429 None
[2022-10-18 18:30:37,543] [DEBUG]: Starting new HTTPS connection (1): launchtracker.raventeam.repl.co:443
[2022-10-18 18:30:37,873] [DEBUG]: https://launchtracker.raventeam.repl.co:443 "GET /paths HTTP/1.1" 429 None
[2022-10-18 18:30:37,894] [DEBUG]: Starting new HTTPS connection (1): launchtracker.raventeam.repl.co:443
[2022-10-18 18:30:38,246] [DEBUG]: https://launchtracker.raventeam.repl.co:443 "GET /paths HTTP/1.1" 429 None
[2022-10-18 18:30:38,253] [DEBUG]: Starting new HTTPS connection (1): launchtracker.raventeam.repl.co:443
[2022-10-18 18:30:38,739] [DEBUG]: https://launchtracker.raventeam.repl.co:443 "GET /paths HTTP/1.1" 429 None
[2022-10-18 18:30:38,773] [DEBUG]: Starting new HTTPS connection (1): launchtracker.raventeam.repl.co:443
[2022-10-18 18:30:39,235] [DEBUG]: https://launchtracker.raventeam.repl.co:443 "GET /paths HTTP/1.1" 429 None
[2022-10-18 18:30:39,281] [DEBUG]: Starting new HTTPS connection (1): launchtracker.raventeam.repl.co:443
[2022-10-18 18:30:39,610] [DEBUG]: https://launchtracker.raventeam.repl.co:443 "GET /paths HTTP/1.1" 429 None
[2022-10-18 18:30:39,629] [DEBUG]: Starting new HTTPS connection (1): launchtracker.raventeam.repl.co:443
[2022-10-18 18:30:45,113] [DEBUG]: https://launchtracker.raventeam.repl.co:443 "GET /paths HTTP/1.1" 404 None
[2022-10-18 18:30:45,115] [DEBUG]: Starting new HTTPS connection (1): launchtracker.raventeam.repl.co:443
[2022-10-18 18:30:50,746] [DEBUG]: https://launchtracker.raventeam.repl.co:443 "GET /paths HTTP/1.1" 404 None
[2022-10-18 18:30:50,748] [DEBUG]: Starting new HTTPS connection (1): launchtracker.raventeam.repl.co:443
[2022-10-18 18:30:51,255] [DEBUG]: https://launchtracker.raventeam.repl.co:443 "GET /paths HTTP/1.1" 429 None
[2022-10-18 18:30:51,283] [DEBUG]: Starting new HTTPS connection (1): launchtracker.raventeam.repl.co:443
[2022-10-18 18:30:56,754] [DEBUG]: https://launchtracker.raventeam.repl.co:443 "GET /paths HTTP/1.1" 404 None
[2022-10-18 18:30:56,767] [DEBUG]: Starting new HTTPS connection (1): launchtracker.raventeam.repl.co:443
[2022-10-18 18:30:57,323] [DEBUG]: https://launchtracker.raventeam.repl.co:443 "GET /paths HTTP/1.1" 429 None
[2022-10-18 18:30:57,330] [DEBUG]: Starting new HTTPS connection (1): launchtracker.raventeam.repl.co:443
[2022-10-18 18:30:57,666] [DEBUG]: https://launchtracker.raventeam.repl.co:443 "GET /paths HTTP/1.1" 429 None
[2022-10-18 18:30:57,686] [DEBUG]: Starting new HTTPS connection (1): launchtracker.raventeam.repl.co:443
[2022-10-18 18:30:58,185] [DEBUG]: https://launchtracker.raventeam.repl.co:443 "GET /paths HTTP/1.1" 429 None
[2022-10-18 18:30:58,236] [DEBUG]: Starting new HTTPS connection (1): launchtracker.raventeam.repl.co:443
[2022-10-18 18:30:58,761] [DEBUG]: https://launchtracker.raventeam.repl.co:443 "GET /paths HTTP/1.1" 429 None
[2022-10-18 18:30:58,809] [DEBUG]: Starting new HTTPS connection (1): launchtracker.raventeam.repl.co:443
[2022-10-18 18:30:59,269] [DEBUG]: https://launchtracker.raventeam.repl.co:443 "GET /paths HTTP/1.1" 429 None
[2022-10-18 18:30:59,315] [DEBUG]: Starting new HTTPS connection (1): launchtracker.raventeam.repl.co:443
[2022-10-18 18:30:59,815] [DEBUG]: https://launchtracker.raventeam.repl.co:443 "GET /paths HTTP/1.1" 429 None
[2022-10-18 18:30:59,840] [DEBUG]: Starting new HTTPS connection (1): launchtracker.raventeam.repl.co:443
[2022-10-18 18:31:00,205] [DEBUG]: https://launchtracker.raventeam.repl.co:443 "GET /paths HTTP/1.1" 429 None
[2022-10-18 18:31:00,255] [DEBUG]: Starting new HTTPS connection (1): launchtracker.raventeam.repl.co:443
[2022-10-18 18:31:00,586] [DEBUG]: https://launchtracker.raventeam.repl.co:443 "GET /paths HTTP/1.1" 429 None
[2022-10-18 18:31:00,626] [DEBUG]: Starting new HTTPS connection (1): launchtracker.raventeam.repl.co:443
[2022-10-18 18:31:00,973] [DEBUG]: https://launchtracker.raventeam.repl.co:443 "GET /paths HTTP/1.1" 429 None
[2022-10-18 18:31:00,991] [DEBUG]: Starting new HTTPS connection (1): launchtracker.raventeam.repl.co:443
[2022-10-18 18:31:01,351] [DEBUG]: https://launchtracker.raventeam.repl.co:443 "GET /paths HTTP/1.1" 429 None
[2022-10-18 18:31:01,377] [DEBUG]: Starting new HTTPS connection (1): launchtracker.raventeam.repl.co:443
[2022-10-18 18:31:01,866] [DEBUG]: https://launchtracker.raventeam.repl.co:443 "GET /paths HTTP/1.1" 429 None
[2022-10-18 18:31:01,907] [DEBUG]: Starting new HTTPS connection (1): launchtracker.raventeam.repl.co:443
[2022-10-18 18:31:02,417] [DEBUG]: https://launchtracker.raventeam.repl.co:443 "GET /paths HTTP/1.1" 429 None
[2022-10-18 18:31:02,445] [DEBUG]: Starting new HTTPS connection (1): launchtracker.raventeam.repl.co:443
[2022-10-18 18:31:02,934] [DEBUG]: https://launchtracker.raventeam.repl.co:443 "GET /paths HTTP/1.1" 429 None
[2022-10-18 18:31:02,985] [DEBUG]: Starting new HTTPS connection (1): launchtracker.raventeam.repl.co:443
[2022-10-18 18:31:03,442] [DEBUG]: https://launchtracker.raventeam.repl.co:443 "GET /paths HTTP/1.1" 429 None
[2022-10-18 18:31:03,483] [DEBUG]: Starting new HTTPS connection (1): launchtracker.raventeam.repl.co:443
[2022-10-18 18:31:03,807] [DEBUG]: https://launchtracker.raventeam.repl.co:443 "GET /paths HTTP/1.1" 429 None
[2022-10-18 18:31:03,815] [DEBUG]: Starting new HTTPS connection (1): launchtracker.raventeam.repl.co:443
[2022-10-18 18:31:04,256] [DEBUG]: https://launchtracker.raventeam.repl.co:443 "GET /paths HTTP/1.1" 429 None
[2022-10-18 18:31:04,291] [DEBUG]: Starting new HTTPS connection (1): launchtracker.raventeam.repl.co:443
[2022-10-18 18:31:04,624] [DEBUG]: https://launchtracker.raventeam.repl.co:443 "GET /paths HTTP/1.1" 429 None
[2022-10-18 18:31:04,646] [DEBUG]: Starting new HTTPS connection (1): launchtracker.raventeam.repl.co:443
[2022-10-18 18:31:04,968] [DEBUG]: https://launchtracker.raventeam.repl.co:443 "GET /paths HTTP/1.1" 429 None
[2022-10-18 18:31:05,013] [DEBUG]: Starting new HTTPS connection (1): launchtracker.raventeam.repl.co:443
[2022-10-18 18:31:05,458] [DEBUG]: https://launchtracker.raventeam.repl.co:443 "GET /paths HTTP/1.1" 429 None
[2022-10-18 18:31:05,493] [DEBUG]: Starting new HTTPS connection (1): launchtracker.raventeam.repl.co:443
[2022-10-18 18:31:10,674] [DEBUG]: https://launchtracker.raventeam.repl.co:443 "GET /paths HTTP/1.1" 429 None
[2022-10-18 18:31:10,710] [DEBUG]: Starting new HTTPS connection (1): launchtracker.raventeam.repl.co:443
[2022-10-18 18:31:11,441] [DEBUG]: https://launchtracker.raventeam.repl.co:443 "GET /paths HTTP/1.1" 429 None
[2022-10-18 18:31:11,492] [DEBUG]: Starting new HTTPS connection (1): launchtracker.raventeam.repl.co:443
[2022-10-18 18:31:11,825] [DEBUG]: https://launchtracker.raventeam.repl.co:443 "GET /paths HTTP/1.1" 429 None
[2022-10-18 18:31:11,855] [DEBUG]: Starting new HTTPS connection (1): launchtracker.raventeam.repl.co:443
[2022-10-18 18:31:12,284] [INFO]: Joined Bedwraspractice lobby
[2022-10-18 18:31:12,288] [DEBUG]: Started mass stat request: ['doubleUperm', 'Nqtural', 'Voidless15', 'NinjaPig0010', 'DermoDealer', 'Chub24', 'kuliferdo123']
[2022-10-18 18:31:12,288] [DEBUG]: Starting new HTTPS connection (1): api.mojang.com:443
[2022-10-18 18:31:12,737] [DEBUG]: https://api.mojang.com:443 "POST /profiles/minecraft HTTP/1.1" 200 434
[2022-10-18 18:31:12,751] [DEBUG]: Starting new HTTPS connection (1): api.hypixel.net:443
[2022-10-18 18:31:12,752] [DEBUG]: Starting new HTTPS connection (1): api.hypixel.net:443
[2022-10-18 18:31:12,752] [DEBUG]: Starting new HTTPS connection (1): api.hypixel.net:443
[2022-10-18 18:31:12,752] [DEBUG]: Starting new HTTPS connection (1): api.hypixel.net:443
[2022-10-18 18:31:12,752] [DEBUG]: Starting new HTTPS connection (1): api.hypixel.net:443
[2022-10-18 18:31:12,753] [DEBUG]: Starting new HTTPS connection (1): api.hypixel.net:443
[2022-10-18 18:31:12,753] [DEBUG]: Starting new HTTPS connection (1): api.hypixel.net:443
[2022-10-18 18:31:12,958] [DEBUG]: https://api.hypixel.net:443 "GET /player?key=d6f873c7-6575-420a-ae5f-102d1624e7ff&uuid=1f5c28632ec4402a9bc16ee5da7221ec HTTP/1.1" 200 None
[2022-10-18 18:31:12,961] [DEBUG]: https://api.hypixel.net:443 "GET /player?key=d6f873c7-6575-420a-ae5f-102d1624e7ff&uuid=da47b3c2e4f349cc87e819b625265ace HTTP/1.1" 200 None
[2022-10-18 18:31:12,964] [DEBUG]: https://api.hypixel.net:443 "GET /player?key=d6f873c7-6575-420a-ae5f-102d1624e7ff&uuid=d935374f96fd43b98ef874ade7a9c4f8 HTTP/1.1" 200 None
[2022-10-18 18:31:12,973] [DEBUG]: https://api.hypixel.net:443 "GET /player?key=d6f873c7-6575-420a-ae5f-102d1624e7ff&uuid=42202eb599bf4a56b56625eded903200 HTTP/1.1" 200 None
[2022-10-18 18:31:12,982] [DEBUG]: https://api.hypixel.net:443 "GET /player?key=d6f873c7-6575-420a-ae5f-102d1624e7ff&uuid=f347003280e649dfbb171f9613fbe1e5 HTTP/1.1" 200 None
[2022-10-18 18:31:13,001] [DEBUG]: https://api.hypixel.net:443 "GET /player?key=d6f873c7-6575-420a-ae5f-102d1624e7ff&uuid=f366c2aa170b422e940bb2c113715929 HTTP/1.1" 200 None
[2022-10-18 18:31:13,011] [DEBUG]: https://api.hypixel.net:443 "GET /player?key=d6f873c7-6575-420a-ae5f-102d1624e7ff&uuid=ea91442461e54f8eb7b5782632766c8c HTTP/1.1" 200 None
[2022-10-18 18:31:17,182] [DEBUG]: https://launchtracker.raventeam.repl.co:443 "GET /paths HTTP/1.1" 429 None
[2022-10-18 18:31:17,228] [DEBUG]: Starting new HTTPS connection (1): launchtracker.raventeam.repl.co:443
[2022-10-18 18:31:17,746] [DEBUG]: https://launchtracker.raventeam.repl.co:443 "GET /paths HTTP/1.1" 429 None
[2022-10-18 18:31:17,775] [DEBUG]: Starting new HTTPS connection (1): launchtracker.raventeam.repl.co:443
[2022-10-18 18:31:18,297] [DEBUG]: https://launchtracker.raventeam.repl.co:443 "GET /paths HTTP/1.1" 429 None
[2022-10-18 18:31:18,332] [DEBUG]: Starting new HTTPS connection (1): launchtracker.raventeam.repl.co:443
[2022-10-18 18:31:18,659] [DEBUG]: https://launchtracker.raventeam.repl.co:443 "GET /paths HTTP/1.1" 429 None
[2022-10-18 18:31:18,705] [DEBUG]: Starting new HTTPS connection (1): launchtracker.raventeam.repl.co:443
[2022-10-18 18:31:19,037] [DEBUG]: https://launchtracker.raventeam.repl.co:443 "GET /paths HTTP/1.1" 429 None
[2022-10-18 18:31:19,043] [DEBUG]: Starting new HTTPS connection (1): launchtracker.raventeam.repl.co:443
[2022-10-18 18:31:19,403] [DEBUG]: https://launchtracker.raventeam.repl.co:443 "GET /paths HTTP/1.1" 429 None
[2022-10-18 18:31:19,422] [DEBUG]: Starting new HTTPS connection (1): launchtracker.raventeam.repl.co:443
[2022-10-18 18:31:24,735] [DEBUG]: https://launchtracker.raventeam.repl.co:443 "GET /paths HTTP/1.1" 429 None
[2022-10-18 18:31:24,764] [DEBUG]: Starting new HTTPS connection (1): launchtracker.raventeam.repl.co:443
[2022-10-18 18:31:25,322] [DEBUG]: https://launchtracker.raventeam.repl.co:443 "GET /paths HTTP/1.1" 429 None
[2022-10-18 18:31:25,374] [DEBUG]: Starting new HTTPS connection (1): launchtracker.raventeam.repl.co:443
[2022-10-18 18:31:30,705] [DEBUG]: https://launchtracker.raventeam.repl.co:443 "GET /paths HTTP/1.1" 404 None
[2022-10-18 18:31:30,713] [DEBUG]: Starting new HTTPS connection (1): launchtracker.raventeam.repl.co:443
[2022-10-18 18:31:31,069] [DEBUG]: https://launchtracker.raventeam.repl.co:443 "GET /paths HTTP/1.1" 429 None
[2022-10-18 18:31:31,107] [DEBUG]: Starting new HTTPS connection (1): launchtracker.raventeam.repl.co:443
[2022-10-18 18:31:31,551] [DEBUG]: https://launchtracker.raventeam.repl.co:443 "GET /paths HTTP/1.1" 429 None
[2022-10-18 18:31:31,583] [DEBUG]: Starting new HTTPS connection (1): launchtracker.raventeam.repl.co:443
[2022-10-18 18:31:31,913] [DEBUG]: https://launchtracker.raventeam.repl.co:443 "GET /paths HTTP/1.1" 429 None
[2022-10-18 18:31:31,919] [DEBUG]: Starting new HTTPS connection (1): launchtracker.raventeam.repl.co:443
[2022-10-18 18:31:32,251] [DEBUG]: https://launchtracker.raventeam.repl.co:443 "GET /paths HTTP/1.1" 429 None
[2022-10-18 18:31:32,268] [DEBUG]: Starting new HTTPS connection (1): launchtracker.raventeam.repl.co:443
[2022-10-18 18:31:32,756] [DEBUG]: https://launchtracker.raventeam.repl.co:443 "GET /paths HTTP/1.1" 429 None
[2022-10-18 18:31:32,807] [DEBUG]: Starting new HTTPS connection (1): launchtracker.raventeam.repl.co:443
[2022-10-18 18:31:33,253] [DEBUG]: https://launchtracker.raventeam.repl.co:443 "GET /paths HTTP/1.1" 429 None
[2022-10-18 18:31:33,295] [DEBUG]: Starting new HTTPS connection (1): launchtracker.raventeam.repl.co:443
[2022-10-18 18:31:38,775] [DEBUG]: https://launchtracker.raventeam.repl.co:443 "GET /paths HTTP/1.1" 404 None
[2022-10-18 18:31:38,777] [DEBUG]: Starting new HTTPS connection (1): launchtracker.raventeam.repl.co:443
[2022-10-18 18:31:39,622] [DEBUG]: https://launchtracker.raventeam.repl.co:443 "GET /paths HTTP/1.1" 429 None
[2022-10-18 18:31:39,659] [DEBUG]: Starting new HTTPS connection (1): launchtracker.raventeam.repl.co:443
[2022-10-18 18:31:39,982] [DEBUG]: https://launchtracker.raventeam.repl.co:443 "GET /paths HTTP/1.1" 429 None
[2022-10-18 18:31:39,995] [DEBUG]: Starting new HTTPS connection (1): launchtracker.raventeam.repl.co:443
[2022-10-18 18:31:40,335] [DEBUG]: https://launchtracker.raventeam.repl.co:443 "GET /paths HTTP/1.1" 429 None
[2022-10-18 18:31:40,342] [DEBUG]: Starting new HTTPS connection (1): launchtracker.raventeam.repl.co:443
[2022-10-18 18:31:40,833] [DEBUG]: https://launchtracker.raventeam.repl.co:443 "GET /paths HTTP/1.1" 429 None
[2022-10-18 18:31:40,874] [DEBUG]: Starting new HTTPS connection (1): launchtracker.raventeam.repl.co:443
[2022-10-18 18:31:46,186] [DEBUG]: https://launchtracker.raventeam.repl.co:443 "GET /paths HTTP/1.1" 404 None
[2022-10-18 18:31:46,191] [DEBUG]: Starting new HTTPS connection (1): launchtracker.raventeam.repl.co:443
[2022-10-18 18:31:46,685] [DEBUG]: https://launchtracker.raventeam.repl.co:443 "GET /paths HTTP/1.1" 429 None
[2022-10-18 18:31:46,730] [DEBUG]: Starting new HTTPS connection (1): launchtracker.raventeam.repl.co:443
[2022-10-18 18:31:47,229] [DEBUG]: https://launchtracker.raventeam.repl.co:443 "GET /paths HTTP/1.1" 429 None
[2022-10-18 18:31:47,266] [DEBUG]: Starting new HTTPS connection (1): launchtracker.raventeam.repl.co:443
[2022-10-18 18:31:47,825] [DEBUG]: https://launchtracker.raventeam.repl.co:443 "GET /paths HTTP/1.1" 429 None
[2022-10-18 18:31:47,861] [DEBUG]: Starting new HTTPS connection (1): launchtracker.raventeam.repl.co:443
[2022-10-18 18:31:48,447] [DEBUG]: https://launchtracker.raventeam.repl.co:443 "GET /paths HTTP/1.1" 429 None
[2022-10-18 18:31:48,484] [DEBUG]: Starting new HTTPS connection (1): launchtracker.raventeam.repl.co:443
[2022-10-18 18:31:48,811] [DEBUG]: https://launchtracker.raventeam.repl.co:443 "GET /paths HTTP/1.1" 429 None
[2022-10-18 18:31:48,856] [DEBUG]: Starting new HTTPS connection (1): launchtracker.raventeam.repl.co:443
[2022-10-18 18:31:49,194] [DEBUG]: https://launchtracker.raventeam.repl.co:443 "GET /paths HTTP/1.1" 429 None
[2022-10-18 18:31:49,213] [DEBUG]: Starting new HTTPS connection (1): launchtracker.raventeam.repl.co:443
[2022-10-18 18:31:49,881] [DEBUG]: https://launchtracker.raventeam.repl.co:443 "GET /paths HTTP/1.1" 429 None
[2022-10-18 18:31:49,917] [DEBUG]: Starting new HTTPS connection (1): launchtracker.raventeam.repl.co:443
[2022-10-18 18:31:55,236] [DEBUG]: https://launchtracker.raventeam.repl.co:443 "GET /paths HTTP/1.1" 404 None
[2022-10-18 18:31:55,242] [DEBUG]: Starting new HTTPS connection (1): launchtracker.raventeam.repl.co:443
[2022-10-18 18:31:55,770] [DEBUG]: https://launchtracker.raventeam.repl.co:443 "GET /paths HTTP/1.1" 429 None
[2022-10-18 18:31:55,816] [DEBUG]: Starting new HTTPS connection (1): launchtracker.raventeam.repl.co:443
[2022-10-18 18:31:56,146] [DEBUG]: https://launchtracker.raventeam.repl.co:443 "GET /paths HTTP/1.1" 429 None
[2022-10-18 18:31:56,152] [DEBUG]: Starting new HTTPS connection (1): launchtracker.raventeam.repl.co:443
[2022-10-18 18:31:56,633] [DEBUG]: https://launchtracker.raventeam.repl.co:443 "GET /paths HTTP/1.1" 429 None
[2022-10-18 18:31:56,669] [DEBUG]: Starting new HTTPS connection (1): launchtracker.raventeam.repl.co:443
[2022-10-18 18:31:56,993] [DEBUG]: https://launchtracker.raventeam.repl.co:443 "GET /paths HTTP/1.1" 429 None
[2022-10-18 18:31:57,000] [DEBUG]: Starting new HTTPS connection (1): launchtracker.raventeam.repl.co:443
[2022-10-18 18:31:57,326] [DEBUG]: https://launchtracker.raventeam.repl.co:443 "GET /paths HTTP/1.1" 429 None
[2022-10-18 18:31:57,376] [DEBUG]: Starting new HTTPS connection (1): launchtracker.raventeam.repl.co:443
[2022-10-18 18:31:57,873] [DEBUG]: https://launchtracker.raventeam.repl.co:443 "GET /paths HTTP/1.1" 429 None
[2022-10-18 18:31:57,911] [DEBUG]: Starting new HTTPS connection (1): launchtracker.raventeam.repl.co:443
[2022-10-18 18:31:58,424] [DEBUG]: https://launchtracker.raventeam.repl.co:443 "GET /paths HTTP/1.1" 429 None
[2022-10-18 18:31:58,466] [DEBUG]: Starting new HTTPS connection (1): launchtracker.raventeam.repl.co:443
[2022-10-18 18:32:03,757] [DEBUG]: https://launchtracker.raventeam.repl.co:443 "GET /paths HTTP/1.1" 404 None
[2022-10-18 18:32:03,761] [DEBUG]: Starting new HTTPS connection (1): launchtracker.raventeam.repl.co:443
[2022-10-18 18:32:04,470] [DEBUG]: https://launchtracker.raventeam.repl.co:443 "GET /paths HTTP/1.1" 429 None
[2022-10-18 18:32:04,515] [DEBUG]: Starting new HTTPS connection (1): launchtracker.raventeam.repl.co:443
[2022-10-18 18:32:04,853] [DEBUG]: https://launchtracker.raventeam.repl.co:443 "GET /paths HTTP/1.1" 429 None
[2022-10-18 18:32:04,861] [DEBUG]: Starting new HTTPS connection (1): launchtracker.raventeam.repl.co:443
[2022-10-18 18:32:05,219] [DEBUG]: https://launchtracker.raventeam.repl.co:443 "GET /paths HTTP/1.1" 429 None
[2022-10-18 18:32:05,224] [DEBUG]: Starting new HTTPS connection (1): launchtracker.raventeam.repl.co:443
[2022-10-18 18:32:05,553] [DEBUG]: https://launchtracker.raventeam.repl.co:443 "GET /paths HTTP/1.1" 429 None
[2022-10-18 18:32:05,558] [DEBUG]: Starting new HTTPS connection (1): launchtracker.raventeam.repl.co:443
[2022-10-18 18:32:11,037] [DEBUG]: https://launchtracker.raventeam.repl.co:443 "GET /paths HTTP/1.1" 404 None
[2022-10-18 18:32:11,042] [DEBUG]: Starting new HTTPS connection (1): launchtracker.raventeam.repl.co:443
[2022-10-18 18:32:11,525] [DEBUG]: https://launchtracker.raventeam.repl.co:443 "GET /paths HTTP/1.1" 429 None
[2022-10-18 18:32:11,557] [DEBUG]: Starting new HTTPS connection (1): launchtracker.raventeam.repl.co:443
[2022-10-18 18:32:11,893] [DEBUG]: https://launchtracker.raventeam.repl.co:443 "GET /paths HTTP/1.1" 429 None
[2022-10-18 18:32:11,914] [DEBUG]: Starting new HTTPS connection (1): launchtracker.raventeam.repl.co:443
[2022-10-18 18:32:17,238] [DEBUG]: https://launchtracker.raventeam.repl.co:443 "GET /paths HTTP/1.1" 429 None
[2022-10-18 18:32:17,292] [DEBUG]: Starting new HTTPS connection (1): launchtracker.raventeam.repl.co:443
[2022-10-18 18:32:17,858] [DEBUG]: https://launchtracker.raventeam.repl.co:443 "GET /paths HTTP/1.1" 429 None
[2022-10-18 18:32:17,903] [DEBUG]: Starting new HTTPS connection (1): launchtracker.raventeam.repl.co:443
[2022-10-18 18:32:18,241] [DEBUG]: https://launchtracker.raventeam.repl.co:443 "GET /paths HTTP/1.1" 429 None
[2022-10-18 18:32:18,280] [DEBUG]: Starting new HTTPS connection (1): launchtracker.raventeam.repl.co:443
[2022-10-18 18:32:18,721] [DEBUG]: https://launchtracker.raventeam.repl.co:443 "GET /paths HTTP/1.1" 429 None
[2022-10-18 18:32:18,756] [DEBUG]: Starting new HTTPS connection (1): launchtracker.raventeam.repl.co:443
[2022-10-18 18:32:24,088] [DEBUG]: https://launchtracker.raventeam.repl.co:443 "GET /paths HTTP/1.1" 404 None
[2022-10-18 18:32:24,102] [DEBUG]: Starting new HTTPS connection (1): launchtracker.raventeam.repl.co:443
[2022-10-18 18:32:29,435] [DEBUG]: https://launchtracker.raventeam.repl.co:443 "GET /paths HTTP/1.1" 404 None
[2022-10-18 18:32:29,439] [DEBUG]: Starting new HTTPS connection (1): launchtracker.raventeam.repl.co:443
[2022-10-18 18:32:30,056] [DEBUG]: https://launchtracker.raventeam.repl.co:443 "GET /paths HTTP/1.1" 429 None
[2022-10-18 18:32:30,062] [DEBUG]: Starting new HTTPS connection (1): launchtracker.raventeam.repl.co:443
[2022-10-18 18:32:35,390] [DEBUG]: https://launchtracker.raventeam.repl.co:443 "GET /paths HTTP/1.1" 404 None
[2022-10-18 18:32:35,402] [DEBUG]: Starting new HTTPS connection (1): launchtracker.raventeam.repl.co:443
[2022-10-18 18:32:35,734] [DEBUG]: https://launchtracker.raventeam.repl.co:443 "GET /paths HTTP/1.1" 429 None
[2022-10-18 18:32:35,773] [DEBUG]: Starting new HTTPS connection (1): launchtracker.raventeam.repl.co:443
[2022-10-18 18:32:36,100] [DEBUG]: https://launchtracker.raventeam.repl.co:443 "GET /paths HTTP/1.1" 429 None
[2022-10-18 18:32:36,131] [DEBUG]: Starting new HTTPS connection (1): launchtracker.raventeam.repl.co:443
[2022-10-18 18:32:36,615] [DEBUG]: https://launchtracker.raventeam.repl.co:443 "GET /paths HTTP/1.1" 429 None
[2022-10-18 18:32:36,652] [DEBUG]: Starting new HTTPS connection (1): launchtracker.raventeam.repl.co:443
[2022-10-18 18:32:37,141] [DEBUG]: https://launchtracker.raventeam.repl.co:443 "GET /paths HTTP/1.1" 429 None
[2022-10-18 18:32:37,179] [DEBUG]: Starting new HTTPS connection (1): launchtracker.raventeam.repl.co:443
[2022-10-18 18:32:37,508] [DEBUG]: https://launchtracker.raventeam.repl.co:443 "GET /paths HTTP/1.1" 429 None
[2022-10-18 18:32:37,518] [DEBUG]: Starting new HTTPS connection (1): launchtracker.raventeam.repl.co:443
[2022-10-18 18:32:42,783] [DEBUG]: https://launchtracker.raventeam.repl.co:443 "GET /paths HTTP/1.1" 404 None
[2022-10-18 18:32:42,786] [DEBUG]: Starting new HTTPS connection (1): launchtracker.raventeam.repl.co:443
[2022-10-18 18:32:43,495] [DEBUG]: https://launchtracker.raventeam.repl.co:443 "GET /paths HTTP/1.1" 429 None
[2022-10-18 18:32:43,530] [DEBUG]: Starting new HTTPS connection (1): launchtracker.raventeam.repl.co:443
[2022-10-18 18:32:43,860] [DEBUG]: https://launchtracker.raventeam.repl.co:443 "GET /paths HTTP/1.1" 429 None
[2022-10-18 18:32:43,882] [DEBUG]: Starting new HTTPS connection (1): launchtracker.raventeam.repl.co:443
[2022-10-18 18:32:44,197] [DEBUG]: https://launchtracker.raventeam.repl.co:443 "GET /paths HTTP/1.1" 429 None
[2022-10-18 18:32:44,217] [DEBUG]: Starting new HTTPS connection (1): launchtracker.raventeam.repl.co:443
[2022-10-18 18:32:44,552] [DEBUG]: https://launchtracker.raventeam.repl.co:443 "GET /paths HTTP/1.1" 429 None
[2022-10-18 18:32:44,595] [DEBUG]: Starting new HTTPS connection (1): launchtracker.raventeam.repl.co:443
[2022-10-18 18:32:44,923] [DEBUG]: https://launchtracker.raventeam.repl.co:443 "GET /paths HTTP/1.1" 429 None
[2022-10-18 18:32:44,956] [DEBUG]: Starting new HTTPS connection (1): launchtracker.raventeam.repl.co:443
[2022-10-18 18:32:45,300] [DEBUG]: https://launchtracker.raventeam.repl.co:443 "GET /paths HTTP/1.1" 429 None
[2022-10-18 18:32:45,321] [DEBUG]: Starting new HTTPS connection (1): launchtracker.raventeam.repl.co:443
[2022-10-18 18:32:45,673] [DEBUG]: https://launchtracker.raventeam.repl.co:443 "GET /paths HTTP/1.1" 429 None
[2022-10-18 18:32:45,688] [DEBUG]: Starting new HTTPS connection (1): launchtracker.raventeam.repl.co:443
[2022-10-18 18:32:46,187] [DEBUG]: https://launchtracker.raventeam.repl.co:443 "GET /paths HTTP/1.1" 429 None
[2022-10-18 18:32:46,237] [DEBUG]: Starting new HTTPS connection (1): launchtracker.raventeam.repl.co:443
[2022-10-18 18:32:46,688] [DEBUG]: https://launchtracker.raventeam.repl.co:443 "GET /paths HTTP/1.1" 429 None
[2022-10-18 18:32:46,723] [DEBUG]: Starting new HTTPS connection (1): launchtracker.raventeam.repl.co:443
[2022-10-18 18:32:47,247] [DEBUG]: https://launchtracker.raventeam.repl.co:443 "GET /paths HTTP/1.1" 429 None
[2022-10-18 18:32:47,299] [DEBUG]: Starting new HTTPS connection (1): launchtracker.raventeam.repl.co:443
[2022-10-18 18:32:47,743] [DEBUG]: https://launchtracker.raventeam.repl.co:443 "GET /paths HTTP/1.1" 429 None
[2022-10-18 18:32:47,778] [DEBUG]: Starting new HTTPS connection (1): launchtracker.raventeam.repl.co:443
[2022-10-18 18:32:48,226] [DEBUG]: https://launchtracker.raventeam.repl.co:443 "GET /paths HTTP/1.1" 429 None
[2022-10-18 18:32:48,275] [DEBUG]: Starting new HTTPS connection (1): launchtracker.raventeam.repl.co:443
[2022-10-18 18:32:48,606] [DEBUG]: https://launchtracker.raventeam.repl.co:443 "GET /paths HTTP/1.1" 429 None
[2022-10-18 18:32:48,625] [DEBUG]: Starting new HTTPS connection (1): launchtracker.raventeam.repl.co:443
[2022-10-18 18:32:53,664] [INFO]: REALSuperTomjoined the queue!
[2022-10-18 18:32:53,665] [DEBUG]: Starting new HTTPS connection (1): api.mojang.com:443
[2022-10-18 18:32:53,846] [DEBUG]: https://api.mojang.com:443 "GET /users/profiles/minecraft/REALSuperTom HTTP/1.1" 200 None
[2022-10-18 18:32:53,858] [DEBUG]: Starting new HTTPS connection (1): api.hypixel.net:443
[2022-10-18 18:32:53,940] [DEBUG]: https://launchtracker.raventeam.repl.co:443 "GET /paths HTTP/1.1" 429 None
[2022-10-18 18:32:53,985] [DEBUG]: Starting new HTTPS connection (1): launchtracker.raventeam.repl.co:443
[2022-10-18 18:32:54,059] [DEBUG]: https://api.hypixel.net:443 "GET /player?key=d6f873c7-6575-420a-ae5f-102d1624e7ff&uuid=e8d8a50775ca4b379a17ee9579e85746 HTTP/1.1" 200 None
[2022-10-18 18:32:54,534] [DEBUG]: https://launchtracker.raventeam.repl.co:443 "GET /paths HTTP/1.1" 429 None
[2022-10-18 18:32:54,552] [DEBUG]: Starting new HTTPS connection (1): launchtracker.raventeam.repl.co:443
[2022-10-18 18:32:55,000] [DEBUG]: https://launchtracker.raventeam.repl.co:443 "GET /paths HTTP/1.1" 429 None
[2022-10-18 18:32:55,038] [DEBUG]: Starting new HTTPS connection (1): launchtracker.raventeam.repl.co:443
[2022-10-18 18:32:55,493] [DEBUG]: https://launchtracker.raventeam.repl.co:443 "GET /paths HTTP/1.1" 429 None
[2022-10-18 18:32:55,529] [DEBUG]: Starting new HTTPS connection (1): launchtracker.raventeam.repl.co:443
[2022-10-18 18:32:55,852] [DEBUG]: https://launchtracker.raventeam.repl.co:443 "GET /paths HTTP/1.1" 429 None
[2022-10-18 18:32:55,872] [DEBUG]: Starting new HTTPS connection (1): launchtracker.raventeam.repl.co:443
[2022-10-18 18:32:56,207] [DEBUG]: https://launchtracker.raventeam.repl.co:443 "GET /paths HTTP/1.1" 429 None
[2022-10-18 18:32:56,256] [DEBUG]: Starting new HTTPS connection (1): launchtracker.raventeam.repl.co:443
[2022-10-18 18:32:56,738] [DEBUG]: https://launchtracker.raventeam.repl.co:443 "GET /paths HTTP/1.1" 429 None
[2022-10-18 18:32:56,774] [DEBUG]: Starting new HTTPS connection (1): launchtracker.raventeam.repl.co:443
[2022-10-18 18:32:57,118] [DEBUG]: https://launchtracker.raventeam.repl.co:443 "GET /paths HTTP/1.1" 429 None
[2022-10-18 18:32:57,145] [DEBUG]: Starting new HTTPS connection (1): launchtracker.raventeam.repl.co:443
[2022-10-18 18:33:00,142] [INFO]: REALSuperTomjoined the queue!
[2022-10-18 18:33:02,642] [DEBUG]: https://launchtracker.raventeam.repl.co:443 "GET /paths HTTP/1.1" 404 None
[2022-10-18 18:33:02,658] [DEBUG]: Starting new HTTPS connection (1): launchtracker.raventeam.repl.co:443
[2022-10-18 18:33:02,998] [DEBUG]: https://launchtracker.raventeam.repl.co:443 "GET /paths HTTP/1.1" 429 None
[2022-10-18 18:33:03,018] [DEBUG]: Starting new HTTPS connection (1): launchtracker.raventeam.repl.co:443
[2022-10-18 18:33:03,361] [DEBUG]: https://launchtracker.raventeam.repl.co:443 "GET /paths HTTP/1.1" 429 None
[2022-10-18 18:33:03,380] [DEBUG]: Starting new HTTPS connection (1): launchtracker.raventeam.repl.co:443
[2022-10-18 18:33:03,824] [DEBUG]: https://launchtracker.raventeam.repl.co:443 "GET /paths HTTP/1.1" 429 None
[2022-10-18 18:33:03,862] [DEBUG]: Starting new HTTPS connection (1): launchtracker.raventeam.repl.co:443
[2022-10-18 18:33:09,334] [DEBUG]: https://launchtracker.raventeam.repl.co:443 "GET /paths HTTP/1.1" 404 None
[2022-10-18 18:33:09,335] [DEBUG]: Starting new HTTPS connection (1): launchtracker.raventeam.repl.co:443
[2022-10-18 18:33:10,129] [DEBUG]: https://launchtracker.raventeam.repl.co:443 "GET /paths HTTP/1.1" 429 None
[2022-10-18 18:33:10,172] [DEBUG]: Starting new HTTPS connection (1): launchtracker.raventeam.repl.co:443
[2022-10-18 18:33:10,500] [DEBUG]: https://launchtracker.raventeam.repl.co:443 "GET /paths HTTP/1.1" 429 None
[2022-10-18 18:33:10,513] [DEBUG]: Starting new HTTPS connection (1): launchtracker.raventeam.repl.co:443
[2022-10-18 18:33:11,461] [DEBUG]: https://launchtracker.raventeam.repl.co:443 "GET /paths HTTP/1.1" 429 None
[2022-10-18 18:33:11,467] [DEBUG]: Starting new HTTPS connection (1): launchtracker.raventeam.repl.co:443
[2022-10-18 18:33:11,797] [DEBUG]: https://launchtracker.raventeam.repl.co:443 "GET /paths HTTP/1.1" 429 None
[2022-10-18 18:33:11,812] [DEBUG]: Starting new HTTPS connection (1): launchtracker.raventeam.repl.co:443
[2022-10-18 18:33:12,312] [DEBUG]: https://launchtracker.raventeam.repl.co:443 "GET /paths HTTP/1.1" 429 None
[2022-10-18 18:33:12,353] [DEBUG]: Starting new HTTPS connection (1): launchtracker.raventeam.repl.co:443
[2022-10-18 18:33:12,698] [DEBUG]: https://launchtracker.raventeam.repl.co:443 "GET /paths HTTP/1.1" 429 None
[2022-10-18 18:33:12,725] [DEBUG]: Starting new HTTPS connection (1): launchtracker.raventeam.repl.co:443
[2022-10-18 18:33:13,060] [DEBUG]: https://launchtracker.raventeam.repl.co:443 "GET /paths HTTP/1.1" 429 None
[2022-10-18 18:33:13,099] [DEBUG]: Starting new HTTPS connection (1): launchtracker.raventeam.repl.co:443
[2022-10-18 18:33:13,621] [DEBUG]: https://launchtracker.raventeam.repl.co:443 "GET /paths HTTP/1.1" 429 None
[2022-10-18 18:33:13,657] [DEBUG]: Starting new HTTPS connection (1): launchtracker.raventeam.repl.co:443
[2022-10-18 18:33:13,978] [DEBUG]: https://launchtracker.raventeam.repl.co:443 "GET /paths HTTP/1.1" 429 None
[2022-10-18 18:33:13,991] [DEBUG]: Starting new HTTPS connection (1): launchtracker.raventeam.repl.co:443
[2022-10-18 18:33:14,320] [DEBUG]: https://launchtracker.raventeam.repl.co:443 "GET /paths HTTP/1.1" 429 None
[2022-10-18 18:33:14,342] [DEBUG]: Starting new HTTPS connection (1): launchtracker.raventeam.repl.co:443
[2022-10-18 18:33:14,663] [DEBUG]: https://launchtracker.raventeam.repl.co:443 "GET /paths HTTP/1.1" 429 None
[2022-10-18 18:33:14,669] [DEBUG]: Starting new HTTPS connection (1): launchtracker.raventeam.repl.co:443
[2022-10-18 18:33:14,993] [DEBUG]: https://launchtracker.raventeam.repl.co:443 "GET /paths HTTP/1.1" 429 None
[2022-10-18 18:33:15,013] [DEBUG]: Starting new HTTPS connection (1): launchtracker.raventeam.repl.co:443
[2022-10-18 18:33:20,341] [DEBUG]: https://launchtracker.raventeam.repl.co:443 "GET /paths HTTP/1.1" 404 None
[2022-10-18 18:33:20,356] [DEBUG]: Starting new HTTPS connection (1): launchtracker.raventeam.repl.co:443
[2022-10-18 18:33:20,890] [DEBUG]: https://launchtracker.raventeam.repl.co:443 "GET /paths HTTP/1.1" 429 None
[2022-10-18 18:33:20,905] [DEBUG]: Starting new HTTPS connection (1): launchtracker.raventeam.repl.co:443
[2022-10-18 18:33:21,396] [DEBUG]: https://launchtracker.raventeam.repl.co:443 "GET /paths HTTP/1.1" 429 None
[2022-10-18 18:33:21,441] [DEBUG]: Starting new HTTPS connection (1): launchtracker.raventeam.repl.co:443
[2022-10-18 18:33:21,764] [DEBUG]: https://launchtracker.raventeam.repl.co:443 "GET /paths HTTP/1.1" 429 None
[2022-10-18 18:33:21,770] [DEBUG]: Starting new HTTPS connection (1): launchtracker.raventeam.repl.co:443
[2022-10-18 18:33:22,219] [DEBUG]: https://launchtracker.raventeam.repl.co:443 "GET /paths HTTP/1.1" 429 None
[2022-10-18 18:33:22,268] [DEBUG]: Starting new HTTPS connection (1): launchtracker.raventeam.repl.co:443
[2022-10-18 18:33:27,589] [DEBUG]: https://launchtracker.raventeam.repl.co:443 "GET /paths HTTP/1.1" 404 None
[2022-10-18 18:33:27,590] [DEBUG]: Starting new HTTPS connection (1): launchtracker.raventeam.repl.co:443
[2022-10-18 18:33:27,942] [DEBUG]: https://launchtracker.raventeam.repl.co:443 "GET /paths HTTP/1.1" 429 None
[2022-10-18 18:33:27,960] [DEBUG]: Starting new HTTPS connection (1): launchtracker.raventeam.repl.co:443
[2022-10-18 18:33:28,792] [DEBUG]: https://launchtracker.raventeam.repl.co:443 "GET /paths HTTP/1.1" 429 None
[2022-10-18 18:33:28,819] [DEBUG]: Starting new HTTPS connection (1): launchtracker.raventeam.repl.co:443
[2022-10-18 18:33:34,148] [DEBUG]: https://launchtracker.raventeam.repl.co:443 "GET /paths HTTP/1.1" 404 None
[2022-10-18 18:33:34,149] [DEBUG]: Starting new HTTPS connection (1): launchtracker.raventeam.repl.co:443
[2022-10-18 18:33:34,848] [DEBUG]: https://launchtracker.raventeam.repl.co:443 "GET /paths HTTP/1.1" 429 None
[2022-10-18 18:33:34,900] [DEBUG]: Starting new HTTPS connection (1): launchtracker.raventeam.repl.co:443
[2022-10-18 18:33:35,236] [DEBUG]: https://launchtracker.raventeam.repl.co:443 "GET /paths HTTP/1.1" 429 None
[2022-10-18 18:33:35,288] [DEBUG]: Starting new HTTPS connection (1): launchtracker.raventeam.repl.co:443
[2022-10-18 18:33:35,614] [DEBUG]: https://launchtracker.raventeam.repl.co:443 "GET /paths HTTP/1.1" 429 None
[2022-10-18 18:33:35,667] [DEBUG]: Starting new HTTPS connection (1): launchtracker.raventeam.repl.co:443
[2022-10-18 18:33:35,983] [DEBUG]: https://launchtracker.raventeam.repl.co:443 "GET /paths HTTP/1.1" 429 None
[2022-10-18 18:33:35,989] [DEBUG]: Starting new HTTPS connection (1): launchtracker.raventeam.repl.co:443
[2022-10-18 18:33:41,284] [DEBUG]: https://launchtracker.raventeam.repl.co:443 "GET /paths HTTP/1.1" 429 None
[2022-10-18 18:33:41,290] [DEBUG]: Starting new HTTPS connection (1): launchtracker.raventeam.repl.co:443
[2022-10-18 18:33:41,794] [DEBUG]: https://launchtracker.raventeam.repl.co:443 "GET /paths HTTP/1.1" 429 None
[2022-10-18 18:33:41,830] [DEBUG]: Starting new HTTPS connection (1): launchtracker.raventeam.repl.co:443
[2022-10-18 18:33:42,169] [DEBUG]: https://launchtracker.raventeam.repl.co:443 "GET /paths HTTP/1.1" 429 None
[2022-10-18 18:33:42,212] [DEBUG]: Starting new HTTPS connection (1): launchtracker.raventeam.repl.co:443
[2022-10-18 18:33:42,549] [DEBUG]: https://launchtracker.raventeam.repl.co:443 "GET /paths HTTP/1.1" 429 None
[2022-10-18 18:33:42,590] [DEBUG]: Starting new HTTPS connection (1): launchtracker.raventeam.repl.co:443
[2022-10-18 18:33:42,907] [DEBUG]: https://launchtracker.raventeam.repl.co:443 "GET /paths HTTP/1.1" 429 None
[2022-10-18 18:33:42,913] [DEBUG]: Starting new HTTPS connection (1): launchtracker.raventeam.repl.co:443
[2022-10-18 18:33:43,365] [DEBUG]: https://launchtracker.raventeam.repl.co:443 "GET /paths HTTP/1.1" 429 None
[2022-10-18 18:33:43,406] [DEBUG]: Starting new HTTPS connection (1): launchtracker.raventeam.repl.co:443
[2022-10-18 18:33:43,736] [DEBUG]: https://launchtracker.raventeam.repl.co:443 "GET /paths HTTP/1.1" 429 None
[2022-10-18 18:33:43,783] [DEBUG]: Starting new HTTPS connection (1): launchtracker.raventeam.repl.co:443
[2022-10-18 18:33:49,226] [DEBUG]: https://launchtracker.raventeam.repl.co:443 "GET /paths HTTP/1.1" 429 None
[2022-10-18 18:33:49,245] [DEBUG]: Starting new HTTPS connection (1): launchtracker.raventeam.repl.co:443
[2022-10-18 18:33:50,040] [DEBUG]: https://launchtracker.raventeam.repl.co:443 "GET /paths HTTP/1.1" 429 None
[2022-10-18 18:33:50,084] [DEBUG]: Starting new HTTPS connection (1): launchtracker.raventeam.repl.co:443
[2022-10-18 18:33:50,439] [DEBUG]: https://launchtracker.raventeam.repl.co:443 "GET /paths HTTP/1.1" 429 None
[2022-10-18 18:33:50,454] [DEBUG]: Starting new HTTPS connection (1): launchtracker.raventeam.repl.co:443
[2022-10-18 18:33:54,812] [INFO]: Joined Bedwraspractice lobby
[2022-10-18 18:33:54,815] [DEBUG]: Started mass stat request: ['Bot-2868', 'Nqtu']
[2022-10-18 18:33:54,816] [DEBUG]: Starting new HTTPS connection (1): api.mojang.com:443
[2022-10-18 18:33:55,072] [DEBUG]: https://api.mojang.com:443 "POST /profiles/minecraft HTTP/1.1" 200 57
[2022-10-18 18:33:55,083] [DEBUG]: Starting new HTTPS connection (1): api.hypixel.net:443
[2022-10-18 18:33:55,330] [DEBUG]: https://api.hypixel.net:443 "GET /player?key=d6f873c7-6575-420a-ae5f-102d1624e7ff&uuid=8d24566dd4d6477bbde54a938b507664 HTTP/1.1" 200 None
[2022-10-18 18:33:55,926] [DEBUG]: https://launchtracker.raventeam.repl.co:443 "GET /paths HTTP/1.1" 404 None
[2022-10-18 18:33:55,928] [DEBUG]: Starting new HTTPS connection (1): launchtracker.raventeam.repl.co:443
[2022-10-18 18:33:56,414] [DEBUG]: https://launchtracker.raventeam.repl.co:443 "GET /paths HTTP/1.1" 429 None
[2022-10-18 18:33:56,450] [DEBUG]: Starting new HTTPS connection (1): launchtracker.raventeam.repl.co:443
[2022-10-18 18:33:56,784] [DEBUG]: https://launchtracker.raventeam.repl.co:443 "GET /paths HTTP/1.1" 429 None
[2022-10-18 18:33:56,824] [DEBUG]: Starting new HTTPS connection (1): launchtracker.raventeam.repl.co:443
[2022-10-18 18:33:57,153] [DEBUG]: https://launchtracker.raventeam.repl.co:443 "GET /paths HTTP/1.1" 429 None
[2022-10-18 18:33:57,159] [DEBUG]: Starting new HTTPS connection (1): launchtracker.raventeam.repl.co:443
[2022-10-18 18:33:57,666] [DEBUG]: https://launchtracker.raventeam.repl.co:443 "GET /paths HTTP/1.1" 429 None
[2022-10-18 18:33:57,702] [DEBUG]: Starting new HTTPS connection (1): launchtracker.raventeam.repl.co:443
[2022-10-18 18:33:58,317] [DEBUG]: https://launchtracker.raventeam.repl.co:443 "GET /paths HTTP/1.1" 429 None
[2022-10-18 18:33:58,363] [DEBUG]: Starting new HTTPS connection (1): launchtracker.raventeam.repl.co:443
[2022-10-18 18:33:59,047] [DEBUG]: https://launchtracker.raventeam.repl.co:443 "GET /paths HTTP/1.1" 429 None
[2022-10-18 18:33:59,081] [DEBUG]: Starting new HTTPS connection (1): launchtracker.raventeam.repl.co:443
[2022-10-18 18:33:59,660] [DEBUG]: https://launchtracker.raventeam.repl.co:443 "GET /paths HTTP/1.1" 429 None
[2022-10-18 18:33:59,680] [DEBUG]: Starting new HTTPS connection (1): launchtracker.raventeam.repl.co:443
[2022-10-18 18:34:00,157] [DEBUG]: https://launchtracker.raventeam.repl.co:443 "GET /paths HTTP/1.1" 429 None
[2022-10-18 18:34:00,207] [DEBUG]: Starting new HTTPS connection (1): launchtracker.raventeam.repl.co:443
[2022-10-18 18:34:00,532] [DEBUG]: https://launchtracker.raventeam.repl.co:443 "GET /paths HTTP/1.1" 429 None
[2022-10-18 18:34:00,551] [DEBUG]: Starting new HTTPS connection (1): launchtracker.raventeam.repl.co:443
[2022-10-18 18:34:00,874] [DEBUG]: https://launchtracker.raventeam.repl.co:443 "GET /paths HTTP/1.1" 429 None
[2022-10-18 18:34:00,897] [DEBUG]: Starting new HTTPS connection (1): launchtracker.raventeam.repl.co:443
[2022-10-18 18:34:01,228] [DEBUG]: https://launchtracker.raventeam.repl.co:443 "GET /paths HTTP/1.1" 429 None
[2022-10-18 18:34:01,235] [DEBUG]: Starting new HTTPS connection (1): launchtracker.raventeam.repl.co:443
[2022-10-18 18:34:01,690] [DEBUG]: https://launchtracker.raventeam.repl.co:443 "GET /paths HTTP/1.1" 429 None
[2022-10-18 18:34:01,737] [DEBUG]: Starting new HTTPS connection (1): launchtracker.raventeam.repl.co:443
[2022-10-18 18:34:02,228] [DEBUG]: https://launchtracker.raventeam.repl.co:443 "GET /paths HTTP/1.1" 429 None
[2022-10-18 18:34:02,260] [DEBUG]: Starting new HTTPS connection (1): launchtracker.raventeam.repl.co:443
[2022-10-18 18:34:02,607] [DEBUG]: https://launchtracker.raventeam.repl.co:443 "GET /paths HTTP/1.1" 429 None
[2022-10-18 18:34:02,618] [DEBUG]: Starting new HTTPS connection (1): launchtracker.raventeam.repl.co:443
[2022-10-18 18:34:02,950] [DEBUG]: https://launchtracker.raventeam.repl.co:443 "GET /paths HTTP/1.1" 429 None
[2022-10-18 18:34:03,000] [DEBUG]: Starting new HTTPS connection (1): launchtracker.raventeam.repl.co:443
[2022-10-18 18:34:03,463] [DEBUG]: https://launchtracker.raventeam.repl.co:443 "GET /paths HTTP/1.1" 429 None
[2022-10-18 18:34:03,491] [DEBUG]: Starting new HTTPS connection (1): launchtracker.raventeam.repl.co:443
[2022-10-18 18:34:03,976] [DEBUG]: https://launchtracker.raventeam.repl.co:443 "GET /paths HTTP/1.1" 429 None
[2022-10-18 18:34:04,009] [DEBUG]: Starting new HTTPS connection (1): launchtracker.raventeam.repl.co:443
[2022-10-18 18:34:04,333] [DEBUG]: https://launchtracker.raventeam.repl.co:443 "GET /paths HTTP/1.1" 429 None
[2022-10-18 18:34:04,379] [DEBUG]: Starting new HTTPS connection (1): launchtracker.raventeam.repl.co:443
[2022-10-18 18:34:04,730] [DEBUG]: https://launchtracker.raventeam.repl.co:443 "GET /paths HTTP/1.1" 429 None
[2022-10-18 18:34:04,769] [DEBUG]: Starting new HTTPS connection (1): launchtracker.raventeam.repl.co:443
[2022-10-18 18:34:10,266] [DEBUG]: https://launchtracker.raventeam.repl.co:443 "GET /paths HTTP/1.1" 404 None
[2022-10-18 18:34:10,271] [DEBUG]: Starting new HTTPS connection (1): launchtracker.raventeam.repl.co:443
[2022-10-18 18:34:10,811] [DEBUG]: https://launchtracker.raventeam.repl.co:443 "GET /paths HTTP/1.1" 429 None
[2022-10-18 18:34:10,826] [DEBUG]: Starting new HTTPS connection (1): launchtracker.raventeam.repl.co:443
[2022-10-18 18:34:11,141] [DEBUG]: https://launchtracker.raventeam.repl.co:443 "GET /paths HTTP/1.1" 429 None
[2022-10-18 18:34:11,147] [DEBUG]: Starting new HTTPS connection (1): launchtracker.raventeam.repl.co:443
[2022-10-18 18:34:11,501] [DEBUG]: https://launchtracker.raventeam.repl.co:443 "GET /paths HTTP/1.1" 429 None
[2022-10-18 18:34:11,520] [DEBUG]: Starting new HTTPS connection (1): launchtracker.raventeam.repl.co:443
[2022-10-18 18:34:11,857] [DEBUG]: https://launchtracker.raventeam.repl.co:443 "GET /paths HTTP/1.1" 429 None
[2022-10-18 18:34:11,865] [DEBUG]: Starting new HTTPS connection (1): launchtracker.raventeam.repl.co:443
[2022-10-18 18:34:17,336] [DEBUG]: https://launchtracker.raventeam.repl.co:443 "GET /paths HTTP/1.1" 404 None
[2022-10-18 18:34:17,338] [DEBUG]: Starting new HTTPS connection (1): launchtracker.raventeam.repl.co:443
[2022-10-18 18:34:22,645] [DEBUG]: https://launchtracker.raventeam.repl.co:443 "GET /paths HTTP/1.1" 404 None
[2022-10-18 18:34:22,647] [DEBUG]: Starting new HTTPS connection (1): launchtracker.raventeam.repl.co:443
[2022-10-18 18:34:23,188] [DEBUG]: https://launchtracker.raventeam.repl.co:443 "GET /paths HTTP/1.1" 429 None
[2022-10-18 18:34:23,240] [DEBUG]: Starting new HTTPS connection (1): launchtracker.raventeam.repl.co:443
[2022-10-18 18:34:23,566] [DEBUG]: https://launchtracker.raventeam.repl.co:443 "GET /paths HTTP/1.1" 429 None
[2022-10-18 18:34:23,609] [DEBUG]: Starting new HTTPS connection (1): launchtracker.raventeam.repl.co:443
[2022-10-18 18:34:23,941] [DEBUG]: https://launchtracker.raventeam.repl.co:443 "GET /paths HTTP/1.1" 429 None
[2022-10-18 18:34:23,948] [DEBUG]: Starting new HTTPS connection (1): launchtracker.raventeam.repl.co:443
[2022-10-18 18:34:24,437] [DEBUG]: https://launchtracker.raventeam.repl.co:443 "GET /paths HTTP/1.1" 429 None
[2022-10-18 18:34:24,477] [DEBUG]: Starting new HTTPS connection (1): launchtracker.raventeam.repl.co:443
[2022-10-18 18:34:24,796] [DEBUG]: https://launchtracker.raventeam.repl.co:443 "GET /paths HTTP/1.1" 429 None
[2022-10-18 18:34:24,815] [DEBUG]: Starting new HTTPS connection (1): launchtracker.raventeam.repl.co:443
[2022-10-18 18:34:25,173] [DEBUG]: https://launchtracker.raventeam.repl.co:443 "GET /paths HTTP/1.1" 429 None
[2022-10-18 18:34:25,189] [DEBUG]: Starting new HTTPS connection (1): launchtracker.raventeam.repl.co:443
[2022-10-18 18:34:25,516] [DEBUG]: https://launchtracker.raventeam.repl.co:443 "GET /paths HTTP/1.1" 429 None
[2022-10-18 18:34:25,524] [DEBUG]: Starting new HTTPS connection (1): launchtracker.raventeam.repl.co:443
[2022-10-18 18:34:25,852] [DEBUG]: https://launchtracker.raventeam.repl.co:443 "GET /paths HTTP/1.1" 429 None
[2022-10-18 18:34:25,883] [DEBUG]: Starting new HTTPS connection (1): launchtracker.raventeam.repl.co:443
[2022-10-18 18:34:26,219] [DEBUG]: https://launchtracker.raventeam.repl.co:443 "GET /paths HTTP/1.1" 429 None
[2022-10-18 18:34:26,227] [DEBUG]: Starting new HTTPS connection (1): launchtracker.raventeam.repl.co:443
[2022-10-18 18:34:26,705] [DEBUG]: https://launchtracker.raventeam.repl.co:443 "GET /paths HTTP/1.1" 429 None
[2022-10-18 18:34:26,739] [DEBUG]: Starting new HTTPS connection (1): launchtracker.raventeam.repl.co:443
[2022-10-18 18:34:27,071] [DEBUG]: https://launchtracker.raventeam.repl.co:443 "GET /paths HTTP/1.1" 429 None
[2022-10-18 18:34:27,123] [DEBUG]: Starting new HTTPS connection (1): launchtracker.raventeam.repl.co:443
[2022-10-18 18:34:27,571] [DEBUG]: https://launchtracker.raventeam.repl.co:443 "GET /paths HTTP/1.1" 429 None
[2022-10-18 18:34:27,622] [DEBUG]: Starting new HTTPS connection (1): launchtracker.raventeam.repl.co:443
[2022-10-18 18:34:27,977] [DEBUG]: https://launchtracker.raventeam.repl.co:443 "GET /paths HTTP/1.1" 429 None
[2022-10-18 18:34:27,997] [DEBUG]: Starting new HTTPS connection (1): launchtracker.raventeam.repl.co:443
[2022-10-18 18:34:28,327] [DEBUG]: https://launchtracker.raventeam.repl.co:443 "GET /paths HTTP/1.1" 429 None
[2022-10-18 18:34:28,349] [DEBUG]: Starting new HTTPS connection (1): launchtracker.raventeam.repl.co:443
[2022-10-18 18:34:33,673] [DEBUG]: https://launchtracker.raventeam.repl.co:443 "GET /paths HTTP/1.1" 429 None
[2022-10-18 18:34:33,726] [DEBUG]: Starting new HTTPS connection (1): launchtracker.raventeam.repl.co:443
[2022-10-18 18:34:34,633] [DEBUG]: https://launchtracker.raventeam.repl.co:443 "GET /paths HTTP/1.1" 429 None
[2022-10-18 18:34:34,669] [DEBUG]: Starting new HTTPS connection (1): launchtracker.raventeam.repl.co:443
[2022-10-18 18:34:35,085] [DEBUG]: https://launchtracker.raventeam.repl.co:443 "GET /paths HTTP/1.1" 429 None
[2022-10-18 18:34:35,122] [DEBUG]: Starting new HTTPS connection (1): launchtracker.raventeam.repl.co:443
[2022-10-18 18:34:35,524] [DEBUG]: https://launchtracker.raventeam.repl.co:443 "GET /paths HTTP/1.1" 429 None
[2022-10-18 18:34:35,562] [DEBUG]: Starting new HTTPS connection (1): launchtracker.raventeam.repl.co:443
[2022-10-18 18:34:35,894] [DEBUG]: https://launchtracker.raventeam.repl.co:443 "GET /paths HTTP/1.1" 429 None
[2022-10-18 18:34:35,918] [DEBUG]: Starting new HTTPS connection (1): launchtracker.raventeam.repl.co:443
[2022-10-18 18:34:36,559] [DEBUG]: https://launchtracker.raventeam.repl.co:443 "GET /paths HTTP/1.1" 429 None
[2022-10-18 18:34:36,596] [DEBUG]: Starting new HTTPS connection (1): launchtracker.raventeam.repl.co:443
[2022-10-18 18:34:37,100] [DEBUG]: https://launchtracker.raventeam.repl.co:443 "GET /paths HTTP/1.1" 429 None
[2022-10-18 18:34:37,149] [DEBUG]: Starting new HTTPS connection (1): launchtracker.raventeam.repl.co:443
[2022-10-18 18:34:37,484] [DEBUG]: https://launchtracker.raventeam.repl.co:443 "GET /paths HTTP/1.1" 429 None
[2022-10-18 18:34:37,732] [DEBUG]: Starting new HTTPS connection (1): launchtracker.raventeam.repl.co:443
[2022-10-18 18:34:38,215] [DEBUG]: https://launchtracker.raventeam.repl.co:443 "GET /paths HTTP/1.1" 429 None
[2022-10-18 18:34:38,267] [DEBUG]: Starting new HTTPS connection (1): launchtracker.raventeam.repl.co:443
[2022-10-18 18:34:43,741] [DEBUG]: https://launchtracker.raventeam.repl.co:443 "GET /paths HTTP/1.1" 429 None
[2022-10-18 18:34:43,780] [DEBUG]: Starting new HTTPS connection (1): launchtracker.raventeam.repl.co:443
[2022-10-18 18:34:44,100] [DEBUG]: https://launchtracker.raventeam.repl.co:443 "GET /paths HTTP/1.1" 429 None
[2022-10-18 18:34:44,117] [DEBUG]: Starting new HTTPS connection (1): launchtracker.raventeam.repl.co:443
[2022-10-18 18:34:44,830] [DEBUG]: https://launchtracker.raventeam.repl.co:443 "GET /paths HTTP/1.1" 429 None
[2022-10-18 18:34:44,865] [DEBUG]: Starting new HTTPS connection (1): launchtracker.raventeam.repl.co:443
[2022-10-18 18:34:45,239] [DEBUG]: https://launchtracker.raventeam.repl.co:443 "GET /paths HTTP/1.1" 429 None
[2022-10-18 18:34:45,288] [DEBUG]: Starting new HTTPS connection (1): launchtracker.raventeam.repl.co:443
[2022-10-18 18:34:45,608] [DEBUG]: https://launchtracker.raventeam.repl.co:443 "GET /paths HTTP/1.1" 429 None
[2022-10-18 18:34:45,636] [DEBUG]: Starting new HTTPS connection (1): launchtracker.raventeam.repl.co:443
[2022-10-18 18:34:46,088] [DEBUG]: https://launchtracker.raventeam.repl.co:443 "GET /paths HTTP/1.1" 429 None
[2022-10-18 18:34:46,134] [DEBUG]: Starting new HTTPS connection (1): launchtracker.raventeam.repl.co:443
[2022-10-18 18:34:46,462] [DEBUG]: https://launchtracker.raventeam.repl.co:443 "GET /paths HTTP/1.1" 429 None
[2022-10-18 18:34:46,494] [DEBUG]: Starting new HTTPS connection (1): launchtracker.raventeam.repl.co:443
[2022-10-18 18:34:51,805] [DEBUG]: https://launchtracker.raventeam.repl.co:443 "GET /paths HTTP/1.1" 429 None
[2022-10-18 18:34:51,851] [DEBUG]: Starting new HTTPS connection (1): launchtracker.raventeam.repl.co:443
[2022-10-18 18:34:52,177] [DEBUG]: https://launchtracker.raventeam.repl.co:443 "GET /paths HTTP/1.1" 429 None
[2022-10-18 18:34:52,183] [DEBUG]: Starting new HTTPS connection (1): launchtracker.raventeam.repl.co:443
