[2022-10-18 18:01:49,633] [DEBUG]: Starting new HTTPS connection (1): raw.githubusercontent.com:443
[2022-10-18 18:01:49,674] [DEBUG]: https://raw.githubusercontent.com:443 "GET /Kopamed/PyOverlay/main/PyOverlay.py HTTP/1.1" 200 8501
[2022-10-18 18:01:49,676] [DEBUG]: Starting new HTTPS connection (1): launchtracker.raventeam.repl.co:443
[2022-10-18 18:01:50,430] [DEBUG]: https://launchtracker.raventeam.repl.co:443 "GET /paths HTTP/1.1" 429 None
[2022-10-18 18:01:50,474] [DEBUG]: Starting new HTTPS connection (1): launchtracker.raventeam.repl.co:443
[2022-10-18 18:01:50,693] [DEBUG]: Starting new HTTPS connection (1): api.hypixel.net:443
[2022-10-18 18:01:50,873] [DEBUG]: https://api.hypixel.net:443 "GET /key?key=8cd58181-1983-47c4-982a-b92a31705647 HTTP/1.1" 200 None
[2022-10-18 18:01:55,828] [DEBUG]: https://launchtracker.raventeam.repl.co:443 "GET /paths HTTP/1.1" 404 None
[2022-10-18 18:01:55,848] [DEBUG]: Starting new HTTPS connection (1): launchtracker.raventeam.repl.co:443
[2022-10-18 18:01:56,176] [DEBUG]: https://launchtracker.raventeam.repl.co:443 "GET /paths HTTP/1.1" 429 None
[2022-10-18 18:01:56,229] [DEBUG]: Starting new HTTPS connection (1): launchtracker.raventeam.repl.co:443
[2022-10-18 18:01:56,570] [DEBUG]: https://launchtracker.raventeam.repl.co:443 "GET /paths HTTP/1.1" 429 None
[2022-10-18 18:01:56,609] [DEBUG]: Starting new HTTPS connection (1): launchtracker.raventeam.repl.co:443
[2022-10-18 18:01:57,789] [DEBUG]: https://launchtracker.raventeam.repl.co:443 "GET /paths HTTP/1.1" 429 None
[2022-10-18 18:01:57,824] [DEBUG]: Starting new HTTPS connection (1): launchtracker.raventeam.repl.co:443
[2022-10-18 18:01:58,562] [DEBUG]: https://launchtracker.raventeam.repl.co:443 "GET /paths HTTP/1.1" 429 None
[2022-10-18 18:01:58,587] [DEBUG]: Starting new HTTPS connection (1): launchtracker.raventeam.repl.co:443
[2022-10-18 18:01:59,019] [INFO]: Nqturaljoined the queue!
[2022-10-18 18:01:59,020] [DEBUG]: Starting new HTTPS connection (1): api.mojang.com:443
[2022-10-18 18:01:59,117] [DEBUG]: https://launchtracker.raventeam.repl.co:443 "GET /paths HTTP/1.1" 429 None
[2022-10-18 18:01:59,166] [DEBUG]: Starting new HTTPS connection (1): launchtracker.raventeam.repl.co:443
[2022-10-18 18:01:59,224] [INFO]: Joined new queue!
[2022-10-18 18:01:59,227] [DEBUG]: Nqtural was in cache
[2022-10-18 18:01:59,230] [DEBUG]: Started mass stat request: ['Hiham89', 'EngineerDuck78']
[2022-10-18 18:01:59,231] [DEBUG]: Starting new HTTPS connection (1): api.mojang.com:443
[2022-10-18 18:01:59,441] [DEBUG]: https://api.mojang.com:443 "POST /profiles/minecraft HTTP/1.1" 200 126
[2022-10-18 18:01:59,454] [DEBUG]: Starting new HTTPS connection (1): api.hypixel.net:443
[2022-10-18 18:01:59,454] [DEBUG]: Starting new HTTPS connection (1): api.hypixel.net:443
[2022-10-18 18:01:59,502] [DEBUG]: https://launchtracker.raventeam.repl.co:443 "GET /paths HTTP/1.1" 429 None
[2022-10-18 18:01:59,523] [DEBUG]: Starting new HTTPS connection (1): launchtracker.raventeam.repl.co:443
[2022-10-18 18:01:59,631] [DEBUG]: https://api.hypixel.net:443 "GET /player?key=8cd58181-1983-47c4-982a-b92a31705647&uuid=dae47cc297fc4660b07bbbef7e09f7ad HTTP/1.1" 200 None
[2022-10-18 18:01:59,644] [DEBUG]: https://api.hypixel.net:443 "GET /player?key=8cd58181-1983-47c4-982a-b92a31705647&uuid=c1287ccdb0094bb8b7e548fe3d7c8482 HTTP/1.1" 200 None
[2022-10-18 18:01:59,934] [INFO]: AySeek17joined the queue!
[2022-10-18 18:01:59,934] [DEBUG]: Starting new HTTPS connection (1): api.mojang.com:443
[2022-10-18 18:02:00,011] [DEBUG]: https://launchtracker.raventeam.repl.co:443 "GET /paths HTTP/1.1" 429 None
[2022-10-18 18:02:00,050] [DEBUG]: Starting new HTTPS connection (1): launchtracker.raventeam.repl.co:443
[2022-10-18 18:02:00,113] [DEBUG]: https://api.mojang.com:443 "GET /users/profiles/minecraft/AySeek17 HTTP/1.1" 200 None
[2022-10-18 18:02:00,125] [DEBUG]: Starting new HTTPS connection (1): api.hypixel.net:443
[2022-10-18 18:02:00,311] [DEBUG]: https://api.hypixel.net:443 "GET /player?key=8cd58181-1983-47c4-982a-b92a31705647&uuid=caf98feba8594374a98d48d839830098 HTTP/1.1" 200 None
[2022-10-18 18:02:00,765] [DEBUG]: https://launchtracker.raventeam.repl.co:443 "GET /paths HTTP/1.1" 429 None
[2022-10-18 18:02:00,799] [DEBUG]: Starting new HTTPS connection (1): launchtracker.raventeam.repl.co:443
[2022-10-18 18:02:01,041] [INFO]: killer_Doggo_opjoined the queue!
[2022-10-18 18:02:01,042] [DEBUG]: Starting new HTTPS connection (1): api.mojang.com:443
[2022-10-18 18:02:01,045] [INFO]: BRAUN123joined the queue!
[2022-10-18 18:02:01,046] [DEBUG]: Starting new HTTPS connection (1): api.mojang.com:443
[2022-10-18 18:02:01,128] [DEBUG]: https://launchtracker.raventeam.repl.co:443 "GET /paths HTTP/1.1" 429 None
[2022-10-18 18:02:01,174] [DEBUG]: Starting new HTTPS connection (1): launchtracker.raventeam.repl.co:443
[2022-10-18 18:02:01,222] [DEBUG]: https://api.mojang.com:443 "GET /users/profiles/minecraft/BRAUN123 HTTP/1.1" 200 59
[2022-10-18 18:02:01,230] [DEBUG]: https://api.mojang.com:443 "GET /users/profiles/minecraft/killer_Doggo_op HTTP/1.1" 200 66
[2022-10-18 18:02:01,234] [DEBUG]: Starting new HTTPS connection (1): api.hypixel.net:443
[2022-10-18 18:02:01,242] [DEBUG]: Starting new HTTPS connection (1): api.hypixel.net:443
[2022-10-18 18:02:01,453] [DEBUG]: https://api.hypixel.net:443 "GET /player?key=8cd58181-1983-47c4-982a-b92a31705647&uuid=9b20fe89795f4b29a8c109a9d2e94769 HTTP/1.1" 200 None
[2022-10-18 18:02:01,504] [DEBUG]: https://api.hypixel.net:443 "GET /player?key=8cd58181-1983-47c4-982a-b92a31705647&uuid=a17817b54d104c6d9e5cb442ca093f1d HTTP/1.1" 200 None
[2022-10-18 18:02:01,507] [DEBUG]: https://launchtracker.raventeam.repl.co:443 "GET /paths HTTP/1.1" 429 None
[2022-10-18 18:02:01,536] [DEBUG]: Starting new HTTPS connection (1): launchtracker.raventeam.repl.co:443
[2022-10-18 18:02:02,052] [INFO]: Lanfalkejoined the queue!
[2022-10-18 18:02:02,053] [DEBUG]: Starting new HTTPS connection (1): api.mojang.com:443
[2022-10-18 18:02:02,056] [INFO]: La_ss_ejoined the queue!
[2022-10-18 18:02:02,057] [DEBUG]: Starting new HTTPS connection (1): api.mojang.com:443
[2022-10-18 18:02:02,230] [DEBUG]: https://api.mojang.com:443 "GET /users/profiles/minecraft/Lanfalke HTTP/1.1" 200 59
[2022-10-18 18:02:02,231] [DEBUG]: https://api.mojang.com:443 "GET /users/profiles/minecraft/La_ss_e HTTP/1.1" 200 58
[2022-10-18 18:02:02,242] [DEBUG]: Starting new HTTPS connection (1): api.hypixel.net:443
[2022-10-18 18:02:02,243] [DEBUG]: Starting new HTTPS connection (1): api.hypixel.net:443
[2022-10-18 18:02:02,430] [DEBUG]: https://api.hypixel.net:443 "GET /player?key=8cd58181-1983-47c4-982a-b92a31705647&uuid=6e1cf8fdea264f26b8547885d487f52b HTTP/1.1" 200 None
[2022-10-18 18:02:02,754] [DEBUG]: https://api.hypixel.net:443 "GET /player?key=8cd58181-1983-47c4-982a-b92a31705647&uuid=02401d695384476f9cbb7ea009c4c3f4 HTTP/1.1" 200 None
