[2022-10-18 17:03:09,336] [DEBUG]: Starting new HTTPS connection (1): raw.githubusercontent.com:443
[2022-10-18 17:03:09,387] [DEBUG]: https://raw.githubusercontent.com:443 "GET /Kopamed/PyOverlay/main/PyOverlay.py HTTP/1.1" 200 8501
[2022-10-18 17:03:09,389] [DEBUG]: Starting new HTTPS connection (1): launchtracker.raventeam.repl.co:443
[2022-10-18 17:03:15,106] [DEBUG]: https://launchtracker.raventeam.repl.co:443 "GET /paths HTTP/1.1" 404 None
[2022-10-18 17:03:15,112] [DEBUG]: Starting new HTTPS connection (1): launchtracker.raventeam.repl.co:443
[2022-10-18 17:03:20,476] [DEBUG]: https://launchtracker.raventeam.repl.co:443 "GET /paths HTTP/1.1" 404 None
[2022-10-18 17:03:20,482] [DEBUG]: Starting new HTTPS connection (1): launchtracker.raventeam.repl.co:443
[2022-10-18 17:03:20,820] [DEBUG]: https://launchtracker.raventeam.repl.co:443 "GET /paths HTTP/1.1" 429 None
[2022-10-18 17:03:20,829] [DEBUG]: Starting new HTTPS connection (1): launchtracker.raventeam.repl.co:443
[2022-10-18 17:03:21,329] [DEBUG]: https://launchtracker.raventeam.repl.co:443 "GET /paths HTTP/1.1" 429 None
[2022-10-18 17:03:21,383] [DEBUG]: Starting new HTTPS connection (1): launchtracker.raventeam.repl.co:443
[2022-10-18 17:03:26,832] [DEBUG]: https://launchtracker.raventeam.repl.co:443 "GET /paths HTTP/1.1" 429 None
[2022-10-18 17:03:26,864] [DEBUG]: Starting new HTTPS connection (1): launchtracker.raventeam.repl.co:443
[2022-10-18 17:03:27,211] [DEBUG]: https://launchtracker.raventeam.repl.co:443 "GET /paths HTTP/1.1" 429 None
[2022-10-18 17:03:27,221] [DEBUG]: Starting new HTTPS connection (1): launchtracker.raventeam.repl.co:443
[2022-10-18 17:03:27,559] [DEBUG]: https://launchtracker.raventeam.repl.co:443 "GET /paths HTTP/1.1" 429 None
[2022-10-18 17:03:27,582] [DEBUG]: Starting new HTTPS connection (1): launchtracker.raventeam.repl.co:443
[2022-10-18 17:03:27,924] [DEBUG]: https://launchtracker.raventeam.repl.co:443 "GET /paths HTTP/1.1" 429 None
[2022-10-18 17:03:27,948] [DEBUG]: Starting new HTTPS connection (1): launchtracker.raventeam.repl.co:443
[2022-10-18 17:03:28,396] [DEBUG]: https://launchtracker.raventeam.repl.co:443 "GET /paths HTTP/1.1" 429 None
[2022-10-18 17:03:28,451] [DEBUG]: Starting new HTTPS connection (1): launchtracker.raventeam.repl.co:443
[2022-10-18 17:03:33,754] [DEBUG]: https://launchtracker.raventeam.repl.co:443 "GET /paths HTTP/1.1" 429 None
[2022-10-18 17:03:33,800] [DEBUG]: Starting new HTTPS connection (1): launchtracker.raventeam.repl.co:443
[2022-10-18 17:03:34,517] [DEBUG]: https://launchtracker.raventeam.repl.co:443 "GET /paths HTTP/1.1" 429 None
[2022-10-18 17:03:34,549] [DEBUG]: Starting new HTTPS connection (1): launchtracker.raventeam.repl.co:443
[2022-10-18 17:03:34,888] [DEBUG]: https://launchtracker.raventeam.repl.co:443 "GET /paths HTTP/1.1" 429 None
[2022-10-18 17:03:34,910] [DEBUG]: Starting new HTTPS connection (1): launchtracker.raventeam.repl.co:443
[2022-10-18 17:03:40,338] [DEBUG]: https://launchtracker.raventeam.repl.co:443 "GET /paths HTTP/1.1" 429 None
[2022-10-18 17:03:40,348] [DEBUG]: Starting new HTTPS connection (1): launchtracker.raventeam.repl.co:443
[2022-10-18 17:03:40,695] [DEBUG]: https://launchtracker.raventeam.repl.co:443 "GET /paths HTTP/1.1" 429 None
[2022-10-18 17:03:40,703] [DEBUG]: Starting new HTTPS connection (1): launchtracker.raventeam.repl.co:443
[2022-10-18 17:03:46,017] [DEBUG]: https://launchtracker.raventeam.repl.co:443 "GET /paths HTTP/1.1" 429 None
[2022-10-18 17:03:46,027] [DEBUG]: Starting new HTTPS connection (1): launchtracker.raventeam.repl.co:443
[2022-10-18 17:03:51,425] [DEBUG]: https://launchtracker.raventeam.repl.co:443 "GET /paths HTTP/1.1" 404 None
[2022-10-18 17:03:51,431] [DEBUG]: Starting new HTTPS connection (1): launchtracker.raventeam.repl.co:443
[2022-10-18 17:03:52,120] [DEBUG]: https://launchtracker.raventeam.repl.co:443 "GET /paths HTTP/1.1" 429 None
[2022-10-18 17:03:52,175] [DEBUG]: Starting new HTTPS connection (1): launchtracker.raventeam.repl.co:443
[2022-10-18 17:03:52,513] [DEBUG]: https://launchtracker.raventeam.repl.co:443 "GET /paths HTTP/1.1" 429 None
[2022-10-18 17:03:52,536] [DEBUG]: Starting new HTTPS connection (1): launchtracker.raventeam.repl.co:443
[2022-10-18 17:03:57,857] [DEBUG]: https://launchtracker.raventeam.repl.co:443 "GET /paths HTTP/1.1" 404 None
[2022-10-18 17:03:57,880] [DEBUG]: Starting new HTTPS connection (1): launchtracker.raventeam.repl.co:443
[2022-10-18 17:04:03,215] [DEBUG]: https://launchtracker.raventeam.repl.co:443 "GET /paths HTTP/1.1" 404 None
[2022-10-18 17:04:03,228] [DEBUG]: Starting new HTTPS connection (1): launchtracker.raventeam.repl.co:443
[2022-10-18 17:04:03,946] [DEBUG]: https://launchtracker.raventeam.repl.co:443 "GET /paths HTTP/1.1" 429 None
[2022-10-18 17:04:03,985] [DEBUG]: Starting new HTTPS connection (1): launchtracker.raventeam.repl.co:443
[2022-10-18 17:04:04,328] [DEBUG]: https://launchtracker.raventeam.repl.co:443 "GET /paths HTTP/1.1" 429 None
[2022-10-18 17:04:04,336] [DEBUG]: Starting new HTTPS connection (1): launchtracker.raventeam.repl.co:443
[2022-10-18 17:04:04,676] [DEBUG]: https://launchtracker.raventeam.repl.co:443 "GET /paths HTTP/1.1" 429 None
[2022-10-18 17:04:04,730] [DEBUG]: Starting new HTTPS connection (1): launchtracker.raventeam.repl.co:443
[2022-10-18 17:04:05,079] [DEBUG]: https://launchtracker.raventeam.repl.co:443 "GET /paths HTTP/1.1" 429 None
[2022-10-18 17:04:05,090] [DEBUG]: Starting new HTTPS connection (1): launchtracker.raventeam.repl.co:443
[2022-10-18 17:04:05,440] [DEBUG]: https://launchtracker.raventeam.repl.co:443 "GET /paths HTTP/1.1" 429 None
[2022-10-18 17:04:05,494] [DEBUG]: Starting new HTTPS connection (1): launchtracker.raventeam.repl.co:443
[2022-10-18 17:04:10,775] [DEBUG]: https://launchtracker.raventeam.repl.co:443 "GET /paths HTTP/1.1" 404 None
[2022-10-18 17:04:10,785] [DEBUG]: Starting new HTTPS connection (1): launchtracker.raventeam.repl.co:443
[2022-10-18 17:04:11,236] [DEBUG]: https://launchtracker.raventeam.repl.co:443 "GET /paths HTTP/1.1" 429 None
[2022-10-18 17:04:11,276] [DEBUG]: Starting new HTTPS connection (1): launchtracker.raventeam.repl.co:443
[2022-10-18 17:04:11,981] [DEBUG]: https://launchtracker.raventeam.repl.co:443 "GET /paths HTTP/1.1" 429 None
[2022-10-18 17:04:12,028] [DEBUG]: Starting new HTTPS connection (1): launchtracker.raventeam.repl.co:443
[2022-10-18 17:04:17,508] [DEBUG]: https://launchtracker.raventeam.repl.co:443 "GET /paths HTTP/1.1" 404 None
[2022-10-18 17:04:17,526] [DEBUG]: Starting new HTTPS connection (1): launchtracker.raventeam.repl.co:443
[2022-10-18 17:04:23,211] [DEBUG]: https://launchtracker.raventeam.repl.co:443 "GET /paths HTTP/1.1" 404 None
[2022-10-18 17:04:23,214] [DEBUG]: Starting new HTTPS connection (1): launchtracker.raventeam.repl.co:443
[2022-10-18 17:04:23,579] [DEBUG]: https://launchtracker.raventeam.repl.co:443 "GET /paths HTTP/1.1" 429 None
[2022-10-18 17:04:23,595] [DEBUG]: Starting new HTTPS connection (1): launchtracker.raventeam.repl.co:443
[2022-10-18 17:04:28,904] [DEBUG]: https://launchtracker.raventeam.repl.co:443 "GET /paths HTTP/1.1" 404 None
[2022-10-18 17:04:28,917] [DEBUG]: Starting new HTTPS connection (1): launchtracker.raventeam.repl.co:443
[2022-10-18 17:04:29,413] [DEBUG]: https://launchtracker.raventeam.repl.co:443 "GET /paths HTTP/1.1" 429 None
[2022-10-18 17:04:29,464] [DEBUG]: Starting new HTTPS connection (1): launchtracker.raventeam.repl.co:443
[2022-10-18 17:04:34,785] [DEBUG]: https://launchtracker.raventeam.repl.co:443 "GET /paths HTTP/1.1" 429 None
[2022-10-18 17:04:34,796] [DEBUG]: Starting new HTTPS connection (1): launchtracker.raventeam.repl.co:443
[2022-10-18 17:04:35,353] [DEBUG]: https://launchtracker.raventeam.repl.co:443 "GET /paths HTTP/1.1" 429 None
[2022-10-18 17:04:35,363] [DEBUG]: Starting new HTTPS connection (1): launchtracker.raventeam.repl.co:443
[2022-10-18 17:04:35,853] [DEBUG]: https://launchtracker.raventeam.repl.co:443 "GET /paths HTTP/1.1" 429 None
[2022-10-18 17:04:35,902] [DEBUG]: Starting new HTTPS connection (1): launchtracker.raventeam.repl.co:443
[2022-10-18 17:04:36,415] [DEBUG]: https://launchtracker.raventeam.repl.co:443 "GET /paths HTTP/1.1" 429 None
[2022-10-18 17:04:36,440] [DEBUG]: Starting new HTTPS connection (1): launchtracker.raventeam.repl.co:443
[2022-10-18 17:04:36,790] [DEBUG]: https://launchtracker.raventeam.repl.co:443 "GET /paths HTTP/1.1" 429 None
[2022-10-18 17:04:36,816] [DEBUG]: Starting new HTTPS connection (1): launchtracker.raventeam.repl.co:443
[2022-10-18 17:04:42,155] [DEBUG]: https://launchtracker.raventeam.repl.co:443 "GET /paths HTTP/1.1" 429 None
[2022-10-18 17:04:42,205] [DEBUG]: Starting new HTTPS connection (1): launchtracker.raventeam.repl.co:443
[2022-10-18 17:04:42,551] [DEBUG]: https://launchtracker.raventeam.repl.co:443 "GET /paths HTTP/1.1" 429 None
[2022-10-18 17:04:42,560] [DEBUG]: Starting new HTTPS connection (1): launchtracker.raventeam.repl.co:443
[2022-10-18 17:04:43,073] [DEBUG]: https://launchtracker.raventeam.repl.co:443 "GET /paths HTTP/1.1" 429 None
[2022-10-18 17:04:43,097] [DEBUG]: Starting new HTTPS connection (1): launchtracker.raventeam.repl.co:443
[2022-10-18 17:04:43,539] [DEBUG]: https://launchtracker.raventeam.repl.co:443 "GET /paths HTTP/1.1" 429 None
[2022-10-18 17:04:43,578] [DEBUG]: Starting new HTTPS connection (1): launchtracker.raventeam.repl.co:443
[2022-10-18 17:04:43,931] [DEBUG]: https://launchtracker.raventeam.repl.co:443 "GET /paths HTTP/1.1" 429 None
[2022-10-18 17:04:43,972] [DEBUG]: Starting new HTTPS connection (1): launchtracker.raventeam.repl.co:443
[2022-10-18 17:04:44,294] [DEBUG]: https://launchtracker.raventeam.repl.co:443 "GET /paths HTTP/1.1" 429 None
[2022-10-18 17:04:44,334] [DEBUG]: Starting new HTTPS connection (1): launchtracker.raventeam.repl.co:443
[2022-10-18 17:04:49,666] [DEBUG]: https://launchtracker.raventeam.repl.co:443 "GET /paths HTTP/1.1" 429 None
[2022-10-18 17:04:49,672] [DEBUG]: Starting new HTTPS connection (1): launchtracker.raventeam.repl.co:443
[2022-10-18 17:04:50,364] [DEBUG]: https://launchtracker.raventeam.repl.co:443 "GET /paths HTTP/1.1" 429 None
[2022-10-18 17:04:50,414] [DEBUG]: Starting new HTTPS connection (1): launchtracker.raventeam.repl.co:443
[2022-10-18 17:04:55,850] [DEBUG]: https://launchtracker.raventeam.repl.co:443 "GET /paths HTTP/1.1" 429 None
[2022-10-18 17:04:55,885] [DEBUG]: Starting new HTTPS connection (1): launchtracker.raventeam.repl.co:443
[2022-10-18 17:04:56,453] [DEBUG]: https://launchtracker.raventeam.repl.co:443 "GET /paths HTTP/1.1" 429 None
[2022-10-18 17:04:56,462] [DEBUG]: Starting new HTTPS connection (1): launchtracker.raventeam.repl.co:443
[2022-10-18 17:05:01,806] [DEBUG]: https://launchtracker.raventeam.repl.co:443 "GET /paths HTTP/1.1" 429 None
[2022-10-18 17:05:01,817] [DEBUG]: Starting new HTTPS connection (1): launchtracker.raventeam.repl.co:443
[2022-10-18 17:05:02,276] [DEBUG]: https://launchtracker.raventeam.repl.co:443 "GET /paths HTTP/1.1" 429 None
[2022-10-18 17:05:02,331] [DEBUG]: Starting new HTTPS connection (1): launchtracker.raventeam.repl.co:443
[2022-10-18 17:05:02,700] [DEBUG]: https://launchtracker.raventeam.repl.co:443 "GET /paths HTTP/1.1" 429 None
[2022-10-18 17:05:02,739] [DEBUG]: Starting new HTTPS connection (1): launchtracker.raventeam.repl.co:443
[2022-10-18 17:05:03,083] [DEBUG]: https://launchtracker.raventeam.repl.co:443 "GET /paths HTTP/1.1" 429 None
[2022-10-18 17:05:03,105] [DEBUG]: Starting new HTTPS connection (1): launchtracker.raventeam.repl.co:443
[2022-10-18 17:05:03,598] [DEBUG]: https://launchtracker.raventeam.repl.co:443 "GET /paths HTTP/1.1" 429 None
[2022-10-18 17:05:03,636] [DEBUG]: Starting new HTTPS connection (1): launchtracker.raventeam.repl.co:443
[2022-10-18 17:05:03,986] [DEBUG]: https://launchtracker.raventeam.repl.co:443 "GET /paths HTTP/1.1" 429 None
[2022-10-18 17:05:03,998] [DEBUG]: Starting new HTTPS connection (1): launchtracker.raventeam.repl.co:443
[2022-10-18 17:05:04,349] [DEBUG]: https://launchtracker.raventeam.repl.co:443 "GET /paths HTTP/1.1" 429 None
[2022-10-18 17:05:04,387] [DEBUG]: Starting new HTTPS connection (1): launchtracker.raventeam.repl.co:443
[2022-10-18 17:05:09,873] [DEBUG]: https://launchtracker.raventeam.repl.co:443 "GET /paths HTTP/1.1" 404 None
[2022-10-18 17:05:09,875] [DEBUG]: Starting new HTTPS connection (1): launchtracker.raventeam.repl.co:443
[2022-10-18 17:05:10,437] [DEBUG]: https://launchtracker.raventeam.repl.co:443 "GET /paths HTTP/1.1" 429 None
[2022-10-18 17:05:10,446] [DEBUG]: Starting new HTTPS connection (1): launchtracker.raventeam.repl.co:443
[2022-10-18 17:05:10,952] [DEBUG]: https://launchtracker.raventeam.repl.co:443 "GET /paths HTTP/1.1" 429 None
[2022-10-18 17:05:10,991] [DEBUG]: Starting new HTTPS connection (1): launchtracker.raventeam.repl.co:443
[2022-10-18 17:05:11,350] [DEBUG]: https://launchtracker.raventeam.repl.co:443 "GET /paths HTTP/1.1" 429 None
[2022-10-18 17:05:11,374] [DEBUG]: Starting new HTTPS connection (1): launchtracker.raventeam.repl.co:443
[2022-10-18 17:05:11,731] [DEBUG]: https://launchtracker.raventeam.repl.co:443 "GET /paths HTTP/1.1" 429 None
[2022-10-18 17:05:11,770] [DEBUG]: Starting new HTTPS connection (1): launchtracker.raventeam.repl.co:443
[2022-10-18 17:05:12,094] [DEBUG]: https://launchtracker.raventeam.repl.co:443 "GET /paths HTTP/1.1" 429 None
[2022-10-18 17:05:12,116] [DEBUG]: Starting new HTTPS connection (1): launchtracker.raventeam.repl.co:443
[2022-10-18 17:05:12,799] [DEBUG]: https://launchtracker.raventeam.repl.co:443 "GET /paths HTTP/1.1" 429 None
[2022-10-18 17:05:12,805] [DEBUG]: Starting new HTTPS connection (1): launchtracker.raventeam.repl.co:443
[2022-10-18 17:05:13,299] [DEBUG]: https://launchtracker.raventeam.repl.co:443 "GET /paths HTTP/1.1" 429 None
[2022-10-18 17:05:13,331] [DEBUG]: Starting new HTTPS connection (1): launchtracker.raventeam.repl.co:443
[2022-10-18 17:05:13,685] [DEBUG]: https://launchtracker.raventeam.repl.co:443 "GET /paths HTTP/1.1" 429 None
[2022-10-18 17:05:13,728] [DEBUG]: Starting new HTTPS connection (1): launchtracker.raventeam.repl.co:443
[2022-10-18 17:05:14,082] [DEBUG]: https://launchtracker.raventeam.repl.co:443 "GET /paths HTTP/1.1" 429 None
[2022-10-18 17:05:14,115] [DEBUG]: Starting new HTTPS connection (1): launchtracker.raventeam.repl.co:443
[2022-10-18 17:05:19,443] [DEBUG]: https://launchtracker.raventeam.repl.co:443 "GET /paths HTTP/1.1" 404 None
[2022-10-18 17:05:19,446] [DEBUG]: Starting new HTTPS connection (1): launchtracker.raventeam.repl.co:443
[2022-10-18 17:05:24,794] [DEBUG]: https://launchtracker.raventeam.repl.co:443 "GET /paths HTTP/1.1" 429 None
[2022-10-18 17:05:24,843] [DEBUG]: Starting new HTTPS connection (1): launchtracker.raventeam.repl.co:443
[2022-10-18 17:05:30,425] [DEBUG]: https://launchtracker.raventeam.repl.co:443 "GET /paths HTTP/1.1" 429 None
[2022-10-18 17:05:30,435] [DEBUG]: Starting new HTTPS connection (1): launchtracker.raventeam.repl.co:443
[2022-10-18 17:05:30,779] [DEBUG]: https://launchtracker.raventeam.repl.co:443 "GET /paths HTTP/1.1" 429 None
[2022-10-18 17:05:30,819] [DEBUG]: Starting new HTTPS connection (1): launchtracker.raventeam.repl.co:443
[2022-10-18 17:05:31,177] [DEBUG]: https://launchtracker.raventeam.repl.co:443 "GET /paths HTTP/1.1" 429 None
[2022-10-18 17:05:31,199] [DEBUG]: Starting new HTTPS connection (1): launchtracker.raventeam.repl.co:443
[2022-10-18 17:05:31,665] [DEBUG]: https://launchtracker.raventeam.repl.co:443 "GET /paths HTTP/1.1" 429 None
[2022-10-18 17:05:31,708] [DEBUG]: Starting new HTTPS connection (1): launchtracker.raventeam.repl.co:443
[2022-10-18 17:05:32,054] [DEBUG]: https://launchtracker.raventeam.repl.co:443 "GET /paths HTTP/1.1" 429 None
[2022-10-18 17:05:32,060] [DEBUG]: Starting new HTTPS connection (1): launchtracker.raventeam.repl.co:443
[2022-10-18 17:05:32,514] [DEBUG]: https://launchtracker.raventeam.repl.co:443 "GET /paths HTTP/1.1" 429 None
[2022-10-18 17:05:32,554] [DEBUG]: Starting new HTTPS connection (1): launchtracker.raventeam.repl.co:443
[2022-10-18 17:05:32,893] [DEBUG]: https://launchtracker.raventeam.repl.co:443 "GET /paths HTTP/1.1" 429 None
[2022-10-18 17:05:32,904] [DEBUG]: Starting new HTTPS connection (1): launchtracker.raventeam.repl.co:443
[2022-10-18 17:05:38,373] [DEBUG]: https://launchtracker.raventeam.repl.co:443 "GET /paths HTTP/1.1" 404 None
[2022-10-18 17:05:38,381] [DEBUG]: Starting new HTTPS connection (1): launchtracker.raventeam.repl.co:443
[2022-10-18 17:05:38,952] [DEBUG]: https://launchtracker.raventeam.repl.co:443 "GET /paths HTTP/1.1" 429 None
[2022-10-18 17:05:38,964] [DEBUG]: Starting new HTTPS connection (1): launchtracker.raventeam.repl.co:443
[2022-10-18 17:05:39,443] [DEBUG]: https://launchtracker.raventeam.repl.co:443 "GET /paths HTTP/1.1" 429 None
[2022-10-18 17:05:39,480] [DEBUG]: Starting new HTTPS connection (1): launchtracker.raventeam.repl.co:443
[2022-10-18 17:05:44,917] [DEBUG]: https://launchtracker.raventeam.repl.co:443 "GET /paths HTTP/1.1" 429 None
[2022-10-18 17:05:44,945] [DEBUG]: Starting new HTTPS connection (1): launchtracker.raventeam.repl.co:443
[2022-10-18 17:05:45,272] [DEBUG]: https://launchtracker.raventeam.repl.co:443 "GET /paths HTTP/1.1" 429 None
[2022-10-18 17:05:45,295] [DEBUG]: Starting new HTTPS connection (1): launchtracker.raventeam.repl.co:443
[2022-10-18 17:05:45,501] [ERROR]: HTTPSConnectionPool(host='launchtracker.raventeam.repl.co', port=443): Max retries exceeded with url: /paths (Caused by SSLError(SSLEOFError(8, 'EOF occurred in violation of protocol (_ssl.c:997)')))
[2022-10-18 17:05:45,506] [DEBUG]: Starting new HTTPS connection (1): launchtracker.raventeam.repl.co:443
[2022-10-18 17:05:45,861] [DEBUG]: https://launchtracker.raventeam.repl.co:443 "GET /paths HTTP/1.1" 429 None
[2022-10-18 17:05:45,904] [DEBUG]: Starting new HTTPS connection (1): launchtracker.raventeam.repl.co:443
[2022-10-18 17:05:46,270] [DEBUG]: https://launchtracker.raventeam.repl.co:443 "GET /paths HTTP/1.1" 429 None
[2022-10-18 17:05:46,289] [DEBUG]: Starting new HTTPS connection (1): launchtracker.raventeam.repl.co:443
[2022-10-18 17:05:51,734] [DEBUG]: https://launchtracker.raventeam.repl.co:443 "GET /paths HTTP/1.1" 429 None
[2022-10-18 17:05:51,773] [DEBUG]: Starting new HTTPS connection (1): launchtracker.raventeam.repl.co:443
[2022-10-18 17:05:52,324] [DEBUG]: https://launchtracker.raventeam.repl.co:443 "GET /paths HTTP/1.1" 429 None
[2022-10-18 17:05:52,334] [DEBUG]: Starting new HTTPS connection (1): launchtracker.raventeam.repl.co:443
[2022-10-18 17:05:57,669] [DEBUG]: https://launchtracker.raventeam.repl.co:443 "GET /paths HTTP/1.1" 429 None
[2022-10-18 17:05:57,717] [DEBUG]: Starting new HTTPS connection (1): launchtracker.raventeam.repl.co:443
[2022-10-18 17:05:58,078] [DEBUG]: https://launchtracker.raventeam.repl.co:443 "GET /paths HTTP/1.1" 429 None
[2022-10-18 17:05:58,120] [DEBUG]: Starting new HTTPS connection (1): launchtracker.raventeam.repl.co:443
[2022-10-18 17:05:58,530] [DEBUG]: https://launchtracker.raventeam.repl.co:443 "GET /paths HTTP/1.1" 429 None
[2022-10-18 17:05:58,549] [DEBUG]: Starting new HTTPS connection (1): launchtracker.raventeam.repl.co:443
[2022-10-18 17:05:59,002] [DEBUG]: https://launchtracker.raventeam.repl.co:443 "GET /paths HTTP/1.1" 429 None
[2022-10-18 17:05:59,043] [DEBUG]: Starting new HTTPS connection (1): launchtracker.raventeam.repl.co:443
[2022-10-18 17:05:59,384] [DEBUG]: https://launchtracker.raventeam.repl.co:443 "GET /paths HTTP/1.1" 429 None
[2022-10-18 17:05:59,406] [DEBUG]: Starting new HTTPS connection (1): launchtracker.raventeam.repl.co:443
[2022-10-18 17:05:59,918] [DEBUG]: https://launchtracker.raventeam.repl.co:443 "GET /paths HTTP/1.1" 429 None
[2022-10-18 17:05:59,942] [DEBUG]: Starting new HTTPS connection (1): launchtracker.raventeam.repl.co:443
[2022-10-18 17:06:05,421] [DEBUG]: https://launchtracker.raventeam.repl.co:443 "GET /paths HTTP/1.1" 404 None
[2022-10-18 17:06:05,427] [DEBUG]: Starting new HTTPS connection (1): launchtracker.raventeam.repl.co:443
[2022-10-18 17:06:05,988] [DEBUG]: https://launchtracker.raventeam.repl.co:443 "GET /paths HTTP/1.1" 429 None
[2022-10-18 17:06:05,997] [DEBUG]: Starting new HTTPS connection (1): launchtracker.raventeam.repl.co:443
[2022-10-18 17:06:06,346] [DEBUG]: https://launchtracker.raventeam.repl.co:443 "GET /paths HTTP/1.1" 429 None
[2022-10-18 17:06:06,382] [DEBUG]: Starting new HTTPS connection (1): launchtracker.raventeam.repl.co:443
[2022-10-18 17:06:06,718] [DEBUG]: https://launchtracker.raventeam.repl.co:443 "GET /paths HTTP/1.1" 429 None
[2022-10-18 17:06:06,727] [DEBUG]: Starting new HTTPS connection (1): launchtracker.raventeam.repl.co:443
[2022-10-18 17:06:07,074] [DEBUG]: https://launchtracker.raventeam.repl.co:443 "GET /paths HTTP/1.1" 429 None
[2022-10-18 17:06:07,095] [DEBUG]: Starting new HTTPS connection (1): launchtracker.raventeam.repl.co:443
[2022-10-18 17:06:07,579] [DEBUG]: https://launchtracker.raventeam.repl.co:443 "GET /paths HTTP/1.1" 429 None
[2022-10-18 17:06:07,616] [DEBUG]: Starting new HTTPS connection (1): launchtracker.raventeam.repl.co:443
[2022-10-18 17:06:13,015] [DEBUG]: https://launchtracker.raventeam.repl.co:443 "GET /paths HTTP/1.1" 404 None
[2022-10-18 17:06:13,021] [DEBUG]: Starting new HTTPS connection (1): launchtracker.raventeam.repl.co:443
[2022-10-18 17:06:13,372] [DEBUG]: https://launchtracker.raventeam.repl.co:443 "GET /paths HTTP/1.1" 429 None
[2022-10-18 17:06:13,389] [DEBUG]: Starting new HTTPS connection (1): launchtracker.raventeam.repl.co:443
[2022-10-18 17:06:13,728] [DEBUG]: https://launchtracker.raventeam.repl.co:443 "GET /paths HTTP/1.1" 429 None
[2022-10-18 17:06:13,778] [DEBUG]: Starting new HTTPS connection (1): launchtracker.raventeam.repl.co:443
[2022-10-18 17:06:14,130] [DEBUG]: https://launchtracker.raventeam.repl.co:443 "GET /paths HTTP/1.1" 429 None
[2022-10-18 17:06:14,173] [DEBUG]: Starting new HTTPS connection (1): launchtracker.raventeam.repl.co:443
[2022-10-18 17:06:19,508] [DEBUG]: https://launchtracker.raventeam.repl.co:443 "GET /paths HTTP/1.1" 429 None
[2022-10-18 17:06:19,531] [DEBUG]: Starting new HTTPS connection (1): launchtracker.raventeam.repl.co:443
[2022-10-18 17:06:20,274] [DEBUG]: https://launchtracker.raventeam.repl.co:443 "GET /paths HTTP/1.1" 429 None
[2022-10-18 17:06:20,298] [DEBUG]: Starting new HTTPS connection (1): launchtracker.raventeam.repl.co:443
[2022-10-18 17:06:20,789] [DEBUG]: https://launchtracker.raventeam.repl.co:443 "GET /paths HTTP/1.1" 429 None
[2022-10-18 17:06:20,831] [DEBUG]: Starting new HTTPS connection (1): launchtracker.raventeam.repl.co:443
[2022-10-18 17:06:21,170] [DEBUG]: https://launchtracker.raventeam.repl.co:443 "GET /paths HTTP/1.1" 429 None
[2022-10-18 17:06:21,179] [DEBUG]: Starting new HTTPS connection (1): launchtracker.raventeam.repl.co:443
[2022-10-18 17:06:21,530] [DEBUG]: https://launchtracker.raventeam.repl.co:443 "GET /paths HTTP/1.1" 429 None
[2022-10-18 17:06:21,544] [DEBUG]: Starting new HTTPS connection (1): launchtracker.raventeam.repl.co:443
[2022-10-18 17:06:22,116] [DEBUG]: https://launchtracker.raventeam.repl.co:443 "GET /paths HTTP/1.1" 429 None
[2022-10-18 17:06:22,154] [DEBUG]: Starting new HTTPS connection (1): launchtracker.raventeam.repl.co:443
[2022-10-18 17:06:22,542] [DEBUG]: https://launchtracker.raventeam.repl.co:443 "GET /paths HTTP/1.1" 429 None
[2022-10-18 17:06:22,569] [DEBUG]: Starting new HTTPS connection (1): launchtracker.raventeam.repl.co:443
[2022-10-18 17:06:26,163] [DEBUG]: Starting new HTTPS connection (1): api.hypixel.net:443
[2022-10-18 17:06:26,454] [DEBUG]: https://api.hypixel.net:443 "GET /key?key=8cd58181-1983-47c4-982a-b92a31705647 HTTP/1.1" 200 None
[2022-10-18 17:06:27,908] [DEBUG]: https://launchtracker.raventeam.repl.co:443 "GET /paths HTTP/1.1" 429 None
[2022-10-18 17:06:27,917] [DEBUG]: Starting new HTTPS connection (1): launchtracker.raventeam.repl.co:443
[2022-10-18 17:06:28,267] [DEBUG]: https://launchtracker.raventeam.repl.co:443 "GET /paths HTTP/1.1" 429 None
[2022-10-18 17:06:28,291] [DEBUG]: Starting new HTTPS connection (1): launchtracker.raventeam.repl.co:443
[2022-10-18 17:06:28,640] [DEBUG]: https://launchtracker.raventeam.repl.co:443 "GET /paths HTTP/1.1" 429 None
[2022-10-18 17:06:28,680] [DEBUG]: Starting new HTTPS connection (1): launchtracker.raventeam.repl.co:443
[2022-10-18 17:06:29,021] [DEBUG]: https://launchtracker.raventeam.repl.co:443 "GET /paths HTTP/1.1" 429 None
[2022-10-18 17:06:29,069] [DEBUG]: Starting new HTTPS connection (1): launchtracker.raventeam.repl.co:443
[2022-10-18 17:06:29,527] [DEBUG]: https://launchtracker.raventeam.repl.co:443 "GET /paths HTTP/1.1" 429 None
[2022-10-18 17:06:29,577] [DEBUG]: Starting new HTTPS connection (1): launchtracker.raventeam.repl.co:443
[2022-10-18 17:06:30,469] [DEBUG]: https://launchtracker.raventeam.repl.co:443 "GET /paths HTTP/1.1" 429 None
[2022-10-18 17:06:30,514] [DEBUG]: Starting new HTTPS connection (1): launchtracker.raventeam.repl.co:443
[2022-10-18 17:06:31,246] [DEBUG]: https://launchtracker.raventeam.repl.co:443 "GET /paths HTTP/1.1" 429 None
[2022-10-18 17:06:31,282] [DEBUG]: Starting new HTTPS connection (1): launchtracker.raventeam.repl.co:443
[2022-10-18 17:06:31,849] [DEBUG]: https://launchtracker.raventeam.repl.co:443 "GET /paths HTTP/1.1" 429 None
[2022-10-18 17:06:31,884] [DEBUG]: Starting new HTTPS connection (1): launchtracker.raventeam.repl.co:443
[2022-10-18 17:06:32,220] [DEBUG]: https://launchtracker.raventeam.repl.co:443 "GET /paths HTTP/1.1" 429 None
[2022-10-18 17:06:32,251] [DEBUG]: Starting new HTTPS connection (1): launchtracker.raventeam.repl.co:443
[2022-10-18 17:06:32,304] [INFO]: Nqturaljoined the queue!
[2022-10-18 17:06:32,305] [DEBUG]: Starting new HTTPS connection (1): api.mojang.com:443
[2022-10-18 17:06:32,498] [DEBUG]: https://api.mojang.com:443 "GET /users/profiles/minecraft/Nqtural HTTP/1.1" 200 58
[2022-10-18 17:06:32,510] [DEBUG]: Starting new HTTPS connection (1): api.hypixel.net:443
[2022-10-18 17:06:32,512] [INFO]: Joined new queue!
[2022-10-18 17:06:32,515] [DEBUG]: Nqtural was in cache
[2022-10-18 17:06:32,519] [DEBUG]: Started mass stat request: ['_Jango', 'RiceInMyVeins', 'montcleir_bear', 'compass432', 'Gravity402', 'SixQDH', 'UgotClappedup', 'smdfrfr', 'AntonBread1510', 'Ehrenmarmelade']
[2022-10-18 17:06:32,520] [DEBUG]: Started mass stat request: ['AdimMensch', 'Goldvogel', 'Zuil2', 'PeakyMiner']
[2022-10-18 17:06:32,521] [DEBUG]: Starting new HTTPS connection (1): api.mojang.com:443
[2022-10-18 17:06:32,521] [DEBUG]: Starting new HTTPS connection (1): api.mojang.com:443
[2022-10-18 17:06:32,582] [DEBUG]: https://launchtracker.raventeam.repl.co:443 "GET /paths HTTP/1.1" 429 None
[2022-10-18 17:06:32,595] [DEBUG]: Starting new HTTPS connection (1): launchtracker.raventeam.repl.co:443
[2022-10-18 17:06:32,734] [DEBUG]: https://api.hypixel.net:443 "GET /player?key=8cd58181-1983-47c4-982a-b92a31705647&uuid=42202eb599bf4a56b56625eded903200 HTTP/1.1" 200 None
[2022-10-18 17:06:32,742] [DEBUG]: https://api.mojang.com:443 "POST /profiles/minecraft HTTP/1.1" 200 628
[2022-10-18 17:06:32,755] [DEBUG]: Starting new HTTPS connection (1): api.hypixel.net:443
[2022-10-18 17:06:32,755] [DEBUG]: Starting new HTTPS connection (1): api.hypixel.net:443
[2022-10-18 17:06:32,756] [DEBUG]: Starting new HTTPS connection (1): api.hypixel.net:443
[2022-10-18 17:06:32,757] [DEBUG]: Starting new HTTPS connection (1): api.hypixel.net:443
[2022-10-18 17:06:32,757] [DEBUG]: Starting new HTTPS connection (1): api.hypixel.net:443
[2022-10-18 17:06:32,758] [DEBUG]: Starting new HTTPS connection (1): api.hypixel.net:443
[2022-10-18 17:06:32,759] [DEBUG]: Starting new HTTPS connection (1): api.hypixel.net:443
[2022-10-18 17:06:32,760] [DEBUG]: Starting new HTTPS connection (1): api.hypixel.net:443
[2022-10-18 17:06:32,760] [DEBUG]: Starting new HTTPS connection (1): api.hypixel.net:443
[2022-10-18 17:06:32,760] [DEBUG]: Starting new HTTPS connection (1): api.hypixel.net:443
[2022-10-18 17:06:32,913] [DEBUG]: https://launchtracker.raventeam.repl.co:443 "GET /paths HTTP/1.1" 429 None
[2022-10-18 17:06:32,931] [DEBUG]: Starting new HTTPS connection (1): launchtracker.raventeam.repl.co:443
[2022-10-18 17:06:32,944] [DEBUG]: https://api.hypixel.net:443 "GET /player?key=8cd58181-1983-47c4-982a-b92a31705647&uuid=44073412466140b4b35265bf5aae2796 HTTP/1.1" 200 None
[2022-10-18 17:06:32,948] [DEBUG]: https://api.hypixel.net:443 "GET /player?key=8cd58181-1983-47c4-982a-b92a31705647&uuid=de5266fab10140d18c9beae7342ea16e HTTP/1.1" 200 None
[2022-10-18 17:06:32,960] [DEBUG]: https://api.hypixel.net:443 "GET /player?key=8cd58181-1983-47c4-982a-b92a31705647&uuid=b76afcf350f84ba49d2ce20e674d7596 HTTP/1.1" 200 None
[2022-10-18 17:06:32,961] [DEBUG]: https://api.hypixel.net:443 "GET /player?key=8cd58181-1983-47c4-982a-b92a31705647&uuid=c26c32cd9e84417fa859d2b01106dd6d HTTP/1.1" 200 None
[2022-10-18 17:06:32,970] [DEBUG]: https://api.hypixel.net:443 "GET /player?key=8cd58181-1983-47c4-982a-b92a31705647&uuid=0bbabbe1f4b246f88a54a07c3762c0d4 HTTP/1.1" 200 None
[2022-10-18 17:06:32,978] [DEBUG]: https://api.hypixel.net:443 "GET /player?key=8cd58181-1983-47c4-982a-b92a31705647&uuid=08175201878d464c88a9bfffe04096f6 HTTP/1.1" 200 None
[2022-10-18 17:06:32,987] [DEBUG]: https://api.hypixel.net:443 "GET /player?key=8cd58181-1983-47c4-982a-b92a31705647&uuid=5c2f10950ad74a2f9d830e6889ff6973 HTTP/1.1" 200 None
[2022-10-18 17:06:32,990] [DEBUG]: https://api.hypixel.net:443 "GET /player?key=8cd58181-1983-47c4-982a-b92a31705647&uuid=45720981adec4bc7b5298d658cc3bde6 HTTP/1.1" 200 None
[2022-10-18 17:06:33,004] [DEBUG]: https://api.hypixel.net:443 "GET /player?key=8cd58181-1983-47c4-982a-b92a31705647&uuid=48702eb6cbc048768992e6bcdea79d97 HTTP/1.1" 200 None
[2022-10-18 17:06:33,011] [DEBUG]: https://api.hypixel.net:443 "GET /player?key=8cd58181-1983-47c4-982a-b92a31705647&uuid=ac65ddd1aadd4a798744507418b8b615 HTTP/1.1" 200 None
[2022-10-18 17:06:33,236] [INFO]: viruscodenourjoined the queue!
[2022-10-18 17:06:33,237] [DEBUG]: Starting new HTTPS connection (1): api.mojang.com:443
[2022-10-18 17:06:33,418] [DEBUG]: https://launchtracker.raventeam.repl.co:443 "GET /paths HTTP/1.1" 429 None
[2022-10-18 17:06:33,458] [DEBUG]: Starting new HTTPS connection (1): launchtracker.raventeam.repl.co:443
[2022-10-18 17:06:33,627] [DEBUG]: https://api.mojang.com:443 "GET /users/profiles/minecraft/viruscodenour HTTP/1.1" 200 64
[2022-10-18 17:06:33,639] [DEBUG]: Starting new HTTPS connection (1): api.hypixel.net:443
[2022-10-18 17:06:33,785] [DEBUG]: https://launchtracker.raventeam.repl.co:443 "GET /paths HTTP/1.1" 429 None
[2022-10-18 17:06:33,811] [DEBUG]: Starting new HTTPS connection (1): launchtracker.raventeam.repl.co:443
[2022-10-18 17:06:33,817] [DEBUG]: https://api.hypixel.net:443 "GET /player?key=8cd58181-1983-47c4-982a-b92a31705647&uuid=135ace78858142cfafd2a9b480047e8f HTTP/1.1" 200 None
[2022-10-18 17:06:34,254] [DEBUG]: https://launchtracker.raventeam.repl.co:443 "GET /paths HTTP/1.1" 429 None
[2022-10-18 17:06:34,289] [DEBUG]: Starting new HTTPS connection (1): launchtracker.raventeam.repl.co:443
[2022-10-18 17:06:34,745] [DEBUG]: https://launchtracker.raventeam.repl.co:443 "GET /paths HTTP/1.1" 429 None
[2022-10-18 17:06:34,773] [INFO]: Joined new queue!
[2022-10-18 17:06:34,776] [DEBUG]: Starting new HTTPS connection (1): launchtracker.raventeam.repl.co:443
[2022-10-18 17:06:34,777] [DEBUG]: _Jango was in cache
[2022-10-18 17:06:34,780] [DEBUG]: montcleir_bear was in cache
[2022-10-18 17:06:34,783] [DEBUG]: Gravity402 was in cache
[2022-10-18 17:06:34,786] [DEBUG]: UgotClappedup was in cache
[2022-10-18 17:06:34,790] [DEBUG]: AntonBread1510 was in cache
[2022-10-18 17:06:34,793] [DEBUG]: Nqtural was in cache
[2022-10-18 17:06:34,797] [DEBUG]: Started mass stat request: ['RiceInMyVeins', 'compass432', 'SixQDH', 'smdfrfr', 'Ehrenmarmelade', 'AdimMensch', 'Goldvogel', 'Zuil2', 'PeakyMiner', 'viruscodenour']
[2022-10-18 17:06:34,798] [DEBUG]: Starting new HTTPS connection (1): api.mojang.com:443
[2022-10-18 17:06:35,012] [DEBUG]: https://api.mojang.com:443 "POST /profiles/minecraft HTTP/1.1" 200 618
[2022-10-18 17:06:35,025] [DEBUG]: Starting new HTTPS connection (1): api.hypixel.net:443
[2022-10-18 17:06:35,026] [DEBUG]: Starting new HTTPS connection (1): api.hypixel.net:443
[2022-10-18 17:06:35,027] [DEBUG]: Starting new HTTPS connection (1): api.hypixel.net:443
[2022-10-18 17:06:35,028] [DEBUG]: Starting new HTTPS connection (1): api.hypixel.net:443
[2022-10-18 17:06:35,028] [DEBUG]: Starting new HTTPS connection (1): api.hypixel.net:443
[2022-10-18 17:06:35,029] [DEBUG]: Starting new HTTPS connection (1): api.hypixel.net:443
[2022-10-18 17:06:35,030] [DEBUG]: Starting new HTTPS connection (1): api.hypixel.net:443
[2022-10-18 17:06:35,031] [DEBUG]: Starting new HTTPS connection (1): api.hypixel.net:443
[2022-10-18 17:06:35,031] [DEBUG]: Starting new HTTPS connection (1): api.hypixel.net:443
[2022-10-18 17:06:35,031] [DEBUG]: Starting new HTTPS connection (1): api.hypixel.net:443
[2022-10-18 17:06:35,097] [DEBUG]: https://launchtracker.raventeam.repl.co:443 "GET /paths HTTP/1.1" 429 None
[2022-10-18 17:06:35,127] [DEBUG]: Starting new HTTPS connection (1): launchtracker.raventeam.repl.co:443
[2022-10-18 17:06:35,206] [DEBUG]: https://api.hypixel.net:443 "GET /player?key=8cd58181-1983-47c4-982a-b92a31705647&uuid=08175201878d464c88a9bfffe04096f6 HTTP/1.1" 200 None
[2022-10-18 17:06:35,211] [DEBUG]: https://api.hypixel.net:443 "GET /player?key=8cd58181-1983-47c4-982a-b92a31705647&uuid=81c1c2f23626424896970055cdb328f1 HTTP/1.1" 200 None
[2022-10-18 17:06:35,222] [DEBUG]: https://api.hypixel.net:443 "GET /player?key=8cd58181-1983-47c4-982a-b92a31705647&uuid=5c2f10950ad74a2f9d830e6889ff6973 HTTP/1.1" 200 None
[2022-10-18 17:06:35,223] [DEBUG]: https://api.hypixel.net:443 "GET /player?key=8cd58181-1983-47c4-982a-b92a31705647&uuid=469cd7eaddcf4c05bc4607c4527d7347 HTTP/1.1" 200 None
[2022-10-18 17:06:35,229] [DEBUG]: https://api.hypixel.net:443 "GET /player?key=8cd58181-1983-47c4-982a-b92a31705647&uuid=bd0aeb1d265c42c8b074997d475d0d94 HTTP/1.1" 200 None
[2022-10-18 17:06:35,232] [DEBUG]: https://api.hypixel.net:443 "GET /player?key=8cd58181-1983-47c4-982a-b92a31705647&uuid=44073412466140b4b35265bf5aae2796 HTTP/1.1" 200 None
[2022-10-18 17:06:35,234] [DEBUG]: https://api.hypixel.net:443 "GET /player?key=8cd58181-1983-47c4-982a-b92a31705647&uuid=f947403adaef41279d1a5832c7991bb1 HTTP/1.1" 200 None
[2022-10-18 17:06:35,244] [DEBUG]: https://api.hypixel.net:443 "GET /player?key=8cd58181-1983-47c4-982a-b92a31705647&uuid=45720981adec4bc7b5298d658cc3bde6 HTTP/1.1" 200 None
[2022-10-18 17:06:35,246] [DEBUG]: https://api.hypixel.net:443 "GET /player?key=8cd58181-1983-47c4-982a-b92a31705647&uuid=de5266fab10140d18c9beae7342ea16e HTTP/1.1" 200 None
[2022-10-18 17:06:35,280] [DEBUG]: https://api.hypixel.net:443 "GET /player?key=8cd58181-1983-47c4-982a-b92a31705647&uuid=135ace78858142cfafd2a9b480047e8f HTTP/1.1" 200 None
[2022-10-18 17:06:37,950] [DEBUG]: https://api.mojang.com:443 "POST /profiles/minecraft HTTP/1.1" 200 243
[2022-10-18 17:06:37,962] [DEBUG]: Starting new HTTPS connection (1): api.hypixel.net:443
[2022-10-18 17:06:37,964] [DEBUG]: Starting new HTTPS connection (1): api.hypixel.net:443
[2022-10-18 17:06:37,964] [DEBUG]: Starting new HTTPS connection (1): api.hypixel.net:443
[2022-10-18 17:06:37,965] [DEBUG]: Starting new HTTPS connection (1): api.hypixel.net:443
[2022-10-18 17:06:38,145] [DEBUG]: https://api.hypixel.net:443 "GET /player?key=8cd58181-1983-47c4-982a-b92a31705647&uuid=f947403adaef41279d1a5832c7991bb1 HTTP/1.1" 200 None
[2022-10-18 17:06:38,151] [DEBUG]: https://api.hypixel.net:443 "GET /player?key=8cd58181-1983-47c4-982a-b92a31705647&uuid=81c1c2f23626424896970055cdb328f1 HTTP/1.1" 200 None
[2022-10-18 17:06:38,153] [DEBUG]: https://api.hypixel.net:443 "GET /player?key=8cd58181-1983-47c4-982a-b92a31705647&uuid=469cd7eaddcf4c05bc4607c4527d7347 HTTP/1.1" 200 None
[2022-10-18 17:06:38,162] [DEBUG]: https://api.hypixel.net:443 "GET /player?key=8cd58181-1983-47c4-982a-b92a31705647&uuid=bd0aeb1d265c42c8b074997d475d0d94 HTTP/1.1" 200 None
[2022-10-18 17:06:40,407] [DEBUG]: https://launchtracker.raventeam.repl.co:443 "GET /paths HTTP/1.1" 429 None
[2022-10-18 17:06:40,427] [DEBUG]: Starting new HTTPS connection (1): launchtracker.raventeam.repl.co:443
[2022-10-18 17:06:40,984] [DEBUG]: https://launchtracker.raventeam.repl.co:443 "GET /paths HTTP/1.1" 429 None
[2022-10-18 17:06:40,992] [DEBUG]: Starting new HTTPS connection (1): launchtracker.raventeam.repl.co:443
