[2022-10-18 18:03:24,341] [DEBUG]: Starting new HTTPS connection (1): raw.githubusercontent.com:443
[2022-10-18 18:03:24,381] [DEBUG]: https://raw.githubusercontent.com:443 "GET /Kopamed/PyOverlay/main/PyOverlay.py HTTP/1.1" 200 8501
[2022-10-18 18:03:24,383] [DEBUG]: Starting new HTTPS connection (1): launchtracker.raventeam.repl.co:443
[2022-10-18 18:03:24,936] [DEBUG]: https://launchtracker.raventeam.repl.co:443 "GET /paths HTTP/1.1" 429 None
[2022-10-18 18:03:24,948] [DEBUG]: Starting new HTTPS connection (1): launchtracker.raventeam.repl.co:443
[2022-10-18 18:03:25,305] [DEBUG]: https://launchtracker.raventeam.repl.co:443 "GET /paths HTTP/1.1" 429 None
[2022-10-18 18:03:25,360] [DEBUG]: Starting new HTTPS connection (1): launchtracker.raventeam.repl.co:443
[2022-10-18 18:03:25,933] [DEBUG]: https://launchtracker.raventeam.repl.co:443 "GET /paths HTTP/1.1" 429 None
[2022-10-18 18:03:25,958] [DEBUG]: Starting new HTTPS connection (1): api.hypixel.net:443
[2022-10-18 18:03:25,961] [DEBUG]: Starting new HTTPS connection (1): launchtracker.raventeam.repl.co:443
[2022-10-18 18:03:26,153] [DEBUG]: https://api.hypixel.net:443 "GET /key?key=8cd58181-1983-47c4-982a-b92a31705647 HTTP/1.1" 200 None
[2022-10-18 18:03:26,545] [DEBUG]: https://launchtracker.raventeam.repl.co:443 "GET /paths HTTP/1.1" 429 None
[2022-10-18 18:03:26,596] [DEBUG]: Starting new HTTPS connection (1): launchtracker.raventeam.repl.co:443
[2022-10-18 18:03:26,933] [DEBUG]: https://launchtracker.raventeam.repl.co:443 "GET /paths HTTP/1.1" 429 None
[2022-10-18 18:03:26,982] [DEBUG]: Starting new HTTPS connection (1): launchtracker.raventeam.repl.co:443
[2022-10-18 18:03:27,468] [DEBUG]: https://launchtracker.raventeam.repl.co:443 "GET /paths HTTP/1.1" 429 None
[2022-10-18 18:03:27,501] [DEBUG]: Starting new HTTPS connection (1): launchtracker.raventeam.repl.co:443
[2022-10-18 18:03:27,831] [DEBUG]: https://launchtracker.raventeam.repl.co:443 "GET /paths HTTP/1.1" 429 None
[2022-10-18 18:03:27,876] [DEBUG]: Starting new HTTPS connection (1): launchtracker.raventeam.repl.co:443
[2022-10-18 18:03:28,194] [DEBUG]: https://launchtracker.raventeam.repl.co:443 "GET /paths HTTP/1.1" 429 None
[2022-10-18 18:03:28,237] [DEBUG]: Starting new HTTPS connection (1): launchtracker.raventeam.repl.co:443
[2022-10-18 18:03:28,572] [DEBUG]: https://launchtracker.raventeam.repl.co:443 "GET /paths HTTP/1.1" 429 None
[2022-10-18 18:03:28,591] [DEBUG]: Starting new HTTPS connection (1): launchtracker.raventeam.repl.co:443
[2022-10-18 18:03:28,919] [DEBUG]: https://launchtracker.raventeam.repl.co:443 "GET /paths HTTP/1.1" 429 None
[2022-10-18 18:03:28,924] [DEBUG]: Starting new HTTPS connection (1): launchtracker.raventeam.repl.co:443
[2022-10-18 18:03:30,565] [INFO]: Nqturaljoined the queue!
[2022-10-18 18:03:30,566] [DEBUG]: Starting new HTTPS connection (1): api.mojang.com:443
[2022-10-18 18:03:30,669] [INFO]: Joined new queue!
[2022-10-18 18:03:30,673] [DEBUG]: Started mass stat request: ['qtural']
[2022-10-18 18:03:30,674] [DEBUG]: Starting new HTTPS connection (1): api.mojang.com:443
[2022-10-18 18:03:30,762] [DEBUG]: https://api.mojang.com:443 "GET /users/profiles/minecraft/Nqtural HTTP/1.1" 200 58
[2022-10-18 18:03:30,774] [DEBUG]: Starting new HTTPS connection (1): api.hypixel.net:443
[2022-10-18 18:03:30,893] [DEBUG]: https://api.mojang.com:443 "POST /profiles/minecraft HTTP/1.1" 200 None
[2022-10-18 18:03:30,974] [DEBUG]: https://api.hypixel.net:443 "GET /player?key=8cd58181-1983-47c4-982a-b92a31705647&uuid=42202eb599bf4a56b56625eded903200 HTTP/1.1" 200 None
[2022-10-18 18:03:34,325] [DEBUG]: https://launchtracker.raventeam.repl.co:443 "GET /paths HTTP/1.1" 429 None
[2022-10-18 18:03:34,358] [DEBUG]: Starting new HTTPS connection (1): launchtracker.raventeam.repl.co:443
[2022-10-18 18:03:34,906] [DEBUG]: https://launchtracker.raventeam.repl.co:443 "GET /paths HTTP/1.1" 429 None
[2022-10-18 18:03:34,914] [DEBUG]: Starting new HTTPS connection (1): launchtracker.raventeam.repl.co:443
[2022-10-18 18:03:35,239] [DEBUG]: https://launchtracker.raventeam.repl.co:443 "GET /paths HTTP/1.1" 429 None
[2022-10-18 18:03:35,258] [DEBUG]: Starting new HTTPS connection (1): launchtracker.raventeam.repl.co:443
[2022-10-18 18:03:35,389] [INFO]: piotreq222joined the queue!
[2022-10-18 18:03:35,390] [DEBUG]: Starting new HTTPS connection (1): api.mojang.com:443
[2022-10-18 18:03:35,563] [DEBUG]: https://api.mojang.com:443 "GET /users/profiles/minecraft/piotreq222 HTTP/1.1" 200 61
[2022-10-18 18:03:35,575] [DEBUG]: Starting new HTTPS connection (1): api.hypixel.net:443
[2022-10-18 18:03:35,584] [DEBUG]: https://launchtracker.raventeam.repl.co:443 "GET /paths HTTP/1.1" 429 None
[2022-10-18 18:03:35,631] [DEBUG]: Starting new HTTPS connection (1): launchtracker.raventeam.repl.co:443
[2022-10-18 18:03:35,781] [DEBUG]: https://api.hypixel.net:443 "GET /player?key=8cd58181-1983-47c4-982a-b92a31705647&uuid=aaeda50df2204b6e852d09c83e056fbb HTTP/1.1" 200 None
[2022-10-18 18:03:36,082] [DEBUG]: https://launchtracker.raventeam.repl.co:443 "GET /paths HTTP/1.1" 429 None
[2022-10-18 18:03:36,122] [DEBUG]: Starting new HTTPS connection (1): launchtracker.raventeam.repl.co:443
[2022-10-18 18:03:36,443] [DEBUG]: https://launchtracker.raventeam.repl.co:443 "GET /paths HTTP/1.1" 429 None
[2022-10-18 18:03:36,467] [DEBUG]: Starting new HTTPS connection (1): launchtracker.raventeam.repl.co:443
[2022-10-18 18:03:36,793] [DEBUG]: https://launchtracker.raventeam.repl.co:443 "GET /paths HTTP/1.1" 429 None
[2022-10-18 18:03:36,799] [DEBUG]: Starting new HTTPS connection (1): launchtracker.raventeam.repl.co:443
[2022-10-18 18:03:36,900] [INFO]: Stickanecoolingjoined the queue!
[2022-10-18 18:03:36,901] [DEBUG]: Starting new HTTPS connection (1): api.mojang.com:443
[2022-10-18 18:03:37,085] [DEBUG]: https://api.mojang.com:443 "GET /users/profiles/minecraft/Stickanecooling HTTP/1.1" 200 66
[2022-10-18 18:03:37,097] [DEBUG]: Starting new HTTPS connection (1): api.hypixel.net:443
[2022-10-18 18:03:37,115] [DEBUG]: https://launchtracker.raventeam.repl.co:443 "GET /paths HTTP/1.1" 429 None
[2022-10-18 18:03:37,121] [DEBUG]: Starting new HTTPS connection (1): launchtracker.raventeam.repl.co:443
[2022-10-18 18:03:37,297] [DEBUG]: https://api.hypixel.net:443 "GET /player?key=8cd58181-1983-47c4-982a-b92a31705647&uuid=041e2201f05045c18e600924a00eeeb7 HTTP/1.1" 200 None
[2022-10-18 18:03:41,921] [INFO]: Joined new queue!
[2022-10-18 18:03:41,925] [DEBUG]: qtural was in cache
[2022-10-18 18:03:41,928] [DEBUG]: Stickanecooling was in cache
[2022-10-18 18:03:41,931] [DEBUG]: Started mass stat request: ['piotreq222']
[2022-10-18 18:03:41,932] [DEBUG]: Starting new HTTPS connection (1): api.mojang.com:443
[2022-10-18 18:03:42,229] [DEBUG]: https://api.mojang.com:443 "POST /profiles/minecraft HTTP/1.1" 200 63
[2022-10-18 18:03:42,241] [DEBUG]: Starting new HTTPS connection (1): api.hypixel.net:443
[2022-10-18 18:03:42,467] [DEBUG]: https://api.hypixel.net:443 "GET /player?key=8cd58181-1983-47c4-982a-b92a31705647&uuid=aaeda50df2204b6e852d09c83e056fbb HTTP/1.1" 200 None
[2022-10-18 18:03:42,600] [DEBUG]: https://launchtracker.raventeam.repl.co:443 "GET /paths HTTP/1.1" 404 None
[2022-10-18 18:03:42,614] [DEBUG]: Starting new HTTPS connection (1): launchtracker.raventeam.repl.co:443
[2022-10-18 18:03:42,835] [INFO]: Kiskos55joined the queue!
[2022-10-18 18:03:42,836] [DEBUG]: Starting new HTTPS connection (1): api.mojang.com:443
[2022-10-18 18:03:42,840] [INFO]: Marcella922joined the queue!
[2022-10-18 18:03:42,841] [DEBUG]: Starting new HTTPS connection (1): api.mojang.com:443
[2022-10-18 18:03:43,222] [DEBUG]: https://api.mojang.com:443 "GET /users/profiles/minecraft/Kiskos55 HTTP/1.1" 200 59
[2022-10-18 18:03:43,224] [DEBUG]: https://api.mojang.com:443 "GET /users/profiles/minecraft/Marcella922 HTTP/1.1" 200 None
[2022-10-18 18:03:43,234] [DEBUG]: Starting new HTTPS connection (1): api.hypixel.net:443
[2022-10-18 18:03:43,235] [DEBUG]: Starting new HTTPS connection (1): api.hypixel.net:443
[2022-10-18 18:03:43,417] [DEBUG]: https://api.hypixel.net:443 "GET /player?key=8cd58181-1983-47c4-982a-b92a31705647&uuid=71cd8c97e30446c68b456920502c1800 HTTP/1.1" 200 None
[2022-10-18 18:03:43,453] [DEBUG]: https://api.hypixel.net:443 "GET /player?key=8cd58181-1983-47c4-982a-b92a31705647&uuid=ee1772c45d894f1ea900a7569ebed180 HTTP/1.1" 200 None
[2022-10-18 18:03:45,854] [INFO]: DudeinWhite31012joined the queue!
[2022-10-18 18:03:45,855] [DEBUG]: Starting new HTTPS connection (1): api.mojang.com:443
[2022-10-18 18:03:45,859] [INFO]: Fawn63932joined the queue!
[2022-10-18 18:03:45,860] [DEBUG]: Starting new HTTPS connection (1): api.mojang.com:443
[2022-10-18 18:03:46,043] [DEBUG]: https://api.mojang.com:443 "GET /users/profiles/minecraft/DudeinWhite31012 HTTP/1.1" 200 67
[2022-10-18 18:03:46,055] [DEBUG]: Starting new HTTPS connection (1): api.hypixel.net:443
[2022-10-18 18:03:46,243] [DEBUG]: https://api.mojang.com:443 "GET /users/profiles/minecraft/Fawn63932 HTTP/1.1" 200 60
[2022-10-18 18:03:46,255] [DEBUG]: Starting new HTTPS connection (1): api.hypixel.net:443
[2022-10-18 18:03:46,263] [DEBUG]: https://api.hypixel.net:443 "GET /player?key=8cd58181-1983-47c4-982a-b92a31705647&uuid=95ca5d7747964208bda4b203165babc0 HTTP/1.1" 200 None
[2022-10-18 18:03:46,430] [DEBUG]: https://api.hypixel.net:443 "GET /player?key=8cd58181-1983-47c4-982a-b92a31705647&uuid=ed9afcb7fbc24d04a18bef436fa7bba2 HTTP/1.1" 200 None
[2022-10-18 18:03:48,156] [DEBUG]: https://launchtracker.raventeam.repl.co:443 "GET /paths HTTP/1.1" 429 None
[2022-10-18 18:03:48,163] [DEBUG]: Starting new HTTPS connection (1): launchtracker.raventeam.repl.co:443
[2022-10-18 18:03:48,496] [DEBUG]: https://launchtracker.raventeam.repl.co:443 "GET /paths HTTP/1.1" 429 None
[2022-10-18 18:03:48,539] [DEBUG]: Starting new HTTPS connection (1): launchtracker.raventeam.repl.co:443
[2022-10-18 18:03:48,886] [DEBUG]: https://launchtracker.raventeam.repl.co:443 "GET /paths HTTP/1.1" 429 None
[2022-10-18 18:03:48,902] [DEBUG]: Starting new HTTPS connection (1): launchtracker.raventeam.repl.co:443
[2022-10-18 18:03:49,234] [DEBUG]: https://launchtracker.raventeam.repl.co:443 "GET /paths HTTP/1.1" 429 None
[2022-10-18 18:03:49,272] [DEBUG]: Starting new HTTPS connection (1): launchtracker.raventeam.repl.co:443
[2022-10-18 18:03:49,758] [DEBUG]: https://launchtracker.raventeam.repl.co:443 "GET /paths HTTP/1.1" 429 None
[2022-10-18 18:03:49,793] [DEBUG]: Starting new HTTPS connection (1): launchtracker.raventeam.repl.co:443
[2022-10-18 18:03:50,913] [DEBUG]: https://launchtracker.raventeam.repl.co:443 "GET /paths HTTP/1.1" 429 None
[2022-10-18 18:03:50,969] [DEBUG]: Starting new HTTPS connection (1): launchtracker.raventeam.repl.co:443
[2022-10-18 18:03:56,302] [DEBUG]: https://launchtracker.raventeam.repl.co:443 "GET /paths HTTP/1.1" 429 None
[2022-10-18 18:03:56,307] [DEBUG]: Starting new HTTPS connection (1): launchtracker.raventeam.repl.co:443
[2022-10-18 18:03:56,795] [DEBUG]: https://launchtracker.raventeam.repl.co:443 "GET /paths HTTP/1.1" 429 None
[2022-10-18 18:03:56,832] [DEBUG]: Starting new HTTPS connection (1): launchtracker.raventeam.repl.co:443
[2022-10-18 18:04:02,275] [DEBUG]: https://launchtracker.raventeam.repl.co:443 "GET /paths HTTP/1.1" 429 None
[2022-10-18 18:04:02,323] [DEBUG]: Starting new HTTPS connection (1): launchtracker.raventeam.repl.co:443
[2022-10-18 18:04:07,878] [DEBUG]: https://launchtracker.raventeam.repl.co:443 "GET /paths HTTP/1.1" 404 None
[2022-10-18 18:04:07,886] [DEBUG]: Starting new HTTPS connection (1): launchtracker.raventeam.repl.co:443
[2022-10-18 18:04:13,386] [DEBUG]: https://launchtracker.raventeam.repl.co:443 "GET /paths HTTP/1.1" 404 None
[2022-10-18 18:04:13,390] [DEBUG]: Starting new HTTPS connection (1): launchtracker.raventeam.repl.co:443
[2022-10-18 18:04:13,947] [DEBUG]: https://launchtracker.raventeam.repl.co:443 "GET /paths HTTP/1.1" 429 None
[2022-10-18 18:04:13,976] [DEBUG]: Starting new HTTPS connection (1): launchtracker.raventeam.repl.co:443
[2022-10-18 18:04:14,462] [DEBUG]: https://launchtracker.raventeam.repl.co:443 "GET /paths HTTP/1.1" 429 None
[2022-10-18 18:04:14,500] [DEBUG]: Starting new HTTPS connection (1): launchtracker.raventeam.repl.co:443
[2022-10-18 18:04:14,989] [DEBUG]: https://launchtracker.raventeam.repl.co:443 "GET /paths HTTP/1.1" 429 None
[2022-10-18 18:04:15,026] [DEBUG]: Starting new HTTPS connection (1): launchtracker.raventeam.repl.co:443
[2022-10-18 18:04:15,514] [DEBUG]: https://launchtracker.raventeam.repl.co:443 "GET /paths HTTP/1.1" 429 None
[2022-10-18 18:04:15,549] [DEBUG]: Starting new HTTPS connection (1): launchtracker.raventeam.repl.co:443
[2022-10-18 18:04:15,893] [DEBUG]: https://launchtracker.raventeam.repl.co:443 "GET /paths HTTP/1.1" 429 None
[2022-10-18 18:04:15,908] [DEBUG]: Starting new HTTPS connection (1): launchtracker.raventeam.repl.co:443
[2022-10-18 18:04:16,253] [DEBUG]: https://launchtracker.raventeam.repl.co:443 "GET /paths HTTP/1.1" 429 None
[2022-10-18 18:04:16,282] [DEBUG]: Starting new HTTPS connection (1): launchtracker.raventeam.repl.co:443
[2022-10-18 18:04:21,760] [DEBUG]: https://launchtracker.raventeam.repl.co:443 "GET /paths HTTP/1.1" 404 None
[2022-10-18 18:04:21,771] [DEBUG]: Starting new HTTPS connection (1): launchtracker.raventeam.repl.co:443
[2022-10-18 18:04:22,350] [DEBUG]: https://launchtracker.raventeam.repl.co:443 "GET /paths HTTP/1.1" 429 None
[2022-10-18 18:04:22,374] [DEBUG]: Starting new HTTPS connection (1): launchtracker.raventeam.repl.co:443
[2022-10-18 18:04:22,760] [DEBUG]: https://launchtracker.raventeam.repl.co:443 "GET /paths HTTP/1.1" 429 None
[2022-10-18 18:04:22,785] [DEBUG]: Starting new HTTPS connection (1): launchtracker.raventeam.repl.co:443
[2022-10-18 18:04:23,149] [DEBUG]: https://launchtracker.raventeam.repl.co:443 "GET /paths HTTP/1.1" 429 None
[2022-10-18 18:04:23,171] [DEBUG]: Starting new HTTPS connection (1): launchtracker.raventeam.repl.co:443
[2022-10-18 18:04:23,729] [DEBUG]: https://launchtracker.raventeam.repl.co:443 "GET /paths HTTP/1.1" 429 None
[2022-10-18 18:04:23,758] [DEBUG]: Starting new HTTPS connection (1): launchtracker.raventeam.repl.co:443
[2022-10-18 18:04:24,100] [DEBUG]: https://launchtracker.raventeam.repl.co:443 "GET /paths HTTP/1.1" 429 None
[2022-10-18 18:04:24,149] [DEBUG]: Starting new HTTPS connection (1): launchtracker.raventeam.repl.co:443
[2022-10-18 18:04:24,489] [DEBUG]: https://launchtracker.raventeam.repl.co:443 "GET /paths HTTP/1.1" 429 None
[2022-10-18 18:04:24,515] [DEBUG]: Starting new HTTPS connection (1): launchtracker.raventeam.repl.co:443
[2022-10-18 18:04:29,943] [DEBUG]: https://launchtracker.raventeam.repl.co:443 "GET /paths HTTP/1.1" 429 None
[2022-10-18 18:04:29,983] [DEBUG]: Starting new HTTPS connection (1): launchtracker.raventeam.repl.co:443
[2022-10-18 18:04:30,349] [DEBUG]: https://launchtracker.raventeam.repl.co:443 "GET /paths HTTP/1.1" 429 None
[2022-10-18 18:04:30,370] [DEBUG]: Starting new HTTPS connection (1): launchtracker.raventeam.repl.co:443
[2022-10-18 18:04:35,951] [DEBUG]: https://launchtracker.raventeam.repl.co:443 "GET /paths HTTP/1.1" 429 None
[2022-10-18 18:04:35,960] [DEBUG]: Starting new HTTPS connection (1): launchtracker.raventeam.repl.co:443
[2022-10-18 18:04:41,479] [DEBUG]: https://launchtracker.raventeam.repl.co:443 "GET /paths HTTP/1.1" 429 None
[2022-10-18 18:04:41,499] [DEBUG]: Starting new HTTPS connection (1): launchtracker.raventeam.repl.co:443
[2022-10-18 18:04:41,832] [DEBUG]: https://launchtracker.raventeam.repl.co:443 "GET /paths HTTP/1.1" 429 None
[2022-10-18 18:04:41,841] [DEBUG]: Starting new HTTPS connection (1): launchtracker.raventeam.repl.co:443
[2022-10-18 18:04:42,185] [DEBUG]: https://launchtracker.raventeam.repl.co:443 "GET /paths HTTP/1.1" 429 None
[2022-10-18 18:04:42,204] [DEBUG]: Starting new HTTPS connection (1): launchtracker.raventeam.repl.co:443
[2022-10-18 18:04:42,538] [DEBUG]: https://launchtracker.raventeam.repl.co:443 "GET /paths HTTP/1.1" 429 None
[2022-10-18 18:04:42,580] [DEBUG]: Starting new HTTPS connection (1): launchtracker.raventeam.repl.co:443
[2022-10-18 18:04:43,060] [DEBUG]: https://launchtracker.raventeam.repl.co:443 "GET /paths HTTP/1.1" 429 None
[2022-10-18 18:04:43,095] [DEBUG]: Starting new HTTPS connection (1): launchtracker.raventeam.repl.co:443
[2022-10-18 18:04:43,447] [DEBUG]: https://launchtracker.raventeam.repl.co:443 "GET /paths HTTP/1.1" 429 None
[2022-10-18 18:04:43,452] [DEBUG]: Starting new HTTPS connection (1): launchtracker.raventeam.repl.co:443
[2022-10-18 18:04:49,185] [DEBUG]: https://launchtracker.raventeam.repl.co:443 "GET /paths HTTP/1.1" 429 None
[2022-10-18 18:04:49,220] [DEBUG]: Starting new HTTPS connection (1): launchtracker.raventeam.repl.co:443
[2022-10-18 18:04:49,550] [DEBUG]: https://launchtracker.raventeam.repl.co:443 "GET /paths HTTP/1.1" 429 None
[2022-10-18 18:04:49,594] [DEBUG]: Starting new HTTPS connection (1): launchtracker.raventeam.repl.co:443
[2022-10-18 18:04:52,285] [DEBUG]: connecting to mc.hypixel.net
[2022-10-18 18:04:54,893] [DEBUG]: https://launchtracker.raventeam.repl.co:443 "GET /paths HTTP/1.1" 429 None
[2022-10-18 18:04:54,913] [DEBUG]: Starting new HTTPS connection (1): launchtracker.raventeam.repl.co:443
[2022-10-18 18:04:55,278] [DEBUG]: https://launchtracker.raventeam.repl.co:443 "GET /paths HTTP/1.1" 429 None
[2022-10-18 18:04:55,308] [DEBUG]: Starting new HTTPS connection (1): launchtracker.raventeam.repl.co:443
[2022-10-18 18:04:55,756] [DEBUG]: https://launchtracker.raventeam.repl.co:443 "GET /paths HTTP/1.1" 429 None
[2022-10-18 18:04:55,795] [DEBUG]: Starting new HTTPS connection (1): launchtracker.raventeam.repl.co:443
[2022-10-18 18:04:56,130] [DEBUG]: https://launchtracker.raventeam.repl.co:443 "GET /paths HTTP/1.1" 429 None
[2022-10-18 18:04:56,135] [DEBUG]: Starting new HTTPS connection (1): launchtracker.raventeam.repl.co:443
[2022-10-18 18:04:56,477] [DEBUG]: https://launchtracker.raventeam.repl.co:443 "GET /paths HTTP/1.1" 429 None
[2022-10-18 18:04:56,517] [DEBUG]: Starting new HTTPS connection (1): launchtracker.raventeam.repl.co:443
[2022-10-18 18:04:57,004] [DEBUG]: https://launchtracker.raventeam.repl.co:443 "GET /paths HTTP/1.1" 429 None
[2022-10-18 18:04:57,039] [DEBUG]: Starting new HTTPS connection (1): launchtracker.raventeam.repl.co:443
[2022-10-18 18:05:02,361] [DEBUG]: https://launchtracker.raventeam.repl.co:443 "GET /paths HTTP/1.1" 404 None
[2022-10-18 18:05:02,375] [DEBUG]: Starting new HTTPS connection (1): launchtracker.raventeam.repl.co:443
[2022-10-18 18:05:03,110] [DEBUG]: https://launchtracker.raventeam.repl.co:443 "GET /paths HTTP/1.1" 429 None
[2022-10-18 18:05:03,130] [DEBUG]: Starting new HTTPS connection (1): launchtracker.raventeam.repl.co:443
[2022-10-18 18:05:03,471] [DEBUG]: https://launchtracker.raventeam.repl.co:443 "GET /paths HTTP/1.1" 429 None
[2022-10-18 18:05:03,518] [DEBUG]: Starting new HTTPS connection (1): launchtracker.raventeam.repl.co:443
[2022-10-18 18:05:03,853] [DEBUG]: https://launchtracker.raventeam.repl.co:443 "GET /paths HTTP/1.1" 429 None
[2022-10-18 18:05:03,907] [DEBUG]: Starting new HTTPS connection (1): launchtracker.raventeam.repl.co:443
[2022-10-18 18:05:04,347] [INFO]: ilyBreezjoined the queue!
[2022-10-18 18:05:04,348] [DEBUG]: Starting new HTTPS connection (1): api.mojang.com:443
[2022-10-18 18:05:04,552] [INFO]: Joined new queue!
[2022-10-18 18:05:04,554] [DEBUG]: https://api.mojang.com:443 "GET /users/profiles/minecraft/ilyBreez HTTP/1.1" 200 59
[2022-10-18 18:05:04,555] [DEBUG]: ilyBreez was in cache
[2022-10-18 18:05:04,558] [DEBUG]: Started mass stat request: ['JayZagreb', 'SnrMr_DrisertyYT', 'BigHeidema', 'Ghostrunner076', 'YudioXD', 'Mr_Johs', 'Adas25', 'VinnieMG11', 'AndrzejDobryTata', 'nethertoni']
[2022-10-18 18:05:04,559] [DEBUG]: Starting new HTTPS connection (1): api.mojang.com:443
[2022-10-18 18:05:04,559] [DEBUG]: Started mass stat request: ['Mankey33', 't_emo', 'Bimbao', 'lenoobapaladium']
[2022-10-18 18:05:04,560] [DEBUG]: Starting new HTTPS connection (1): api.mojang.com:443
[2022-10-18 18:05:04,565] [DEBUG]: Starting new HTTPS connection (1): api.hypixel.net:443
[2022-10-18 18:05:04,742] [DEBUG]: https://api.hypixel.net:443 "GET /player?key=8cd58181-1983-47c4-982a-b92a31705647&uuid=be3402e08dbd439e91899f577dad607f HTTP/1.1" 200 None
[2022-10-18 18:05:04,770] [DEBUG]: https://api.mojang.com:443 "POST /profiles/minecraft HTTP/1.1" 200 243
[2022-10-18 18:05:04,782] [DEBUG]: Starting new HTTPS connection (1): api.hypixel.net:443
[2022-10-18 18:05:04,784] [DEBUG]: Starting new HTTPS connection (1): api.hypixel.net:443
[2022-10-18 18:05:04,784] [DEBUG]: https://api.mojang.com:443 "POST /profiles/minecraft HTTP/1.1" 200 626
[2022-10-18 18:05:04,785] [DEBUG]: Starting new HTTPS connection (1): api.hypixel.net:443
[2022-10-18 18:05:04,786] [DEBUG]: Starting new HTTPS connection (1): api.hypixel.net:443
[2022-10-18 18:05:04,797] [DEBUG]: Starting new HTTPS connection (1): api.hypixel.net:443
[2022-10-18 18:05:04,798] [DEBUG]: Starting new HTTPS connection (1): api.hypixel.net:443
[2022-10-18 18:05:04,799] [DEBUG]: Starting new HTTPS connection (1): api.hypixel.net:443
[2022-10-18 18:05:04,799] [DEBUG]: Starting new HTTPS connection (1): api.hypixel.net:443
[2022-10-18 18:05:04,800] [DEBUG]: Starting new HTTPS connection (1): api.hypixel.net:443
[2022-10-18 18:05:04,800] [DEBUG]: Starting new HTTPS connection (1): api.hypixel.net:443
[2022-10-18 18:05:04,801] [DEBUG]: Starting new HTTPS connection (1): api.hypixel.net:443
[2022-10-18 18:05:04,803] [DEBUG]: Starting new HTTPS connection (1): api.hypixel.net:443
[2022-10-18 18:05:04,804] [DEBUG]: Starting new HTTPS connection (1): api.hypixel.net:443
[2022-10-18 18:05:04,804] [DEBUG]: Starting new HTTPS connection (1): api.hypixel.net:443
[2022-10-18 18:05:04,978] [DEBUG]: https://api.hypixel.net:443 "GET /player?key=8cd58181-1983-47c4-982a-b92a31705647&uuid=f8661433893142309cd54e7decdbdedc HTTP/1.1" 200 None
[2022-10-18 18:05:04,981] [DEBUG]: https://api.hypixel.net:443 "GET /player?key=8cd58181-1983-47c4-982a-b92a31705647&uuid=1e72f606ac854b3db4f52c18dad8d6d3 HTTP/1.1" 200 None
[2022-10-18 18:05:04,984] [DEBUG]: https://api.hypixel.net:443 "GET /player?key=8cd58181-1983-47c4-982a-b92a31705647&uuid=d0f5b656c97e4694ac4401127eef84a4 HTTP/1.1" 200 None
[2022-10-18 18:05:04,986] [DEBUG]: https://api.hypixel.net:443 "GET /player?key=8cd58181-1983-47c4-982a-b92a31705647&uuid=1903e67dbbb74b13887a4006b35f7b34 HTTP/1.1" 200 None
[2022-10-18 18:05:04,988] [DEBUG]: https://api.hypixel.net:443 "GET /player?key=8cd58181-1983-47c4-982a-b92a31705647&uuid=f73f73c2b1b04cc1acdf33bd5cf6fce4 HTTP/1.1" 200 None
[2022-10-18 18:05:04,995] [DEBUG]: https://api.hypixel.net:443 "GET /player?key=8cd58181-1983-47c4-982a-b92a31705647&uuid=99ca5189bbba4d63af8b1f904e41ca2b HTTP/1.1" 200 None
[2022-10-18 18:05:04,997] [DEBUG]: https://api.hypixel.net:443 "GET /player?key=8cd58181-1983-47c4-982a-b92a31705647&uuid=5246c7c3c31a4aebb5e9e3f7e8715bb4 HTTP/1.1" 200 None
[2022-10-18 18:05:05,000] [DEBUG]: https://api.hypixel.net:443 "GET /player?key=8cd58181-1983-47c4-982a-b92a31705647&uuid=b29c9aa2eeaf448fba638d70b5402a28 HTTP/1.1" 200 None
[2022-10-18 18:05:05,005] [DEBUG]: https://api.hypixel.net:443 "GET /player?key=8cd58181-1983-47c4-982a-b92a31705647&uuid=94638a734ba24f719335a82fc9bd9f05 HTTP/1.1" 200 None
[2022-10-18 18:05:05,005] [DEBUG]: https://api.hypixel.net:443 "GET /player?key=8cd58181-1983-47c4-982a-b92a31705647&uuid=1c2d53ee648a4e1fb60b1061e0c12a1c HTTP/1.1" 200 None
[2022-10-18 18:05:05,011] [DEBUG]: https://api.hypixel.net:443 "GET /player?key=8cd58181-1983-47c4-982a-b92a31705647&uuid=c3d91b0f623a4b2ab351e33c4eb79c28 HTTP/1.1" 200 None
[2022-10-18 18:05:05,013] [DEBUG]: https://api.hypixel.net:443 "GET /player?key=8cd58181-1983-47c4-982a-b92a31705647&uuid=fe6e089f6eb04076ad8080b2650f0193 HTTP/1.1" 200 None
[2022-10-18 18:05:05,016] [DEBUG]: https://api.hypixel.net:443 "GET /player?key=8cd58181-1983-47c4-982a-b92a31705647&uuid=7f174199822e4564a6861a224d1e0fb8 HTTP/1.1" 200 None
[2022-10-18 18:05:05,036] [DEBUG]: https://api.hypixel.net:443 "GET /player?key=8cd58181-1983-47c4-982a-b92a31705647&uuid=07e66f47389142dda116a030dd2cfc75 HTTP/1.1" 200 None
[2022-10-18 18:05:09,386] [DEBUG]: https://launchtracker.raventeam.repl.co:443 "GET /paths HTTP/1.1" 404 None
[2022-10-18 18:05:09,400] [DEBUG]: Starting new HTTPS connection (1): launchtracker.raventeam.repl.co:443
[2022-10-18 18:05:15,044] [DEBUG]: https://launchtracker.raventeam.repl.co:443 "GET /paths HTTP/1.1" 404 None
[2022-10-18 18:05:15,058] [DEBUG]: Starting new HTTPS connection (1): launchtracker.raventeam.repl.co:443
[2022-10-18 18:05:15,818] [INFO]: ilyBreezjoined the queue!
[2022-10-18 18:05:15,840] [DEBUG]: https://launchtracker.raventeam.repl.co:443 "GET /paths HTTP/1.1" 429 None
[2022-10-18 18:05:15,874] [DEBUG]: Starting new HTTPS connection (1): launchtracker.raventeam.repl.co:443
[2022-10-18 18:05:15,922] [INFO]: Joined new queue!
[2022-10-18 18:05:15,926] [DEBUG]: ilyBreez was in cache
[2022-10-18 18:05:15,929] [DEBUG]: Started mass stat request: ['Sinelecto', 'WidiDomi', 'Emirhan4204']
[2022-10-18 18:05:15,930] [DEBUG]: Starting new HTTPS connection (1): api.mojang.com:443
[2022-10-18 18:05:16,142] [DEBUG]: https://api.mojang.com:443 "POST /profiles/minecraft HTTP/1.1" 200 185
[2022-10-18 18:05:16,154] [DEBUG]: Starting new HTTPS connection (1): api.hypixel.net:443
[2022-10-18 18:05:16,154] [DEBUG]: Starting new HTTPS connection (1): api.hypixel.net:443
[2022-10-18 18:05:16,155] [DEBUG]: Starting new HTTPS connection (1): api.hypixel.net:443
[2022-10-18 18:05:16,214] [DEBUG]: https://launchtracker.raventeam.repl.co:443 "GET /paths HTTP/1.1" 429 None
[2022-10-18 18:05:16,255] [DEBUG]: Starting new HTTPS connection (1): launchtracker.raventeam.repl.co:443
[2022-10-18 18:05:16,318] [DEBUG]: https://api.hypixel.net:443 "GET /player?key=8cd58181-1983-47c4-982a-b92a31705647&uuid=d3b1b779b27741129fe3c69a91e5bf83 HTTP/1.1" 200 None
[2022-10-18 18:05:16,326] [DEBUG]: https://api.hypixel.net:443 "GET /player?key=8cd58181-1983-47c4-982a-b92a31705647&uuid=d0ec531db4d840e8b03ec8ad9e6605c7 HTTP/1.1" 200 None
[2022-10-18 18:05:16,332] [DEBUG]: https://api.hypixel.net:443 "GET /player?key=8cd58181-1983-47c4-982a-b92a31705647&uuid=a560da6194d746f1b184fe50172f43da HTTP/1.1" 200 None
[2022-10-18 18:05:16,432] [INFO]: Reptogamiejoined the queue!
[2022-10-18 18:05:16,433] [DEBUG]: Starting new HTTPS connection (1): api.mojang.com:443
[2022-10-18 18:05:16,592] [DEBUG]: https://launchtracker.raventeam.repl.co:443 "GET /paths HTTP/1.1" 429 None
[2022-10-18 18:05:16,615] [DEBUG]: https://api.mojang.com:443 "GET /users/profiles/minecraft/Reptogamie HTTP/1.1" 200 61
[2022-10-18 18:05:16,627] [DEBUG]: Starting new HTTPS connection (1): api.hypixel.net:443
[2022-10-18 18:05:16,632] [DEBUG]: Starting new HTTPS connection (1): launchtracker.raventeam.repl.co:443
[2022-10-18 18:05:16,824] [DEBUG]: https://api.hypixel.net:443 "GET /player?key=8cd58181-1983-47c4-982a-b92a31705647&uuid=0dd1c574897f4a798c69b8b684e2a8c2 HTTP/1.1" 200 None
[2022-10-18 18:05:16,961] [DEBUG]: https://launchtracker.raventeam.repl.co:443 "GET /paths HTTP/1.1" 429 None
[2022-10-18 18:05:16,982] [DEBUG]: Starting new HTTPS connection (1): launchtracker.raventeam.repl.co:443
[2022-10-18 18:05:17,482] [DEBUG]: https://launchtracker.raventeam.repl.co:443 "GET /paths HTTP/1.1" 429 None
[2022-10-18 18:05:17,535] [DEBUG]: Starting new HTTPS connection (1): launchtracker.raventeam.repl.co:443
[2022-10-18 18:05:18,246] [INFO]: itsboomi123joined the queue!
[2022-10-18 18:05:18,247] [DEBUG]: Starting new HTTPS connection (1): api.mojang.com:443
[2022-10-18 18:05:18,634] [DEBUG]: https://api.mojang.com:443 "GET /users/profiles/minecraft/itsboomi123 HTTP/1.1" 200 62
[2022-10-18 18:05:18,646] [DEBUG]: Starting new HTTPS connection (1): api.hypixel.net:443
[2022-10-18 18:05:18,817] [DEBUG]: https://api.hypixel.net:443 "GET /player?key=8cd58181-1983-47c4-982a-b92a31705647&uuid=c2fc7a650e9046cc828dc5548da4fbd5 HTTP/1.1" 200 None
[2022-10-18 18:05:22,858] [DEBUG]: https://launchtracker.raventeam.repl.co:443 "GET /paths HTTP/1.1" 404 None
[2022-10-18 18:05:22,871] [DEBUG]: Starting new HTTPS connection (1): launchtracker.raventeam.repl.co:443
[2022-10-18 18:05:23,258] [DEBUG]: https://launchtracker.raventeam.repl.co:443 "GET /paths HTTP/1.1" 429 None
[2022-10-18 18:05:23,309] [DEBUG]: Starting new HTTPS connection (1): launchtracker.raventeam.repl.co:443
[2022-10-18 18:05:23,798] [DEBUG]: https://launchtracker.raventeam.repl.co:443 "GET /paths HTTP/1.1" 429 None
[2022-10-18 18:05:23,836] [DEBUG]: Starting new HTTPS connection (1): launchtracker.raventeam.repl.co:443
[2022-10-18 18:05:24,166] [DEBUG]: https://launchtracker.raventeam.repl.co:443 "GET /paths HTTP/1.1" 429 None
[2022-10-18 18:05:24,173] [DEBUG]: Starting new HTTPS connection (1): launchtracker.raventeam.repl.co:443
[2022-10-18 18:05:24,656] [DEBUG]: https://launchtracker.raventeam.repl.co:443 "GET /paths HTTP/1.1" 429 None
[2022-10-18 18:05:24,691] [DEBUG]: Starting new HTTPS connection (1): launchtracker.raventeam.repl.co:443
[2022-10-18 18:05:24,884] [INFO]: ilyBreezjoined the queue!
[2022-10-18 18:05:25,018] [DEBUG]: https://launchtracker.raventeam.repl.co:443 "GET /paths HTTP/1.1" 429 None
[2022-10-18 18:05:25,055] [DEBUG]: Starting new HTTPS connection (1): launchtracker.raventeam.repl.co:443
[2022-10-18 18:05:25,089] [INFO]: Joined new queue!
[2022-10-18 18:05:25,092] [DEBUG]: ilyBreez was in cache
[2022-10-18 18:05:25,095] [DEBUG]: Started mass stat request: ['ChrisGaimz', 'Golden_Dagon22', 'krtn0410', 'g0rgenotfound', 'Kenoa160308']
[2022-10-18 18:05:25,096] [DEBUG]: Starting new HTTPS connection (1): api.mojang.com:443
[2022-10-18 18:05:25,349] [DEBUG]: https://api.mojang.com:443 "POST /profiles/minecraft HTTP/1.1" 200 317
[2022-10-18 18:05:25,362] [DEBUG]: Starting new HTTPS connection (1): api.hypixel.net:443
[2022-10-18 18:05:25,362] [DEBUG]: Starting new HTTPS connection (1): api.hypixel.net:443
[2022-10-18 18:05:25,363] [DEBUG]: Starting new HTTPS connection (1): api.hypixel.net:443
[2022-10-18 18:05:25,364] [DEBUG]: Starting new HTTPS connection (1): api.hypixel.net:443
[2022-10-18 18:05:25,364] [DEBUG]: Starting new HTTPS connection (1): api.hypixel.net:443
[2022-10-18 18:05:25,537] [DEBUG]: https://api.hypixel.net:443 "GET /player?key=8cd58181-1983-47c4-982a-b92a31705647&uuid=23c21820f2784aa89ce05575424dfb06 HTTP/1.1" 200 None
[2022-10-18 18:05:25,544] [DEBUG]: https://api.hypixel.net:443 "GET /player?key=8cd58181-1983-47c4-982a-b92a31705647&uuid=af79fd461d8a488da5f07746242ef1e7 HTTP/1.1" 200 None
[2022-10-18 18:05:25,546] [DEBUG]: https://api.hypixel.net:443 "GET /player?key=8cd58181-1983-47c4-982a-b92a31705647&uuid=b9e929d305484f7da74e191176711f2c HTTP/1.1" 200 None
[2022-10-18 18:05:25,551] [DEBUG]: https://api.hypixel.net:443 "GET /player?key=8cd58181-1983-47c4-982a-b92a31705647&uuid=eb55636df7734f07b041619535a55aac HTTP/1.1" 200 None
[2022-10-18 18:05:25,556] [DEBUG]: https://api.hypixel.net:443 "GET /player?key=8cd58181-1983-47c4-982a-b92a31705647&uuid=e75974fe27a24dbeb4d46f906bb87ed5 HTTP/1.1" 200 None
[2022-10-18 18:05:25,603] [DEBUG]: https://launchtracker.raventeam.repl.co:443 "GET /paths HTTP/1.1" 429 None
[2022-10-18 18:05:25,656] [DEBUG]: Starting new HTTPS connection (1): launchtracker.raventeam.repl.co:443
[2022-10-18 18:05:26,097] [DEBUG]: https://launchtracker.raventeam.repl.co:443 "GET /paths HTTP/1.1" 429 None
[2022-10-18 18:05:26,133] [DEBUG]: Starting new HTTPS connection (1): launchtracker.raventeam.repl.co:443
[2022-10-18 18:05:26,458] [DEBUG]: https://launchtracker.raventeam.repl.co:443 "GET /paths HTTP/1.1" 429 None
[2022-10-18 18:05:26,464] [DEBUG]: Starting new HTTPS connection (1): launchtracker.raventeam.repl.co:443
[2022-10-18 18:05:27,308] [INFO]: VicDoesMinecraftjoined the queue!
[2022-10-18 18:05:27,309] [DEBUG]: Starting new HTTPS connection (1): api.mojang.com:443
[2022-10-18 18:05:27,312] [INFO]: Farcik_originjoined the queue!
[2022-10-18 18:05:27,313] [DEBUG]: Starting new HTTPS connection (1): api.mojang.com:443
[2022-10-18 18:05:27,334] [DEBUG]: https://launchtracker.raventeam.repl.co:443 "GET /paths HTTP/1.1" 429 None
[2022-10-18 18:05:27,369] [DEBUG]: Starting new HTTPS connection (1): launchtracker.raventeam.repl.co:443
[2022-10-18 18:05:27,510] [DEBUG]: https://api.mojang.com:443 "GET /users/profiles/minecraft/Farcik_origin HTTP/1.1" 200 64
[2022-10-18 18:05:27,512] [DEBUG]: https://api.mojang.com:443 "GET /users/profiles/minecraft/VicDoesMinecraft HTTP/1.1" 200 67
[2022-10-18 18:05:27,522] [DEBUG]: Starting new HTTPS connection (1): api.hypixel.net:443
[2022-10-18 18:05:27,523] [DEBUG]: Starting new HTTPS connection (1): api.hypixel.net:443
[2022-10-18 18:05:27,699] [DEBUG]: https://api.hypixel.net:443 "GET /player?key=8cd58181-1983-47c4-982a-b92a31705647&uuid=2446346c83ed40dba61b4f19d734c83c HTTP/1.1" 200 None
[2022-10-18 18:05:27,703] [DEBUG]: https://launchtracker.raventeam.repl.co:443 "GET /paths HTTP/1.1" 429 None
[2022-10-18 18:05:27,709] [DEBUG]: Starting new HTTPS connection (1): launchtracker.raventeam.repl.co:443
[2022-10-18 18:05:27,714] [DEBUG]: https://api.hypixel.net:443 "GET /player?key=8cd58181-1983-47c4-982a-b92a31705647&uuid=43f68aa0e5124862b4224a1e6ec05c0f HTTP/1.1" 200 None
[2022-10-18 18:05:33,125] [DEBUG]: https://launchtracker.raventeam.repl.co:443 "GET /paths HTTP/1.1" 429 None
[2022-10-18 18:05:33,145] [DEBUG]: Starting new HTTPS connection (1): launchtracker.raventeam.repl.co:443
[2022-10-18 18:05:33,486] [DEBUG]: https://launchtracker.raventeam.repl.co:443 "GET /paths HTTP/1.1" 429 None
[2022-10-18 18:05:33,514] [DEBUG]: Starting new HTTPS connection (1): launchtracker.raventeam.repl.co:443
[2022-10-18 18:05:33,550] [INFO]: ilyBreezjoined the queue!
[2022-10-18 18:05:33,654] [INFO]: Joined new queue!
[2022-10-18 18:05:33,657] [DEBUG]: ChrisGaimz was in cache
[2022-10-18 18:05:33,660] [DEBUG]: krtn0410 was in cache
[2022-10-18 18:05:33,663] [DEBUG]: Kenoa160308 was in cache
[2022-10-18 18:05:33,666] [DEBUG]: ilyBreez was in cache
[2022-10-18 18:05:33,670] [DEBUG]: Started mass stat request: ['Golden_Dagon22', 'g0rgenotfound', 'VicDoesMinecraft', 'Subwaght']
[2022-10-18 18:05:33,670] [DEBUG]: Starting new HTTPS connection (1): api.mojang.com:443
[2022-10-18 18:05:33,893] [DEBUG]: https://api.mojang.com:443 "POST /profiles/minecraft HTTP/1.1" 200 None
[2022-10-18 18:05:33,905] [DEBUG]: Starting new HTTPS connection (1): api.hypixel.net:443
[2022-10-18 18:05:33,906] [DEBUG]: Starting new HTTPS connection (1): api.hypixel.net:443
[2022-10-18 18:05:33,907] [DEBUG]: Starting new HTTPS connection (1): api.hypixel.net:443
[2022-10-18 18:05:33,908] [DEBUG]: Starting new HTTPS connection (1): api.hypixel.net:443
[2022-10-18 18:05:33,999] [DEBUG]: https://launchtracker.raventeam.repl.co:443 "GET /paths HTTP/1.1" 429 None
[2022-10-18 18:05:34,048] [DEBUG]: Starting new HTTPS connection (1): launchtracker.raventeam.repl.co:443
[2022-10-18 18:05:34,085] [DEBUG]: https://api.hypixel.net:443 "GET /player?key=8cd58181-1983-47c4-982a-b92a31705647&uuid=43f68aa0e5124862b4224a1e6ec05c0f HTTP/1.1" 200 None
[2022-10-18 18:05:34,094] [DEBUG]: https://api.hypixel.net:443 "GET /player?key=8cd58181-1983-47c4-982a-b92a31705647&uuid=23c21820f2784aa89ce05575424dfb06 HTTP/1.1" 200 None
[2022-10-18 18:05:34,094] [DEBUG]: https://api.hypixel.net:443 "GET /player?key=8cd58181-1983-47c4-982a-b92a31705647&uuid=af79fd461d8a488da5f07746242ef1e7 HTTP/1.1" 200 None
[2022-10-18 18:05:34,102] [DEBUG]: https://api.hypixel.net:443 "GET /player?key=8cd58181-1983-47c4-982a-b92a31705647&uuid=f622655a54dd41d9b79f746d338450ba HTTP/1.1" 200 None
[2022-10-18 18:05:34,498] [DEBUG]: https://launchtracker.raventeam.repl.co:443 "GET /paths HTTP/1.1" 429 None
[2022-10-18 18:05:34,533] [DEBUG]: Starting new HTTPS connection (1): launchtracker.raventeam.repl.co:443
[2022-10-18 18:05:34,852] [DEBUG]: https://launchtracker.raventeam.repl.co:443 "GET /paths HTTP/1.1" 429 None
[2022-10-18 18:05:34,871] [DEBUG]: Starting new HTTPS connection (1): launchtracker.raventeam.repl.co:443
[2022-10-18 18:05:35,286] [DEBUG]: https://launchtracker.raventeam.repl.co:443 "GET /paths HTTP/1.1" 429 None
[2022-10-18 18:05:35,305] [DEBUG]: Starting new HTTPS connection (1): launchtracker.raventeam.repl.co:443
[2022-10-18 18:05:36,025] [DEBUG]: https://launchtracker.raventeam.repl.co:443 "GET /paths HTTP/1.1" 429 None
[2022-10-18 18:05:36,053] [DEBUG]: Starting new HTTPS connection (1): launchtracker.raventeam.repl.co:443
[2022-10-18 18:05:40,305] [INFO]: ilyBreezjoined the queue!
[2022-10-18 18:05:40,410] [INFO]: Joined new queue!
[2022-10-18 18:05:40,413] [DEBUG]: Sinelecto was in cache
[2022-10-18 18:05:40,417] [DEBUG]: Emirhan4204 was in cache
[2022-10-18 18:05:40,420] [DEBUG]: ilyBreez was in cache
[2022-10-18 18:05:40,423] [DEBUG]: Started mass stat request: ['WidiDomi', 'Reptogamie', 'Kinggamer0965', 'Groenergie', 'MikeHauk']
[2022-10-18 18:05:40,424] [DEBUG]: Starting new HTTPS connection (1): api.mojang.com:443
[2022-10-18 18:05:40,879] [DEBUG]: https://api.mojang.com:443 "POST /profiles/minecraft HTTP/1.1" 200 310
[2022-10-18 18:05:40,891] [DEBUG]: Starting new HTTPS connection (1): api.hypixel.net:443
[2022-10-18 18:05:40,892] [DEBUG]: Starting new HTTPS connection (1): api.hypixel.net:443
[2022-10-18 18:05:40,893] [DEBUG]: Starting new HTTPS connection (1): api.hypixel.net:443
[2022-10-18 18:05:40,894] [DEBUG]: Starting new HTTPS connection (1): api.hypixel.net:443
[2022-10-18 18:05:40,894] [DEBUG]: Starting new HTTPS connection (1): api.hypixel.net:443
[2022-10-18 18:05:41,075] [DEBUG]: https://api.hypixel.net:443 "GET /player?key=8cd58181-1983-47c4-982a-b92a31705647&uuid=0e0c8018bd6d48809fd00295254c90c4 HTTP/1.1" 200 None
[2022-10-18 18:05:41,078] [DEBUG]: https://api.hypixel.net:443 "GET /player?key=8cd58181-1983-47c4-982a-b92a31705647&uuid=0dd1c574897f4a798c69b8b684e2a8c2 HTTP/1.1" 200 None
[2022-10-18 18:05:41,085] [DEBUG]: https://api.hypixel.net:443 "GET /player?key=8cd58181-1983-47c4-982a-b92a31705647&uuid=ddcc05c4fdd34282b556181c225c0db8 HTTP/1.1" 200 None
[2022-10-18 18:05:41,088] [DEBUG]: https://api.hypixel.net:443 "GET /player?key=8cd58181-1983-47c4-982a-b92a31705647&uuid=bcb60d3755c24aa49515c1590f79fe6c HTTP/1.1" 200 None
[2022-10-18 18:05:41,091] [DEBUG]: https://api.hypixel.net:443 "GET /player?key=8cd58181-1983-47c4-982a-b92a31705647&uuid=d3b1b779b27741129fe3c69a91e5bf83 HTTP/1.1" 200 None
[2022-10-18 18:05:41,520] [DEBUG]: https://launchtracker.raventeam.repl.co:443 "GET /paths HTTP/1.1" 404 None
[2022-10-18 18:05:41,528] [DEBUG]: Starting new HTTPS connection (1): launchtracker.raventeam.repl.co:443
[2022-10-18 18:05:42,039] [DEBUG]: https://launchtracker.raventeam.repl.co:443 "GET /paths HTTP/1.1" 429 None
[2022-10-18 18:05:42,074] [DEBUG]: Starting new HTTPS connection (1): launchtracker.raventeam.repl.co:443
[2022-10-18 18:05:42,574] [DEBUG]: https://launchtracker.raventeam.repl.co:443 "GET /paths HTTP/1.1" 429 None
[2022-10-18 18:05:42,620] [DEBUG]: Starting new HTTPS connection (1): launchtracker.raventeam.repl.co:443
[2022-10-18 18:05:47,263] [INFO]: ilyBreezjoined the queue!
[2022-10-18 18:05:47,367] [INFO]: Joined new queue!
[2022-10-18 18:05:47,370] [DEBUG]: ilyBreez was in cache
[2022-10-18 18:05:47,374] [DEBUG]: Started mass stat request: ['Alex4nd3r07', 'hussain69', 'chxrlyt3t4s', '_Agresorek', 'efshorse', 'STORM_123321', 'TomDerPvPBoZZ187']
[2022-10-18 18:05:47,374] [DEBUG]: Starting new HTTPS connection (1): api.mojang.com:443
[2022-10-18 18:05:47,805] [DEBUG]: https://api.mojang.com:443 "POST /profiles/minecraft HTTP/1.1" 200 442
[2022-10-18 18:05:47,818] [DEBUG]: Starting new HTTPS connection (1): api.hypixel.net:443
[2022-10-18 18:05:47,819] [DEBUG]: Starting new HTTPS connection (1): api.hypixel.net:443
[2022-10-18 18:05:47,820] [DEBUG]: Starting new HTTPS connection (1): api.hypixel.net:443
[2022-10-18 18:05:47,820] [DEBUG]: Starting new HTTPS connection (1): api.hypixel.net:443
[2022-10-18 18:05:47,821] [DEBUG]: Starting new HTTPS connection (1): api.hypixel.net:443
[2022-10-18 18:05:47,821] [DEBUG]: Starting new HTTPS connection (1): api.hypixel.net:443
[2022-10-18 18:05:47,822] [DEBUG]: Starting new HTTPS connection (1): api.hypixel.net:443
[2022-10-18 18:05:47,942] [DEBUG]: https://launchtracker.raventeam.repl.co:443 "GET /paths HTTP/1.1" 404 None
[2022-10-18 18:05:47,954] [DEBUG]: Starting new HTTPS connection (1): launchtracker.raventeam.repl.co:443
[2022-10-18 18:05:48,004] [DEBUG]: https://api.hypixel.net:443 "GET /player?key=8cd58181-1983-47c4-982a-b92a31705647&uuid=0f98c02bbd5749988a6cc04326749139 HTTP/1.1" 200 None
[2022-10-18 18:05:48,007] [DEBUG]: https://api.hypixel.net:443 "GET /player?key=8cd58181-1983-47c4-982a-b92a31705647&uuid=29986931ca9d4a1abb5c98cce2c0e4d7 HTTP/1.1" 200 None
[2022-10-18 18:05:48,009] [DEBUG]: https://api.hypixel.net:443 "GET /player?key=8cd58181-1983-47c4-982a-b92a31705647&uuid=5872eac8c7d7476d93ceb8f02c7dc566 HTTP/1.1" 200 None
[2022-10-18 18:05:48,011] [DEBUG]: https://api.hypixel.net:443 "GET /player?key=8cd58181-1983-47c4-982a-b92a31705647&uuid=e5ad1523a58f42b28ab4f5c6ca6a326e HTTP/1.1" 200 None
[2022-10-18 18:05:48,024] [DEBUG]: https://api.hypixel.net:443 "GET /player?key=8cd58181-1983-47c4-982a-b92a31705647&uuid=ffae1e38169b4d6cbea73b9162bc002e HTTP/1.1" 200 None
[2022-10-18 18:05:48,027] [DEBUG]: https://api.hypixel.net:443 "GET /player?key=8cd58181-1983-47c4-982a-b92a31705647&uuid=8d9c74273d7141689cc81a07589b9681 HTTP/1.1" 200 None
[2022-10-18 18:05:48,060] [DEBUG]: https://api.hypixel.net:443 "GET /player?key=8cd58181-1983-47c4-982a-b92a31705647&uuid=442aa39899ab45769e97d7d3c5ce15a3 HTTP/1.1" 200 None
[2022-10-18 18:05:48,564] [DEBUG]: https://launchtracker.raventeam.repl.co:443 "GET /paths HTTP/1.1" 429 None
[2022-10-18 18:05:48,588] [DEBUG]: Starting new HTTPS connection (1): launchtracker.raventeam.repl.co:443
[2022-10-18 18:05:48,681] [INFO]: efshorse has left the queue
[2022-10-18 18:05:48,953] [DEBUG]: https://launchtracker.raventeam.repl.co:443 "GET /paths HTTP/1.1" 429 None
[2022-10-18 18:05:48,974] [DEBUG]: Starting new HTTPS connection (1): launchtracker.raventeam.repl.co:443
[2022-10-18 18:05:54,313] [DEBUG]: https://launchtracker.raventeam.repl.co:443 "GET /paths HTTP/1.1" 404 None
[2022-10-18 18:05:54,317] [DEBUG]: Starting new HTTPS connection (1): launchtracker.raventeam.repl.co:443
[2022-10-18 18:05:54,519] [INFO]: ilyBreezjoined the queue!
[2022-10-18 18:05:54,723] [INFO]: Joined new queue!
[2022-10-18 18:05:54,727] [DEBUG]: ilyBreez was in cache
[2022-10-18 18:05:54,730] [DEBUG]: Started mass stat request: ['Asko439', 'Hijenaaaa', 'scracthboi', 'TODG1414']
[2022-10-18 18:05:54,730] [DEBUG]: Starting new HTTPS connection (1): api.mojang.com:443
[2022-10-18 18:05:54,872] [DEBUG]: https://launchtracker.raventeam.repl.co:443 "GET /paths HTTP/1.1" 429 None
[2022-10-18 18:05:54,908] [DEBUG]: Starting new HTTPS connection (1): launchtracker.raventeam.repl.co:443
[2022-10-18 18:05:55,032] [INFO]: TODG1414 has left the queue
[2022-10-18 18:05:55,152] [DEBUG]: https://api.mojang.com:443 "POST /profiles/minecraft HTTP/1.1" 200 243
[2022-10-18 18:05:55,163] [DEBUG]: Starting new HTTPS connection (1): api.hypixel.net:443
[2022-10-18 18:05:55,164] [DEBUG]: Starting new HTTPS connection (1): api.hypixel.net:443
[2022-10-18 18:05:55,165] [DEBUG]: Starting new HTTPS connection (1): api.hypixel.net:443
[2022-10-18 18:05:55,166] [DEBUG]: Starting new HTTPS connection (1): api.hypixel.net:443
[2022-10-18 18:05:55,358] [DEBUG]: https://launchtracker.raventeam.repl.co:443 "GET /paths HTTP/1.1" 429 None
[2022-10-18 18:05:55,359] [DEBUG]: https://api.hypixel.net:443 "GET /player?key=8cd58181-1983-47c4-982a-b92a31705647&uuid=3eb4a421720d471288dece4af75b6c20 HTTP/1.1" 200 None
[2022-10-18 18:05:55,372] [DEBUG]: https://api.hypixel.net:443 "GET /player?key=8cd58181-1983-47c4-982a-b92a31705647&uuid=fd4b277ee9c24db584abc3b8d9356af8 HTTP/1.1" 200 None
[2022-10-18 18:05:55,379] [DEBUG]: https://api.hypixel.net:443 "GET /player?key=8cd58181-1983-47c4-982a-b92a31705647&uuid=41914dbff3de4d599466a881ffa2b58f HTTP/1.1" 200 None
[2022-10-18 18:05:55,397] [DEBUG]: https://api.hypixel.net:443 "GET /player?key=8cd58181-1983-47c4-982a-b92a31705647&uuid=958bd970b6a54b82a412cb86f6e437a8 HTTP/1.1" 200 None
[2022-10-18 18:05:55,410] [DEBUG]: Starting new HTTPS connection (1): launchtracker.raventeam.repl.co:443
[2022-10-18 18:05:55,746] [DEBUG]: https://launchtracker.raventeam.repl.co:443 "GET /paths HTTP/1.1" 429 None
[2022-10-18 18:05:55,766] [DEBUG]: Starting new HTTPS connection (1): launchtracker.raventeam.repl.co:443
[2022-10-18 18:05:56,100] [DEBUG]: https://launchtracker.raventeam.repl.co:443 "GET /paths HTTP/1.1" 429 None
[2022-10-18 18:05:56,121] [DEBUG]: Starting new HTTPS connection (1): launchtracker.raventeam.repl.co:443
[2022-10-18 18:05:56,454] [DEBUG]: https://launchtracker.raventeam.repl.co:443 "GET /paths HTTP/1.1" 429 None
[2022-10-18 18:05:56,461] [DEBUG]: Starting new HTTPS connection (1): launchtracker.raventeam.repl.co:443
[2022-10-18 18:06:01,823] [DEBUG]: https://launchtracker.raventeam.repl.co:443 "GET /paths HTTP/1.1" 429 None
[2022-10-18 18:06:01,861] [DEBUG]: Starting new HTTPS connection (1): launchtracker.raventeam.repl.co:443
[2022-10-18 18:06:02,094] [DEBUG]: connecting to bedwarspractice.club
[2022-10-18 18:06:02,416] [DEBUG]: https://launchtracker.raventeam.repl.co:443 "GET /paths HTTP/1.1" 429 None
[2022-10-18 18:06:02,438] [DEBUG]: Starting new HTTPS connection (1): launchtracker.raventeam.repl.co:443
[2022-10-18 18:06:07,877] [DEBUG]: https://launchtracker.raventeam.repl.co:443 "GET /paths HTTP/1.1" 404 None
[2022-10-18 18:06:07,896] [DEBUG]: Starting new HTTPS connection (1): launchtracker.raventeam.repl.co:443
[2022-10-18 18:06:13,217] [DEBUG]: https://launchtracker.raventeam.repl.co:443 "GET /paths HTTP/1.1" 404 None
[2022-10-18 18:06:13,227] [DEBUG]: Starting new HTTPS connection (1): launchtracker.raventeam.repl.co:443
[2022-10-18 18:06:13,650] [ERROR]: HTTPSConnectionPool(host='launchtracker.raventeam.repl.co', port=443): Max retries exceeded with url: /paths (Caused by SSLError(SSLEOFError(8, 'EOF occurred in violation of protocol (_ssl.c:997)')))
[2022-10-18 18:06:13,652] [DEBUG]: Starting new HTTPS connection (1): launchtracker.raventeam.repl.co:443
[2022-10-18 18:06:13,992] [DEBUG]: https://launchtracker.raventeam.repl.co:443 "GET /paths HTTP/1.1" 429 None
[2022-10-18 18:06:14,037] [DEBUG]: Starting new HTTPS connection (1): launchtracker.raventeam.repl.co:443
[2022-10-18 18:06:14,529] [DEBUG]: https://launchtracker.raventeam.repl.co:443 "GET /paths HTTP/1.1" 429 None
[2022-10-18 18:06:14,565] [DEBUG]: Starting new HTTPS connection (1): launchtracker.raventeam.repl.co:443
[2022-10-18 18:06:15,016] [DEBUG]: https://launchtracker.raventeam.repl.co:443 "GET /paths HTTP/1.1" 429 None
[2022-10-18 18:06:15,063] [DEBUG]: Starting new HTTPS connection (1): launchtracker.raventeam.repl.co:443
[2022-10-18 18:06:15,449] [DEBUG]: https://launchtracker.raventeam.repl.co:443 "GET /paths HTTP/1.1" 429 None
[2022-10-18 18:06:15,468] [DEBUG]: Starting new HTTPS connection (1): launchtracker.raventeam.repl.co:443
[2022-10-18 18:06:15,797] [DEBUG]: https://launchtracker.raventeam.repl.co:443 "GET /paths HTTP/1.1" 429 None
[2022-10-18 18:06:15,850] [DEBUG]: Starting new HTTPS connection (1): launchtracker.raventeam.repl.co:443
[2022-10-18 18:06:21,319] [DEBUG]: https://launchtracker.raventeam.repl.co:443 "GET /paths HTTP/1.1" 404 None
[2022-10-18 18:06:21,325] [DEBUG]: Starting new HTTPS connection (1): launchtracker.raventeam.repl.co:443
[2022-10-18 18:06:26,803] [DEBUG]: https://launchtracker.raventeam.repl.co:443 "GET /paths HTTP/1.1" 404 None
[2022-10-18 18:06:26,815] [DEBUG]: Starting new HTTPS connection (1): launchtracker.raventeam.repl.co:443
[2022-10-18 18:06:26,958] [INFO]: brightenupjoined the queue!
[2022-10-18 18:06:26,958] [DEBUG]: Starting new HTTPS connection (1): api.mojang.com:443
[2022-10-18 18:06:27,139] [DEBUG]: https://api.mojang.com:443 "GET /users/profiles/minecraft/brightenup HTTP/1.1" 200 61
[2022-10-18 18:06:27,150] [DEBUG]: Starting new HTTPS connection (1): api.hypixel.net:443
[2022-10-18 18:06:27,391] [DEBUG]: https://launchtracker.raventeam.repl.co:443 "GET /paths HTTP/1.1" 429 None
[2022-10-18 18:06:27,401] [DEBUG]: Starting new HTTPS connection (1): launchtracker.raventeam.repl.co:443
[2022-10-18 18:06:27,437] [DEBUG]: https://api.hypixel.net:443 "GET /player?key=8cd58181-1983-47c4-982a-b92a31705647&uuid=9bb329044f54499c90af24066934eb17 HTTP/1.1" 200 None
[2022-10-18 18:06:27,967] [DEBUG]: https://launchtracker.raventeam.repl.co:443 "GET /paths HTTP/1.1" 429 None
[2022-10-18 18:06:27,999] [DEBUG]: Starting new HTTPS connection (1): launchtracker.raventeam.repl.co:443
[2022-10-18 18:06:28,335] [DEBUG]: https://launchtracker.raventeam.repl.co:443 "GET /paths HTTP/1.1" 429 None
[2022-10-18 18:06:28,341] [DEBUG]: Starting new HTTPS connection (1): launchtracker.raventeam.repl.co:443
[2022-10-18 18:06:28,944] [DEBUG]: https://launchtracker.raventeam.repl.co:443 "GET /paths HTTP/1.1" 429 None
[2022-10-18 18:06:28,950] [DEBUG]: Starting new HTTPS connection (1): launchtracker.raventeam.repl.co:443
[2022-10-18 18:06:29,295] [DEBUG]: https://launchtracker.raventeam.repl.co:443 "GET /paths HTTP/1.1" 429 None
[2022-10-18 18:06:29,316] [DEBUG]: Starting new HTTPS connection (1): launchtracker.raventeam.repl.co:443
[2022-10-18 18:06:34,814] [DEBUG]: https://launchtracker.raventeam.repl.co:443 "GET /paths HTTP/1.1" 404 None
[2022-10-18 18:06:34,831] [DEBUG]: Starting new HTTPS connection (1): launchtracker.raventeam.repl.co:443
[2022-10-18 18:06:35,172] [DEBUG]: https://launchtracker.raventeam.repl.co:443 "GET /paths HTTP/1.1" 429 None
[2022-10-18 18:06:35,205] [DEBUG]: Starting new HTTPS connection (1): launchtracker.raventeam.repl.co:443
[2022-10-18 18:06:35,648] [DEBUG]: https://launchtracker.raventeam.repl.co:443 "GET /paths HTTP/1.1" 429 None
[2022-10-18 18:06:35,654] [DEBUG]: Starting new HTTPS connection (1): launchtracker.raventeam.repl.co:443
[2022-10-18 18:06:35,979] [DEBUG]: https://launchtracker.raventeam.repl.co:443 "GET /paths HTTP/1.1" 429 None
[2022-10-18 18:06:35,994] [DEBUG]: Starting new HTTPS connection (1): launchtracker.raventeam.repl.co:443
[2022-10-18 18:06:36,392] [DEBUG]: https://launchtracker.raventeam.repl.co:443 "GET /paths HTTP/1.1" 429 None
[2022-10-18 18:06:36,399] [DEBUG]: Starting new HTTPS connection (1): launchtracker.raventeam.repl.co:443
[2022-10-18 18:06:37,732] [INFO]: Joined Bedwraspractice lobby
[2022-10-18 18:06:37,736] [DEBUG]: ilyBreez was in cache
[2022-10-18 18:06:37,739] [DEBUG]: Started mass stat request: ['ukyo', 'SuperAyaanN', 'BritishPanecake', 'SkyLord221', 'Figurant16']
[2022-10-18 18:06:37,740] [DEBUG]: Starting new HTTPS connection (1): api.mojang.com:443
[2022-10-18 18:06:37,997] [DEBUG]: https://api.mojang.com:443 "POST /profiles/minecraft HTTP/1.1" 200 311
[2022-10-18 18:06:38,009] [DEBUG]: Starting new HTTPS connection (1): api.hypixel.net:443
[2022-10-18 18:06:38,010] [DEBUG]: Starting new HTTPS connection (1): api.hypixel.net:443
[2022-10-18 18:06:38,011] [DEBUG]: Starting new HTTPS connection (1): api.hypixel.net:443
[2022-10-18 18:06:38,012] [DEBUG]: Starting new HTTPS connection (1): api.hypixel.net:443
[2022-10-18 18:06:38,012] [DEBUG]: Starting new HTTPS connection (1): api.hypixel.net:443
[2022-10-18 18:06:38,205] [DEBUG]: https://api.hypixel.net:443 "GET /player?key=8cd58181-1983-47c4-982a-b92a31705647&uuid=2fb289ba358d405db4b5d21f37fd3d75 HTTP/1.1" 200 None
[2022-10-18 18:06:38,210] [DEBUG]: https://api.hypixel.net:443 "GET /player?key=8cd58181-1983-47c4-982a-b92a31705647&uuid=4d278b028ed543aabfe7671726f032fc HTTP/1.1" 200 None
[2022-10-18 18:06:38,230] [DEBUG]: https://api.hypixel.net:443 "GET /player?key=8cd58181-1983-47c4-982a-b92a31705647&uuid=d1a164855ab8475589d13d7260e43f85 HTTP/1.1" 200 None
[2022-10-18 18:06:38,235] [DEBUG]: https://api.hypixel.net:443 "GET /player?key=8cd58181-1983-47c4-982a-b92a31705647&uuid=29934cbd67c746a5826294e9593e0f0d HTTP/1.1" 200 None
[2022-10-18 18:06:38,303] [DEBUG]: https://api.hypixel.net:443 "GET /player?key=8cd58181-1983-47c4-982a-b92a31705647&uuid=64b8275f1f4b4757bc39b2edae36e0d7 HTTP/1.1" 200 None
[2022-10-18 18:06:41,753] [DEBUG]: https://launchtracker.raventeam.repl.co:443 "GET /paths HTTP/1.1" 404 None
[2022-10-18 18:06:41,755] [DEBUG]: Starting new HTTPS connection (1): launchtracker.raventeam.repl.co:443
[2022-10-18 18:06:47,529] [DEBUG]: https://launchtracker.raventeam.repl.co:443 "GET /paths HTTP/1.1" 404 None
[2022-10-18 18:06:47,543] [DEBUG]: Starting new HTTPS connection (1): launchtracker.raventeam.repl.co:443
[2022-10-18 18:06:52,854] [DEBUG]: https://launchtracker.raventeam.repl.co:443 "GET /paths HTTP/1.1" 404 None
[2022-10-18 18:06:52,856] [DEBUG]: Starting new HTTPS connection (1): launchtracker.raventeam.repl.co:443
[2022-10-18 18:06:53,423] [DEBUG]: https://launchtracker.raventeam.repl.co:443 "GET /paths HTTP/1.1" 429 None
[2022-10-18 18:06:53,444] [DEBUG]: Starting new HTTPS connection (1): launchtracker.raventeam.repl.co:443
[2022-10-18 18:06:53,774] [DEBUG]: https://launchtracker.raventeam.repl.co:443 "GET /paths HTTP/1.1" 429 None
[2022-10-18 18:06:53,779] [DEBUG]: Starting new HTTPS connection (1): launchtracker.raventeam.repl.co:443
[2022-10-18 18:06:59,160] [DEBUG]: https://launchtracker.raventeam.repl.co:443 "GET /paths HTTP/1.1" 404 None
[2022-10-18 18:06:59,161] [DEBUG]: Starting new HTTPS connection (1): launchtracker.raventeam.repl.co:443
[2022-10-18 18:06:59,782] [DEBUG]: https://launchtracker.raventeam.repl.co:443 "GET /paths HTTP/1.1" 429 None
[2022-10-18 18:06:59,817] [DEBUG]: Starting new HTTPS connection (1): launchtracker.raventeam.repl.co:443
[2022-10-18 18:07:00,166] [DEBUG]: https://launchtracker.raventeam.repl.co:443 "GET /paths HTTP/1.1" 429 None
[2022-10-18 18:07:00,193] [DEBUG]: Starting new HTTPS connection (1): launchtracker.raventeam.repl.co:443
[2022-10-18 18:07:00,678] [DEBUG]: https://launchtracker.raventeam.repl.co:443 "GET /paths HTTP/1.1" 429 None
[2022-10-18 18:07:00,716] [DEBUG]: Starting new HTTPS connection (1): launchtracker.raventeam.repl.co:443
[2022-10-18 18:07:06,226] [DEBUG]: https://launchtracker.raventeam.repl.co:443 "GET /paths HTTP/1.1" 404 None
[2022-10-18 18:07:06,246] [DEBUG]: Starting new HTTPS connection (1): launchtracker.raventeam.repl.co:443
[2022-10-18 18:07:06,836] [DEBUG]: https://launchtracker.raventeam.repl.co:443 "GET /paths HTTP/1.1" 429 None
[2022-10-18 18:07:06,862] [DEBUG]: Starting new HTTPS connection (1): launchtracker.raventeam.repl.co:443
[2022-10-18 18:07:12,191] [DEBUG]: https://launchtracker.raventeam.repl.co:443 "GET /paths HTTP/1.1" 429 None
[2022-10-18 18:07:12,197] [DEBUG]: Starting new HTTPS connection (1): launchtracker.raventeam.repl.co:443
[2022-10-18 18:07:17,522] [DEBUG]: https://launchtracker.raventeam.repl.co:443 "GET /paths HTTP/1.1" 404 None
[2022-10-18 18:07:17,524] [DEBUG]: Starting new HTTPS connection (1): launchtracker.raventeam.repl.co:443
[2022-10-18 18:07:18,072] [DEBUG]: https://launchtracker.raventeam.repl.co:443 "GET /paths HTTP/1.1" 429 None
[2022-10-18 18:07:18,124] [DEBUG]: Starting new HTTPS connection (1): launchtracker.raventeam.repl.co:443
[2022-10-18 18:07:23,454] [DEBUG]: https://launchtracker.raventeam.repl.co:443 "GET /paths HTTP/1.1" 404 None
[2022-10-18 18:07:23,456] [DEBUG]: Starting new HTTPS connection (1): launchtracker.raventeam.repl.co:443
[2022-10-18 18:07:23,947] [DEBUG]: https://launchtracker.raventeam.repl.co:443 "GET /paths HTTP/1.1" 429 None
[2022-10-18 18:07:23,982] [DEBUG]: Starting new HTTPS connection (1): launchtracker.raventeam.repl.co:443
[2022-10-18 18:07:24,317] [DEBUG]: https://launchtracker.raventeam.repl.co:443 "GET /paths HTTP/1.1" 429 None
[2022-10-18 18:07:24,354] [DEBUG]: Starting new HTTPS connection (1): launchtracker.raventeam.repl.co:443
[2022-10-18 18:07:24,686] [DEBUG]: https://launchtracker.raventeam.repl.co:443 "GET /paths HTTP/1.1" 429 None
[2022-10-18 18:07:24,706] [DEBUG]: Starting new HTTPS connection (1): launchtracker.raventeam.repl.co:443
[2022-10-18 18:07:25,039] [DEBUG]: https://launchtracker.raventeam.repl.co:443 "GET /paths HTTP/1.1" 429 None
[2022-10-18 18:07:25,059] [DEBUG]: Starting new HTTPS connection (1): launchtracker.raventeam.repl.co:443
[2022-10-18 18:07:30,323] [DEBUG]: https://launchtracker.raventeam.repl.co:443 "GET /paths HTTP/1.1" 429 None
[2022-10-18 18:07:30,341] [DEBUG]: Starting new HTTPS connection (1): launchtracker.raventeam.repl.co:443
[2022-10-18 18:07:31,237] [DEBUG]: https://launchtracker.raventeam.repl.co:443 "GET /paths HTTP/1.1" 429 None
[2022-10-18 18:07:31,287] [DEBUG]: Starting new HTTPS connection (1): launchtracker.raventeam.repl.co:443
[2022-10-18 18:07:31,796] [DEBUG]: https://launchtracker.raventeam.repl.co:443 "GET /paths HTTP/1.1" 429 None
[2022-10-18 18:07:31,822] [DEBUG]: Starting new HTTPS connection (1): launchtracker.raventeam.repl.co:443
[2022-10-18 18:07:37,113] [DEBUG]: https://launchtracker.raventeam.repl.co:443 "GET /paths HTTP/1.1" 429 None
[2022-10-18 18:07:37,119] [DEBUG]: Starting new HTTPS connection (1): launchtracker.raventeam.repl.co:443
[2022-10-18 18:07:37,612] [DEBUG]: https://launchtracker.raventeam.repl.co:443 "GET /paths HTTP/1.1" 429 None
[2022-10-18 18:07:37,665] [DEBUG]: Starting new HTTPS connection (1): launchtracker.raventeam.repl.co:443
[2022-10-18 18:07:43,134] [DEBUG]: https://launchtracker.raventeam.repl.co:443 "GET /paths HTTP/1.1" 429 None
[2022-10-18 18:07:43,169] [DEBUG]: Starting new HTTPS connection (1): launchtracker.raventeam.repl.co:443
[2022-10-18 18:07:48,720] [DEBUG]: https://launchtracker.raventeam.repl.co:443 "GET /paths HTTP/1.1" 404 None
[2022-10-18 18:07:48,733] [DEBUG]: Starting new HTTPS connection (1): launchtracker.raventeam.repl.co:443
[2022-10-18 18:07:49,421] [DEBUG]: https://launchtracker.raventeam.repl.co:443 "GET /paths HTTP/1.1" 429 None
[2022-10-18 18:07:49,474] [DEBUG]: Starting new HTTPS connection (1): launchtracker.raventeam.repl.co:443
[2022-10-18 18:07:49,824] [DEBUG]: https://launchtracker.raventeam.repl.co:443 "GET /paths HTTP/1.1" 429 None
[2022-10-18 18:07:49,831] [DEBUG]: Starting new HTTPS connection (1): launchtracker.raventeam.repl.co:443
[2022-10-18 18:07:50,173] [DEBUG]: https://launchtracker.raventeam.repl.co:443 "GET /paths HTTP/1.1" 429 None
[2022-10-18 18:07:50,213] [DEBUG]: Starting new HTTPS connection (1): launchtracker.raventeam.repl.co:443
[2022-10-18 18:07:50,696] [DEBUG]: https://launchtracker.raventeam.repl.co:443 "GET /paths HTTP/1.1" 429 None
[2022-10-18 18:07:50,735] [DEBUG]: Starting new HTTPS connection (1): launchtracker.raventeam.repl.co:443
[2022-10-18 18:07:51,227] [DEBUG]: https://launchtracker.raventeam.repl.co:443 "GET /paths HTTP/1.1" 429 None
[2022-10-18 18:07:51,262] [DEBUG]: Starting new HTTPS connection (1): launchtracker.raventeam.repl.co:443
[2022-10-18 18:07:51,757] [DEBUG]: https://launchtracker.raventeam.repl.co:443 "GET /paths HTTP/1.1" 429 None
[2022-10-18 18:07:51,801] [DEBUG]: Starting new HTTPS connection (1): launchtracker.raventeam.repl.co:443
[2022-10-18 18:07:52,291] [DEBUG]: https://launchtracker.raventeam.repl.co:443 "GET /paths HTTP/1.1" 429 None
[2022-10-18 18:07:52,327] [DEBUG]: Starting new HTTPS connection (1): launchtracker.raventeam.repl.co:443
[2022-10-18 18:07:52,851] [DEBUG]: https://launchtracker.raventeam.repl.co:443 "GET /paths HTTP/1.1" 429 None
[2022-10-18 18:07:52,872] [DEBUG]: Starting new HTTPS connection (1): launchtracker.raventeam.repl.co:443
[2022-10-18 18:07:53,200] [DEBUG]: https://launchtracker.raventeam.repl.co:443 "GET /paths HTTP/1.1" 429 None
[2022-10-18 18:07:53,224] [DEBUG]: Starting new HTTPS connection (1): launchtracker.raventeam.repl.co:443
[2022-10-18 18:07:53,776] [DEBUG]: https://launchtracker.raventeam.repl.co:443 "GET /paths HTTP/1.1" 429 None
[2022-10-18 18:07:53,783] [DEBUG]: Starting new HTTPS connection (1): launchtracker.raventeam.repl.co:443
[2022-10-18 18:07:59,249] [DEBUG]: https://launchtracker.raventeam.repl.co:443 "GET /paths HTTP/1.1" 404 None
[2022-10-18 18:07:59,251] [DEBUG]: Starting new HTTPS connection (1): launchtracker.raventeam.repl.co:443
[2022-10-18 18:07:59,696] [DEBUG]: https://launchtracker.raventeam.repl.co:443 "GET /paths HTTP/1.1" 429 None
[2022-10-18 18:07:59,740] [DEBUG]: Starting new HTTPS connection (1): launchtracker.raventeam.repl.co:443
[2022-10-18 18:08:00,233] [DEBUG]: https://launchtracker.raventeam.repl.co:443 "GET /paths HTTP/1.1" 429 None
[2022-10-18 18:08:00,280] [DEBUG]: Starting new HTTPS connection (1): launchtracker.raventeam.repl.co:443
[2022-10-18 18:08:00,638] [DEBUG]: https://launchtracker.raventeam.repl.co:443 "GET /paths HTTP/1.1" 429 None
[2022-10-18 18:08:00,648] [DEBUG]: Starting new HTTPS connection (1): launchtracker.raventeam.repl.co:443
[2022-10-18 18:08:05,968] [DEBUG]: https://launchtracker.raventeam.repl.co:443 "GET /paths HTTP/1.1" 404 None
[2022-10-18 18:08:05,978] [DEBUG]: Starting new HTTPS connection (1): launchtracker.raventeam.repl.co:443
[2022-10-18 18:08:06,654] [DEBUG]: https://launchtracker.raventeam.repl.co:443 "GET /paths HTTP/1.1" 429 None
[2022-10-18 18:08:06,699] [DEBUG]: Starting new HTTPS connection (1): launchtracker.raventeam.repl.co:443
[2022-10-18 18:08:07,042] [DEBUG]: https://launchtracker.raventeam.repl.co:443 "GET /paths HTTP/1.1" 429 None
[2022-10-18 18:08:07,063] [DEBUG]: Starting new HTTPS connection (1): launchtracker.raventeam.repl.co:443
[2022-10-18 18:08:07,395] [DEBUG]: https://launchtracker.raventeam.repl.co:443 "GET /paths HTTP/1.1" 429 None
[2022-10-18 18:08:07,414] [DEBUG]: Starting new HTTPS connection (1): launchtracker.raventeam.repl.co:443
[2022-10-18 18:08:07,939] [DEBUG]: https://launchtracker.raventeam.repl.co:443 "GET /paths HTTP/1.1" 429 None
[2022-10-18 18:08:07,960] [DEBUG]: Starting new HTTPS connection (1): launchtracker.raventeam.repl.co:443
[2022-10-18 18:08:08,293] [DEBUG]: https://launchtracker.raventeam.repl.co:443 "GET /paths HTTP/1.1" 429 None
[2022-10-18 18:08:08,343] [DEBUG]: Starting new HTTPS connection (1): launchtracker.raventeam.repl.co:443
[2022-10-18 18:08:08,676] [DEBUG]: https://launchtracker.raventeam.repl.co:443 "GET /paths HTTP/1.1" 429 None
[2022-10-18 18:08:08,683] [DEBUG]: Starting new HTTPS connection (1): launchtracker.raventeam.repl.co:443
[2022-10-18 18:08:09,179] [DEBUG]: https://launchtracker.raventeam.repl.co:443 "GET /paths HTTP/1.1" 429 None
[2022-10-18 18:08:09,219] [DEBUG]: Starting new HTTPS connection (1): launchtracker.raventeam.repl.co:443
[2022-10-18 18:08:09,721] [DEBUG]: https://launchtracker.raventeam.repl.co:443 "GET /paths HTTP/1.1" 429 None
[2022-10-18 18:08:09,762] [DEBUG]: Starting new HTTPS connection (1): launchtracker.raventeam.repl.co:443
[2022-10-18 18:08:10,094] [DEBUG]: https://launchtracker.raventeam.repl.co:443 "GET /paths HTTP/1.1" 429 None
[2022-10-18 18:08:10,140] [DEBUG]: Starting new HTTPS connection (1): launchtracker.raventeam.repl.co:443
[2022-10-18 18:08:15,457] [DEBUG]: https://launchtracker.raventeam.repl.co:443 "GET /paths HTTP/1.1" 429 None
[2022-10-18 18:08:15,497] [DEBUG]: Starting new HTTPS connection (1): launchtracker.raventeam.repl.co:443
[2022-10-18 18:08:15,823] [DEBUG]: https://launchtracker.raventeam.repl.co:443 "GET /paths HTTP/1.1" 429 None
[2022-10-18 18:08:15,877] [DEBUG]: Starting new HTTPS connection (1): launchtracker.raventeam.repl.co:443
[2022-10-18 18:08:16,209] [DEBUG]: https://launchtracker.raventeam.repl.co:443 "GET /paths HTTP/1.1" 429 None
[2022-10-18 18:08:16,230] [DEBUG]: Starting new HTTPS connection (1): launchtracker.raventeam.repl.co:443
[2022-10-18 18:08:16,768] [DEBUG]: https://launchtracker.raventeam.repl.co:443 "GET /paths HTTP/1.1" 429 None
[2022-10-18 18:08:16,786] [DEBUG]: Starting new HTTPS connection (1): launchtracker.raventeam.repl.co:443
[2022-10-18 18:08:17,377] [DEBUG]: https://launchtracker.raventeam.repl.co:443 "GET /paths HTTP/1.1" 429 None
[2022-10-18 18:08:17,406] [DEBUG]: Starting new HTTPS connection (1): launchtracker.raventeam.repl.co:443
[2022-10-18 18:08:17,739] [DEBUG]: https://launchtracker.raventeam.repl.co:443 "GET /paths HTTP/1.1" 429 None
[2022-10-18 18:08:17,785] [DEBUG]: Starting new HTTPS connection (1): launchtracker.raventeam.repl.co:443
[2022-10-18 18:08:18,233] [DEBUG]: https://launchtracker.raventeam.repl.co:443 "GET /paths HTTP/1.1" 429 None
[2022-10-18 18:08:18,251] [DEBUG]: Starting new HTTPS connection (1): launchtracker.raventeam.repl.co:443
[2022-10-18 18:08:23,569] [DEBUG]: https://launchtracker.raventeam.repl.co:443 "GET /paths HTTP/1.1" 404 None
[2022-10-18 18:08:23,575] [DEBUG]: Starting new HTTPS connection (1): launchtracker.raventeam.repl.co:443
[2022-10-18 18:08:23,938] [DEBUG]: https://launchtracker.raventeam.repl.co:443 "GET /paths HTTP/1.1" 429 None
[2022-10-18 18:08:23,955] [DEBUG]: Starting new HTTPS connection (1): launchtracker.raventeam.repl.co:443
[2022-10-18 18:08:29,437] [DEBUG]: https://launchtracker.raventeam.repl.co:443 "GET /paths HTTP/1.1" 404 None
[2022-10-18 18:08:29,445] [DEBUG]: Starting new HTTPS connection (1): launchtracker.raventeam.repl.co:443
[2022-10-18 18:08:34,981] [DEBUG]: https://launchtracker.raventeam.repl.co:443 "GET /paths HTTP/1.1" 404 None
[2022-10-18 18:08:34,983] [DEBUG]: Starting new HTTPS connection (1): launchtracker.raventeam.repl.co:443
[2022-10-18 18:08:40,537] [DEBUG]: https://launchtracker.raventeam.repl.co:443 "GET /paths HTTP/1.1" 404 None
[2022-10-18 18:08:40,548] [DEBUG]: Starting new HTTPS connection (1): launchtracker.raventeam.repl.co:443
[2022-10-18 18:08:41,101] [DEBUG]: https://launchtracker.raventeam.repl.co:443 "GET /paths HTTP/1.1" 429 None
[2022-10-18 18:08:41,110] [DEBUG]: Starting new HTTPS connection (1): launchtracker.raventeam.repl.co:443
[2022-10-18 18:08:41,523] [DEBUG]: https://launchtracker.raventeam.repl.co:443 "GET /paths HTTP/1.1" 429 None
[2022-10-18 18:08:41,530] [DEBUG]: Starting new HTTPS connection (1): launchtracker.raventeam.repl.co:443
[2022-10-18 18:08:42,019] [DEBUG]: https://launchtracker.raventeam.repl.co:443 "GET /paths HTTP/1.1" 429 None
[2022-10-18 18:08:42,070] [DEBUG]: Starting new HTTPS connection (1): launchtracker.raventeam.repl.co:443
[2022-10-18 18:08:42,414] [DEBUG]: https://launchtracker.raventeam.repl.co:443 "GET /paths HTTP/1.1" 429 None
[2022-10-18 18:08:42,445] [DEBUG]: Starting new HTTPS connection (1): launchtracker.raventeam.repl.co:443
[2022-10-18 18:08:42,939] [DEBUG]: https://launchtracker.raventeam.repl.co:443 "GET /paths HTTP/1.1" 429 None
[2022-10-18 18:08:42,974] [DEBUG]: Starting new HTTPS connection (1): launchtracker.raventeam.repl.co:443
[2022-10-18 18:08:43,344] [DEBUG]: https://launchtracker.raventeam.repl.co:443 "GET /paths HTTP/1.1" 429 None
[2022-10-18 18:08:43,365] [DEBUG]: Starting new HTTPS connection (1): launchtracker.raventeam.repl.co:443
[2022-10-18 18:08:43,860] [DEBUG]: https://launchtracker.raventeam.repl.co:443 "GET /paths HTTP/1.1" 429 None
[2022-10-18 18:08:43,895] [DEBUG]: Starting new HTTPS connection (1): launchtracker.raventeam.repl.co:443
[2022-10-18 18:08:44,296] [DEBUG]: https://launchtracker.raventeam.repl.co:443 "GET /paths HTTP/1.1" 429 None
[2022-10-18 18:08:44,306] [DEBUG]: Starting new HTTPS connection (1): launchtracker.raventeam.repl.co:443
[2022-10-18 18:08:44,790] [DEBUG]: https://launchtracker.raventeam.repl.co:443 "GET /paths HTTP/1.1" 429 None
[2022-10-18 18:08:44,825] [DEBUG]: Starting new HTTPS connection (1): launchtracker.raventeam.repl.co:443
[2022-10-18 18:08:50,309] [DEBUG]: https://launchtracker.raventeam.repl.co:443 "GET /paths HTTP/1.1" 404 None
[2022-10-18 18:08:50,311] [DEBUG]: Starting new HTTPS connection (1): launchtracker.raventeam.repl.co:443
[2022-10-18 18:08:50,985] [DEBUG]: https://launchtracker.raventeam.repl.co:443 "GET /paths HTTP/1.1" 429 None
[2022-10-18 18:08:51,020] [DEBUG]: Starting new HTTPS connection (1): launchtracker.raventeam.repl.co:443
[2022-10-18 18:08:51,418] [DEBUG]: https://launchtracker.raventeam.repl.co:443 "GET /paths HTTP/1.1" 429 None
[2022-10-18 18:08:51,457] [DEBUG]: Starting new HTTPS connection (1): launchtracker.raventeam.repl.co:443
[2022-10-18 18:08:51,913] [DEBUG]: https://launchtracker.raventeam.repl.co:443 "GET /paths HTTP/1.1" 429 None
[2022-10-18 18:08:51,948] [DEBUG]: Starting new HTTPS connection (1): launchtracker.raventeam.repl.co:443
[2022-10-18 18:08:52,432] [DEBUG]: https://launchtracker.raventeam.repl.co:443 "GET /paths HTTP/1.1" 429 None
[2022-10-18 18:08:52,470] [DEBUG]: Starting new HTTPS connection (1): launchtracker.raventeam.repl.co:443
[2022-10-18 18:08:52,802] [DEBUG]: https://launchtracker.raventeam.repl.co:443 "GET /paths HTTP/1.1" 429 None
[2022-10-18 18:08:52,842] [DEBUG]: Starting new HTTPS connection (1): launchtracker.raventeam.repl.co:443
[2022-10-18 18:08:53,169] [DEBUG]: https://launchtracker.raventeam.repl.co:443 "GET /paths HTTP/1.1" 429 None
[2022-10-18 18:08:53,192] [DEBUG]: Starting new HTTPS connection (1): launchtracker.raventeam.repl.co:443
[2022-10-18 18:08:53,524] [DEBUG]: https://launchtracker.raventeam.repl.co:443 "GET /paths HTTP/1.1" 429 None
[2022-10-18 18:08:53,564] [DEBUG]: Starting new HTTPS connection (1): launchtracker.raventeam.repl.co:443
[2022-10-18 18:08:53,888] [DEBUG]: https://launchtracker.raventeam.repl.co:443 "GET /paths HTTP/1.1" 429 None
[2022-10-18 18:08:53,913] [DEBUG]: Starting new HTTPS connection (1): launchtracker.raventeam.repl.co:443
[2022-10-18 18:08:54,394] [DEBUG]: https://launchtracker.raventeam.repl.co:443 "GET /paths HTTP/1.1" 429 None
[2022-10-18 18:08:54,429] [DEBUG]: Starting new HTTPS connection (1): launchtracker.raventeam.repl.co:443
[2022-10-18 18:08:59,758] [DEBUG]: https://launchtracker.raventeam.repl.co:443 "GET /paths HTTP/1.1" 404 None
[2022-10-18 18:08:59,768] [DEBUG]: Starting new HTTPS connection (1): launchtracker.raventeam.repl.co:443
[2022-10-18 18:09:00,099] [DEBUG]: https://launchtracker.raventeam.repl.co:443 "GET /paths HTTP/1.1" 429 None
[2022-10-18 18:09:00,143] [DEBUG]: Starting new HTTPS connection (1): launchtracker.raventeam.repl.co:443
[2022-10-18 18:09:00,717] [DEBUG]: https://launchtracker.raventeam.repl.co:443 "GET /paths HTTP/1.1" 429 None
[2022-10-18 18:09:00,752] [DEBUG]: Starting new HTTPS connection (1): launchtracker.raventeam.repl.co:443
[2022-10-18 18:09:01,081] [DEBUG]: https://launchtracker.raventeam.repl.co:443 "GET /paths HTTP/1.1" 429 None
[2022-10-18 18:09:01,093] [DEBUG]: Starting new HTTPS connection (1): launchtracker.raventeam.repl.co:443
[2022-10-18 18:09:06,749] [DEBUG]: https://launchtracker.raventeam.repl.co:443 "GET /paths HTTP/1.1" 429 None
[2022-10-18 18:09:06,800] [DEBUG]: Starting new HTTPS connection (1): launchtracker.raventeam.repl.co:443
[2022-10-18 18:09:07,125] [DEBUG]: https://launchtracker.raventeam.repl.co:443 "GET /paths HTTP/1.1" 429 None
[2022-10-18 18:09:07,143] [DEBUG]: Starting new HTTPS connection (1): launchtracker.raventeam.repl.co:443
[2022-10-18 18:09:07,470] [DEBUG]: https://launchtracker.raventeam.repl.co:443 "GET /paths HTTP/1.1" 429 None
[2022-10-18 18:09:07,491] [DEBUG]: Starting new HTTPS connection (1): launchtracker.raventeam.repl.co:443
[2022-10-18 18:09:07,978] [DEBUG]: https://launchtracker.raventeam.repl.co:443 "GET /paths HTTP/1.1" 429 None
[2022-10-18 18:09:08,020] [DEBUG]: Starting new HTTPS connection (1): launchtracker.raventeam.repl.co:443
[2022-10-18 18:09:08,347] [DEBUG]: https://launchtracker.raventeam.repl.co:443 "GET /paths HTTP/1.1" 429 None
[2022-10-18 18:09:08,354] [DEBUG]: Starting new HTTPS connection (1): launchtracker.raventeam.repl.co:443
[2022-10-18 18:09:13,683] [DEBUG]: https://launchtracker.raventeam.repl.co:443 "GET /paths HTTP/1.1" 404 None
[2022-10-18 18:09:13,690] [DEBUG]: Starting new HTTPS connection (1): launchtracker.raventeam.repl.co:443
[2022-10-18 18:09:14,253] [DEBUG]: https://launchtracker.raventeam.repl.co:443 "GET /paths HTTP/1.1" 429 None
[2022-10-18 18:09:14,277] [DEBUG]: Starting new HTTPS connection (1): launchtracker.raventeam.repl.co:443
[2022-10-18 18:09:14,597] [DEBUG]: https://launchtracker.raventeam.repl.co:443 "GET /paths HTTP/1.1" 429 None
[2022-10-18 18:09:14,601] [DEBUG]: Starting new HTTPS connection (1): launchtracker.raventeam.repl.co:443
[2022-10-18 18:09:14,923] [DEBUG]: https://launchtracker.raventeam.repl.co:443 "GET /paths HTTP/1.1" 429 None
[2022-10-18 18:09:14,946] [DEBUG]: Starting new HTTPS connection (1): launchtracker.raventeam.repl.co:443
[2022-10-18 18:09:20,445] [DEBUG]: https://launchtracker.raventeam.repl.co:443 "GET /paths HTTP/1.1" 404 None
[2022-10-18 18:09:20,457] [DEBUG]: Starting new HTTPS connection (1): launchtracker.raventeam.repl.co:443
[2022-10-18 18:09:25,755] [DEBUG]: https://launchtracker.raventeam.repl.co:443 "GET /paths HTTP/1.1" 404 None
[2022-10-18 18:09:25,762] [DEBUG]: Starting new HTTPS connection (1): launchtracker.raventeam.repl.co:443
[2022-10-18 18:09:26,462] [DEBUG]: https://launchtracker.raventeam.repl.co:443 "GET /paths HTTP/1.1" 429 None
[2022-10-18 18:09:26,497] [DEBUG]: Starting new HTTPS connection (1): launchtracker.raventeam.repl.co:443
[2022-10-18 18:09:26,834] [DEBUG]: https://launchtracker.raventeam.repl.co:443 "GET /paths HTTP/1.1" 429 None
[2022-10-18 18:09:26,840] [DEBUG]: Starting new HTTPS connection (1): launchtracker.raventeam.repl.co:443
[2022-10-18 18:09:32,171] [DEBUG]: https://launchtracker.raventeam.repl.co:443 "GET /paths HTTP/1.1" 404 None
[2022-10-18 18:09:32,176] [DEBUG]: Starting new HTTPS connection (1): launchtracker.raventeam.repl.co:443
[2022-10-18 18:09:32,534] [DEBUG]: https://launchtracker.raventeam.repl.co:443 "GET /paths HTTP/1.1" 429 None
[2022-10-18 18:09:32,554] [DEBUG]: Starting new HTTPS connection (1): launchtracker.raventeam.repl.co:443
[2022-10-18 18:09:33,048] [DEBUG]: https://launchtracker.raventeam.repl.co:443 "GET /paths HTTP/1.1" 429 None
[2022-10-18 18:09:33,086] [DEBUG]: Starting new HTTPS connection (1): launchtracker.raventeam.repl.co:443
[2022-10-18 18:09:33,610] [DEBUG]: https://launchtracker.raventeam.repl.co:443 "GET /paths HTTP/1.1" 429 None
[2022-10-18 18:09:33,631] [DEBUG]: Starting new HTTPS connection (1): launchtracker.raventeam.repl.co:443
[2022-10-18 18:09:33,964] [DEBUG]: https://launchtracker.raventeam.repl.co:443 "GET /paths HTTP/1.1" 429 None
[2022-10-18 18:09:33,970] [DEBUG]: Starting new HTTPS connection (1): launchtracker.raventeam.repl.co:443
[2022-10-18 18:09:34,305] [DEBUG]: https://launchtracker.raventeam.repl.co:443 "GET /paths HTTP/1.1" 429 None
[2022-10-18 18:09:34,334] [DEBUG]: Starting new HTTPS connection (1): launchtracker.raventeam.repl.co:443
