[2022-10-18 18:23:14,262] [DEBUG]: Starting new HTTPS connection (1): raw.githubusercontent.com:443
[2022-10-18 18:23:14,460] [DEBUG]: https://raw.githubusercontent.com:443 "GET /Kopamed/PyOverlay/main/PyOverlay.py HTTP/1.1" 200 8501
[2022-10-18 18:23:14,469] [DEBUG]: Starting new HTTPS connection (1): launchtracker.raventeam.repl.co:443
[2022-10-18 18:23:15,821] [DEBUG]: Starting new HTTPS connection (1): api.hypixel.net:443
[2022-10-18 18:23:16,025] [DEBUG]: https://api.hypixel.net:443 "GET /key?key=8cd58181-1983-47c4-982a-b92a31705647 HTTP/1.1" 200 None
[2022-10-18 18:23:20,057] [DEBUG]: https://launchtracker.raventeam.repl.co:443 "GET /paths HTTP/1.1" 404 None
[2022-10-18 18:23:20,064] [DEBUG]: Starting new HTTPS connection (1): launchtracker.raventeam.repl.co:443
[2022-10-18 18:23:20,400] [DEBUG]: https://launchtracker.raventeam.repl.co:443 "GET /paths HTTP/1.1" 429 None
[2022-10-18 18:23:20,408] [DEBUG]: Starting new HTTPS connection (1): launchtracker.raventeam.repl.co:443
[2022-10-18 18:23:20,902] [DEBUG]: https://launchtracker.raventeam.repl.co:443 "GET /paths HTTP/1.1" 429 None
[2022-10-18 18:23:20,948] [DEBUG]: Starting new HTTPS connection (1): launchtracker.raventeam.repl.co:443
[2022-10-18 18:23:26,438] [DEBUG]: https://launchtracker.raventeam.repl.co:443 "GET /paths HTTP/1.1" 404 None
[2022-10-18 18:23:26,447] [DEBUG]: Starting new HTTPS connection (1): launchtracker.raventeam.repl.co:443
[2022-10-18 18:23:31,993] [DEBUG]: https://launchtracker.raventeam.repl.co:443 "GET /paths HTTP/1.1" 404 None
[2022-10-18 18:23:32,013] [DEBUG]: Starting new HTTPS connection (1): launchtracker.raventeam.repl.co:443
[2022-10-18 18:23:32,706] [INFO]: ZulD0E0p2Fjoined the queue!
[2022-10-18 18:23:32,707] [DEBUG]: Starting new HTTPS connection (1): api.mojang.com:443
[2022-10-18 18:23:32,941] [DEBUG]: https://api.mojang.com:443 "GET /users/profiles/minecraft/ZulD0E0p2F HTTP/1.1" 204 0
[2022-10-18 18:23:32,953] [DEBUG]: Starting new HTTPS connection (1): api.hypixel.net:443
[2022-10-18 18:23:33,133] [DEBUG]: https://api.hypixel.net:443 "GET /player?key=8cd58181-1983-47c4-982a-b92a31705647&uuid=None HTTP/1.1" 422 42
[2022-10-18 18:23:33,145] [DEBUG]: Starting new HTTPS connection (1): api.hypixel.net:443
[2022-10-18 18:23:33,318] [DEBUG]: https://api.hypixel.net:443 "GET /player?key=8cd58181-1983-47c4-982a-b92a31705647&uuid=None HTTP/1.1" 422 42
[2022-10-18 18:23:33,330] [DEBUG]: Starting new HTTPS connection (1): api.hypixel.net:443
[2022-10-18 18:23:33,544] [DEBUG]: https://api.hypixel.net:443 "GET /player?key=8cd58181-1983-47c4-982a-b92a31705647&uuid=None HTTP/1.1" 422 42
[2022-10-18 18:23:33,556] [DEBUG]: Starting new HTTPS connection (1): api.hypixel.net:443
[2022-10-18 18:23:33,733] [DEBUG]: https://api.hypixel.net:443 "GET /player?key=8cd58181-1983-47c4-982a-b92a31705647&uuid=None HTTP/1.1" 422 42
[2022-10-18 18:23:33,745] [DEBUG]: Starting new HTTPS connection (1): api.hypixel.net:443
[2022-10-18 18:23:34,000] [DEBUG]: https://api.hypixel.net:443 "GET /player?key=8cd58181-1983-47c4-982a-b92a31705647&uuid=None HTTP/1.1" 422 42
[2022-10-18 18:23:34,012] [DEBUG]: Starting new HTTPS connection (1): api.hypixel.net:443
[2022-10-18 18:23:34,225] [DEBUG]: https://api.hypixel.net:443 "GET /player?key=8cd58181-1983-47c4-982a-b92a31705647&uuid=None HTTP/1.1" 422 42
[2022-10-18 18:23:34,237] [DEBUG]: Starting new HTTPS connection (1): api.hypixel.net:443
[2022-10-18 18:23:34,399] [DEBUG]: https://api.hypixel.net:443 "GET /player?key=8cd58181-1983-47c4-982a-b92a31705647&uuid=None HTTP/1.1" 422 42
[2022-10-18 18:23:34,411] [DEBUG]: Starting new HTTPS connection (1): api.hypixel.net:443
[2022-10-18 18:23:34,609] [DEBUG]: https://api.hypixel.net:443 "GET /player?key=8cd58181-1983-47c4-982a-b92a31705647&uuid=None HTTP/1.1" 422 42
[2022-10-18 18:23:34,622] [DEBUG]: Starting new HTTPS connection (1): api.hypixel.net:443
[2022-10-18 18:23:34,777] [DEBUG]: https://api.hypixel.net:443 "GET /player?key=8cd58181-1983-47c4-982a-b92a31705647&uuid=None HTTP/1.1" 422 42
[2022-10-18 18:23:34,789] [DEBUG]: Starting new HTTPS connection (1): api.hypixel.net:443
[2022-10-18 18:23:34,983] [DEBUG]: https://api.hypixel.net:443 "GET /player?key=8cd58181-1983-47c4-982a-b92a31705647&uuid=None HTTP/1.1" 422 42
[2022-10-18 18:23:34,995] [DEBUG]: Starting new HTTPS connection (1): api.hypixel.net:443
[2022-10-18 18:23:35,185] [DEBUG]: https://api.hypixel.net:443 "GET /player?key=8cd58181-1983-47c4-982a-b92a31705647&uuid=None HTTP/1.1" 422 42
[2022-10-18 18:23:35,197] [DEBUG]: Starting new HTTPS connection (1): api.hypixel.net:443
[2022-10-18 18:23:35,358] [DEBUG]: https://api.hypixel.net:443 "GET /player?key=8cd58181-1983-47c4-982a-b92a31705647&uuid=None HTTP/1.1" 422 42
[2022-10-18 18:23:35,370] [DEBUG]: Starting new HTTPS connection (1): api.hypixel.net:443
[2022-10-18 18:23:35,539] [DEBUG]: https://api.hypixel.net:443 "GET /player?key=8cd58181-1983-47c4-982a-b92a31705647&uuid=None HTTP/1.1" 422 42
[2022-10-18 18:23:35,551] [DEBUG]: Starting new HTTPS connection (1): api.hypixel.net:443
[2022-10-18 18:23:35,726] [DEBUG]: https://api.hypixel.net:443 "GET /player?key=8cd58181-1983-47c4-982a-b92a31705647&uuid=None HTTP/1.1" 422 42
[2022-10-18 18:23:35,738] [DEBUG]: Starting new HTTPS connection (1): api.hypixel.net:443
[2022-10-18 18:23:35,907] [DEBUG]: https://api.hypixel.net:443 "GET /player?key=8cd58181-1983-47c4-982a-b92a31705647&uuid=None HTTP/1.1" 422 42
[2022-10-18 18:23:35,919] [DEBUG]: Starting new HTTPS connection (1): api.hypixel.net:443
[2022-10-18 18:23:36,096] [DEBUG]: https://api.hypixel.net:443 "GET /player?key=8cd58181-1983-47c4-982a-b92a31705647&uuid=None HTTP/1.1" 422 42
[2022-10-18 18:23:36,108] [DEBUG]: Starting new HTTPS connection (1): api.hypixel.net:443
[2022-10-18 18:23:36,291] [DEBUG]: https://api.hypixel.net:443 "GET /player?key=8cd58181-1983-47c4-982a-b92a31705647&uuid=None HTTP/1.1" 422 42
[2022-10-18 18:23:36,303] [DEBUG]: Starting new HTTPS connection (1): api.hypixel.net:443
[2022-10-18 18:23:36,466] [DEBUG]: https://api.hypixel.net:443 "GET /player?key=8cd58181-1983-47c4-982a-b92a31705647&uuid=None HTTP/1.1" 422 42
[2022-10-18 18:23:36,478] [DEBUG]: Starting new HTTPS connection (1): api.hypixel.net:443
[2022-10-18 18:23:36,650] [DEBUG]: https://api.hypixel.net:443 "GET /player?key=8cd58181-1983-47c4-982a-b92a31705647&uuid=None HTTP/1.1" 422 42
[2022-10-18 18:23:36,662] [DEBUG]: Starting new HTTPS connection (1): api.hypixel.net:443
[2022-10-18 18:23:36,841] [DEBUG]: https://api.hypixel.net:443 "GET /player?key=8cd58181-1983-47c4-982a-b92a31705647&uuid=None HTTP/1.1" 422 42
[2022-10-18 18:23:36,853] [DEBUG]: Starting new HTTPS connection (1): api.hypixel.net:443
[2022-10-18 18:23:37,031] [DEBUG]: https://api.hypixel.net:443 "GET /player?key=8cd58181-1983-47c4-982a-b92a31705647&uuid=None HTTP/1.1" 422 42
[2022-10-18 18:23:37,043] [DEBUG]: Starting new HTTPS connection (1): api.hypixel.net:443
[2022-10-18 18:23:37,213] [DEBUG]: https://api.hypixel.net:443 "GET /player?key=8cd58181-1983-47c4-982a-b92a31705647&uuid=None HTTP/1.1" 422 42
[2022-10-18 18:23:37,225] [DEBUG]: Starting new HTTPS connection (1): api.hypixel.net:443
[2022-10-18 18:23:37,309] [DEBUG]: https://launchtracker.raventeam.repl.co:443 "GET /paths HTTP/1.1" 429 None
[2022-10-18 18:23:37,318] [DEBUG]: Starting new HTTPS connection (1): launchtracker.raventeam.repl.co:443
[2022-10-18 18:23:37,390] [DEBUG]: https://api.hypixel.net:443 "GET /player?key=8cd58181-1983-47c4-982a-b92a31705647&uuid=None HTTP/1.1" 422 42
[2022-10-18 18:23:37,402] [DEBUG]: Starting new HTTPS connection (1): api.hypixel.net:443
[2022-10-18 18:23:37,565] [DEBUG]: https://api.hypixel.net:443 "GET /player?key=8cd58181-1983-47c4-982a-b92a31705647&uuid=None HTTP/1.1" 422 42
[2022-10-18 18:23:37,577] [DEBUG]: Starting new HTTPS connection (1): api.hypixel.net:443
[2022-10-18 18:23:37,749] [DEBUG]: https://api.hypixel.net:443 "GET /player?key=8cd58181-1983-47c4-982a-b92a31705647&uuid=None HTTP/1.1" 422 42
[2022-10-18 18:23:37,761] [DEBUG]: Starting new HTTPS connection (1): api.hypixel.net:443
[2022-10-18 18:23:37,863] [DEBUG]: https://launchtracker.raventeam.repl.co:443 "GET /paths HTTP/1.1" 429 None
[2022-10-18 18:23:37,869] [DEBUG]: Starting new HTTPS connection (1): launchtracker.raventeam.repl.co:443
[2022-10-18 18:23:37,946] [DEBUG]: https://api.hypixel.net:443 "GET /player?key=8cd58181-1983-47c4-982a-b92a31705647&uuid=None HTTP/1.1" 422 42
[2022-10-18 18:23:37,958] [DEBUG]: Starting new HTTPS connection (1): api.hypixel.net:443
[2022-10-18 18:23:38,143] [DEBUG]: https://api.hypixel.net:443 "GET /player?key=8cd58181-1983-47c4-982a-b92a31705647&uuid=None HTTP/1.1" 422 42
[2022-10-18 18:23:38,158] [DEBUG]: Starting new HTTPS connection (1): api.hypixel.net:443
[2022-10-18 18:23:38,368] [DEBUG]: https://api.hypixel.net:443 "GET /player?key=8cd58181-1983-47c4-982a-b92a31705647&uuid=None HTTP/1.1" 422 42
[2022-10-18 18:23:38,374] [DEBUG]: https://launchtracker.raventeam.repl.co:443 "GET /paths HTTP/1.1" 429 None
[2022-10-18 18:23:38,380] [DEBUG]: Starting new HTTPS connection (1): api.hypixel.net:443
[2022-10-18 18:23:38,409] [DEBUG]: Starting new HTTPS connection (1): launchtracker.raventeam.repl.co:443
[2022-10-18 18:23:38,544] [DEBUG]: https://api.hypixel.net:443 "GET /player?key=8cd58181-1983-47c4-982a-b92a31705647&uuid=None HTTP/1.1" 422 42
[2022-10-18 18:23:38,558] [DEBUG]: Starting new HTTPS connection (1): api.hypixel.net:443
[2022-10-18 18:23:38,727] [DEBUG]: https://api.hypixel.net:443 "GET /player?key=8cd58181-1983-47c4-982a-b92a31705647&uuid=None HTTP/1.1" 422 42
[2022-10-18 18:23:38,743] [DEBUG]: Starting new HTTPS connection (1): api.hypixel.net:443
[2022-10-18 18:23:38,933] [DEBUG]: https://api.hypixel.net:443 "GET /player?key=8cd58181-1983-47c4-982a-b92a31705647&uuid=None HTTP/1.1" 422 42
[2022-10-18 18:23:38,945] [DEBUG]: Starting new HTTPS connection (1): api.hypixel.net:443
[2022-10-18 18:23:39,118] [DEBUG]: https://api.hypixel.net:443 "GET /player?key=8cd58181-1983-47c4-982a-b92a31705647&uuid=None HTTP/1.1" 422 42
[2022-10-18 18:23:39,135] [DEBUG]: Starting new HTTPS connection (1): api.hypixel.net:443
[2022-10-18 18:23:39,301] [DEBUG]: https://api.hypixel.net:443 "GET /player?key=8cd58181-1983-47c4-982a-b92a31705647&uuid=None HTTP/1.1" 422 42
[2022-10-18 18:23:39,316] [DEBUG]: Starting new HTTPS connection (1): api.hypixel.net:443
[2022-10-18 18:23:39,505] [DEBUG]: https://api.hypixel.net:443 "GET /player?key=8cd58181-1983-47c4-982a-b92a31705647&uuid=None HTTP/1.1" 422 42
[2022-10-18 18:23:39,518] [DEBUG]: Starting new HTTPS connection (1): api.hypixel.net:443
[2022-10-18 18:23:39,717] [DEBUG]: https://api.hypixel.net:443 "GET /player?key=8cd58181-1983-47c4-982a-b92a31705647&uuid=None HTTP/1.1" 422 42
[2022-10-18 18:23:39,730] [DEBUG]: Starting new HTTPS connection (1): api.hypixel.net:443
[2022-10-18 18:23:39,907] [DEBUG]: https://api.hypixel.net:443 "GET /player?key=8cd58181-1983-47c4-982a-b92a31705647&uuid=None HTTP/1.1" 422 42
[2022-10-18 18:23:39,920] [DEBUG]: Starting new HTTPS connection (1): api.hypixel.net:443
[2022-10-18 18:23:40,092] [DEBUG]: https://api.hypixel.net:443 "GET /player?key=8cd58181-1983-47c4-982a-b92a31705647&uuid=None HTTP/1.1" 422 42
[2022-10-18 18:23:40,107] [DEBUG]: Starting new HTTPS connection (1): api.hypixel.net:443
[2022-10-18 18:23:40,302] [DEBUG]: https://api.hypixel.net:443 "GET /player?key=8cd58181-1983-47c4-982a-b92a31705647&uuid=None HTTP/1.1" 422 42
[2022-10-18 18:23:40,317] [DEBUG]: Starting new HTTPS connection (1): api.hypixel.net:443
[2022-10-18 18:23:40,530] [DEBUG]: https://api.hypixel.net:443 "GET /player?key=8cd58181-1983-47c4-982a-b92a31705647&uuid=None HTTP/1.1" 422 42
[2022-10-18 18:23:40,545] [DEBUG]: Starting new HTTPS connection (1): api.hypixel.net:443
[2022-10-18 18:23:40,749] [DEBUG]: https://api.hypixel.net:443 "GET /player?key=8cd58181-1983-47c4-982a-b92a31705647&uuid=None HTTP/1.1" 422 42
[2022-10-18 18:23:40,762] [DEBUG]: Starting new HTTPS connection (1): api.hypixel.net:443
[2022-10-18 18:23:40,934] [DEBUG]: https://api.hypixel.net:443 "GET /player?key=8cd58181-1983-47c4-982a-b92a31705647&uuid=None HTTP/1.1" 422 42
[2022-10-18 18:23:40,951] [DEBUG]: Starting new HTTPS connection (1): api.hypixel.net:443
[2022-10-18 18:23:41,142] [DEBUG]: https://api.hypixel.net:443 "GET /player?key=8cd58181-1983-47c4-982a-b92a31705647&uuid=None HTTP/1.1" 422 42
[2022-10-18 18:23:41,158] [DEBUG]: Starting new HTTPS connection (1): api.hypixel.net:443
[2022-10-18 18:23:41,702] [DEBUG]: https://api.hypixel.net:443 "GET /player?key=8cd58181-1983-47c4-982a-b92a31705647&uuid=None HTTP/1.1" 422 42
[2022-10-18 18:23:41,716] [DEBUG]: Starting new HTTPS connection (1): api.hypixel.net:443
[2022-10-18 18:23:41,891] [DEBUG]: https://api.hypixel.net:443 "GET /player?key=8cd58181-1983-47c4-982a-b92a31705647&uuid=None HTTP/1.1" 422 42
[2022-10-18 18:23:41,905] [DEBUG]: Starting new HTTPS connection (1): api.hypixel.net:443
[2022-10-18 18:23:42,082] [DEBUG]: https://api.hypixel.net:443 "GET /player?key=8cd58181-1983-47c4-982a-b92a31705647&uuid=None HTTP/1.1" 422 42
[2022-10-18 18:23:42,094] [DEBUG]: Starting new HTTPS connection (1): api.hypixel.net:443
[2022-10-18 18:23:42,308] [DEBUG]: https://api.hypixel.net:443 "GET /player?key=8cd58181-1983-47c4-982a-b92a31705647&uuid=None HTTP/1.1" 422 42
[2022-10-18 18:23:42,324] [DEBUG]: Starting new HTTPS connection (1): api.hypixel.net:443
[2022-10-18 18:23:42,495] [DEBUG]: https://api.hypixel.net:443 "GET /player?key=8cd58181-1983-47c4-982a-b92a31705647&uuid=None HTTP/1.1" 422 42
[2022-10-18 18:23:42,510] [DEBUG]: Starting new HTTPS connection (1): api.hypixel.net:443
[2022-10-18 18:23:42,713] [DEBUG]: https://api.hypixel.net:443 "GET /player?key=8cd58181-1983-47c4-982a-b92a31705647&uuid=None HTTP/1.1" 422 42
[2022-10-18 18:23:42,726] [DEBUG]: Starting new HTTPS connection (1): api.hypixel.net:443
[2022-10-18 18:23:42,923] [DEBUG]: https://api.hypixel.net:443 "GET /player?key=8cd58181-1983-47c4-982a-b92a31705647&uuid=None HTTP/1.1" 422 42
[2022-10-18 18:23:42,940] [DEBUG]: Starting new HTTPS connection (1): api.hypixel.net:443
[2022-10-18 18:23:43,132] [DEBUG]: https://api.hypixel.net:443 "GET /player?key=8cd58181-1983-47c4-982a-b92a31705647&uuid=None HTTP/1.1" 422 42
[2022-10-18 18:23:43,146] [DEBUG]: Starting new HTTPS connection (1): api.hypixel.net:443
[2022-10-18 18:23:43,329] [DEBUG]: https://api.hypixel.net:443 "GET /player?key=8cd58181-1983-47c4-982a-b92a31705647&uuid=None HTTP/1.1" 422 42
[2022-10-18 18:23:43,341] [DEBUG]: Starting new HTTPS connection (1): api.hypixel.net:443
[2022-10-18 18:23:43,542] [DEBUG]: https://api.hypixel.net:443 "GET /player?key=8cd58181-1983-47c4-982a-b92a31705647&uuid=None HTTP/1.1" 422 42
[2022-10-18 18:23:43,557] [DEBUG]: Starting new HTTPS connection (1): api.hypixel.net:443
[2022-10-18 18:23:43,726] [DEBUG]: https://launchtracker.raventeam.repl.co:443 "GET /paths HTTP/1.1" 404 None
[2022-10-18 18:23:43,733] [DEBUG]: Starting new HTTPS connection (1): launchtracker.raventeam.repl.co:443
[2022-10-18 18:23:43,767] [DEBUG]: https://api.hypixel.net:443 "GET /player?key=8cd58181-1983-47c4-982a-b92a31705647&uuid=None HTTP/1.1" 422 42
[2022-10-18 18:23:43,778] [DEBUG]: Starting new HTTPS connection (1): api.hypixel.net:443
[2022-10-18 18:23:43,973] [DEBUG]: https://api.hypixel.net:443 "GET /player?key=8cd58181-1983-47c4-982a-b92a31705647&uuid=None HTTP/1.1" 422 42
[2022-10-18 18:23:43,988] [DEBUG]: Starting new HTTPS connection (1): api.hypixel.net:443
[2022-10-18 18:23:44,064] [DEBUG]: https://launchtracker.raventeam.repl.co:443 "GET /paths HTTP/1.1" 429 None
[2022-10-18 18:23:44,102] [DEBUG]: Starting new HTTPS connection (1): launchtracker.raventeam.repl.co:443
[2022-10-18 18:23:44,170] [DEBUG]: https://api.hypixel.net:443 "GET /player?key=8cd58181-1983-47c4-982a-b92a31705647&uuid=None HTTP/1.1" 422 42
[2022-10-18 18:23:44,186] [DEBUG]: Starting new HTTPS connection (1): api.hypixel.net:443
[2022-10-18 18:23:44,358] [DEBUG]: https://api.hypixel.net:443 "GET /player?key=8cd58181-1983-47c4-982a-b92a31705647&uuid=None HTTP/1.1" 422 42
[2022-10-18 18:23:44,372] [DEBUG]: Starting new HTTPS connection (1): api.hypixel.net:443
[2022-10-18 18:23:44,448] [DEBUG]: https://launchtracker.raventeam.repl.co:443 "GET /paths HTTP/1.1" 429 None
[2022-10-18 18:23:44,502] [DEBUG]: Starting new HTTPS connection (1): launchtracker.raventeam.repl.co:443
[2022-10-18 18:23:44,565] [DEBUG]: https://api.hypixel.net:443 "GET /player?key=8cd58181-1983-47c4-982a-b92a31705647&uuid=None HTTP/1.1" 422 42
[2022-10-18 18:23:44,578] [DEBUG]: Starting new HTTPS connection (1): api.hypixel.net:443
[2022-10-18 18:23:44,741] [DEBUG]: https://api.hypixel.net:443 "GET /player?key=8cd58181-1983-47c4-982a-b92a31705647&uuid=None HTTP/1.1" 422 42
[2022-10-18 18:23:44,756] [DEBUG]: Starting new HTTPS connection (1): api.hypixel.net:443
[2022-10-18 18:23:44,839] [DEBUG]: https://launchtracker.raventeam.repl.co:443 "GET /paths HTTP/1.1" 429 None
[2022-10-18 18:23:44,861] [DEBUG]: Starting new HTTPS connection (1): launchtracker.raventeam.repl.co:443
[2022-10-18 18:23:44,984] [DEBUG]: https://api.hypixel.net:443 "GET /player?key=8cd58181-1983-47c4-982a-b92a31705647&uuid=None HTTP/1.1" 422 42
[2022-10-18 18:23:44,999] [DEBUG]: Starting new HTTPS connection (1): api.hypixel.net:443
[2022-10-18 18:23:45,189] [DEBUG]: https://launchtracker.raventeam.repl.co:443 "GET /paths HTTP/1.1" 429 None
[2022-10-18 18:23:45,196] [DEBUG]: Starting new HTTPS connection (1): launchtracker.raventeam.repl.co:443
[2022-10-18 18:23:45,201] [DEBUG]: https://api.hypixel.net:443 "GET /player?key=8cd58181-1983-47c4-982a-b92a31705647&uuid=None HTTP/1.1" 422 42
[2022-10-18 18:23:45,214] [DEBUG]: Starting new HTTPS connection (1): api.hypixel.net:443
[2022-10-18 18:23:45,405] [DEBUG]: https://api.hypixel.net:443 "GET /player?key=8cd58181-1983-47c4-982a-b92a31705647&uuid=None HTTP/1.1" 422 42
[2022-10-18 18:23:45,421] [DEBUG]: Starting new HTTPS connection (1): api.hypixel.net:443
[2022-10-18 18:23:45,624] [DEBUG]: https://api.hypixel.net:443 "GET /player?key=8cd58181-1983-47c4-982a-b92a31705647&uuid=None HTTP/1.1" 422 42
[2022-10-18 18:23:45,639] [DEBUG]: Starting new HTTPS connection (1): api.hypixel.net:443
[2022-10-18 18:23:45,816] [DEBUG]: https://api.hypixel.net:443 "GET /player?key=8cd58181-1983-47c4-982a-b92a31705647&uuid=None HTTP/1.1" 422 42
[2022-10-18 18:23:45,833] [DEBUG]: Starting new HTTPS connection (1): api.hypixel.net:443
[2022-10-18 18:23:46,008] [DEBUG]: https://api.hypixel.net:443 "GET /player?key=8cd58181-1983-47c4-982a-b92a31705647&uuid=None HTTP/1.1" 422 42
[2022-10-18 18:23:46,025] [DEBUG]: Starting new HTTPS connection (1): api.hypixel.net:443
[2022-10-18 18:23:46,209] [DEBUG]: https://api.hypixel.net:443 "GET /player?key=8cd58181-1983-47c4-982a-b92a31705647&uuid=None HTTP/1.1" 422 42
[2022-10-18 18:23:46,222] [DEBUG]: Starting new HTTPS connection (1): api.hypixel.net:443
[2022-10-18 18:23:46,411] [DEBUG]: https://api.hypixel.net:443 "GET /player?key=8cd58181-1983-47c4-982a-b92a31705647&uuid=None HTTP/1.1" 422 42
[2022-10-18 18:23:46,428] [DEBUG]: Starting new HTTPS connection (1): api.hypixel.net:443
[2022-10-18 18:23:46,614] [DEBUG]: https://api.hypixel.net:443 "GET /player?key=8cd58181-1983-47c4-982a-b92a31705647&uuid=None HTTP/1.1" 422 42
[2022-10-18 18:23:46,630] [DEBUG]: Starting new HTTPS connection (1): api.hypixel.net:443
[2022-10-18 18:23:46,964] [DEBUG]: https://api.hypixel.net:443 "GET /player?key=8cd58181-1983-47c4-982a-b92a31705647&uuid=None HTTP/1.1" 422 42
[2022-10-18 18:23:46,978] [DEBUG]: Starting new HTTPS connection (1): api.hypixel.net:443
[2022-10-18 18:23:47,177] [DEBUG]: https://api.hypixel.net:443 "GET /player?key=8cd58181-1983-47c4-982a-b92a31705647&uuid=None HTTP/1.1" 422 42
[2022-10-18 18:23:47,190] [DEBUG]: Starting new HTTPS connection (1): api.hypixel.net:443
[2022-10-18 18:23:47,362] [DEBUG]: https://api.hypixel.net:443 "GET /player?key=8cd58181-1983-47c4-982a-b92a31705647&uuid=None HTTP/1.1" 422 42
[2022-10-18 18:23:47,376] [DEBUG]: Starting new HTTPS connection (1): api.hypixel.net:443
[2022-10-18 18:23:47,571] [DEBUG]: https://api.hypixel.net:443 "GET /player?key=8cd58181-1983-47c4-982a-b92a31705647&uuid=None HTTP/1.1" 422 42
[2022-10-18 18:23:47,585] [DEBUG]: Starting new HTTPS connection (1): api.hypixel.net:443
