[2022-10-18 18:11:29,861] [DEBUG]: Starting new HTTPS connection (1): raw.githubusercontent.com:443
[2022-10-18 18:11:30,073] [DEBUG]: https://raw.githubusercontent.com:443 "GET /Kopamed/PyOverlay/main/PyOverlay.py HTTP/1.1" 200 8501
[2022-10-18 18:11:30,078] [DEBUG]: Starting new HTTPS connection (1): launchtracker.raventeam.repl.co:443
[2022-10-18 18:11:30,664] [DEBUG]: https://launchtracker.raventeam.repl.co:443 "GET /paths HTTP/1.1" 429 None
[2022-10-18 18:11:30,685] [DEBUG]: Starting new HTTPS connection (1): launchtracker.raventeam.repl.co:443
[2022-10-18 18:11:31,029] [DEBUG]: https://launchtracker.raventeam.repl.co:443 "GET /paths HTTP/1.1" 429 None
[2022-10-18 18:11:31,084] [DEBUG]: Starting new HTTPS connection (1): launchtracker.raventeam.repl.co:443
[2022-10-18 18:11:31,449] [DEBUG]: https://launchtracker.raventeam.repl.co:443 "GET /paths HTTP/1.1" 429 None
[2022-10-18 18:11:31,472] [DEBUG]: Starting new HTTPS connection (1): launchtracker.raventeam.repl.co:443
[2022-10-18 18:11:31,555] [DEBUG]: Starting new HTTPS connection (1): api.hypixel.net:443
[2022-10-18 18:11:31,759] [DEBUG]: https://api.hypixel.net:443 "GET /key?key=8cd58181-1983-47c4-982a-b92a31705647 HTTP/1.1" 200 None
[2022-10-18 18:11:31,963] [DEBUG]: https://launchtracker.raventeam.repl.co:443 "GET /paths HTTP/1.1" 429 None
[2022-10-18 18:11:32,002] [DEBUG]: Starting new HTTPS connection (1): launchtracker.raventeam.repl.co:443
[2022-10-18 18:11:34,482] [INFO]: ilyBreezjoined the queue!
[2022-10-18 18:11:34,483] [DEBUG]: Starting new HTTPS connection (1): api.mojang.com:443
[2022-10-18 18:11:34,670] [DEBUG]: https://api.mojang.com:443 "GET /users/profiles/minecraft/ilyBreez HTTP/1.1" 200 59
[2022-10-18 18:11:34,682] [DEBUG]: Starting new HTTPS connection (1): api.hypixel.net:443
[2022-10-18 18:11:34,688] [INFO]: Joined new queue!
[2022-10-18 18:11:34,691] [DEBUG]: ilyBreez was in cache
[2022-10-18 18:11:34,694] [DEBUG]: Started mass stat request: ['oTriviql', '747ffps', '1JavaAccount']
[2022-10-18 18:11:34,695] [DEBUG]: Starting new HTTPS connection (1): api.mojang.com:443
[2022-10-18 18:11:34,855] [DEBUG]: https://api.hypixel.net:443 "GET /player?key=8cd58181-1983-47c4-982a-b92a31705647&uuid=be3402e08dbd439e91899f577dad607f HTTP/1.1" 200 None
[2022-10-18 18:11:34,967] [DEBUG]: https://api.mojang.com:443 "POST /profiles/minecraft HTTP/1.1" 200 184
[2022-10-18 18:11:34,979] [DEBUG]: Starting new HTTPS connection (1): api.hypixel.net:443
[2022-10-18 18:11:34,980] [DEBUG]: Starting new HTTPS connection (1): api.hypixel.net:443
[2022-10-18 18:11:34,980] [DEBUG]: Starting new HTTPS connection (1): api.hypixel.net:443
[2022-10-18 18:11:35,177] [DEBUG]: https://api.hypixel.net:443 "GET /player?key=8cd58181-1983-47c4-982a-b92a31705647&uuid=07281c43569a45ad82d9a847b7e28d14 HTTP/1.1" 200 None
[2022-10-18 18:11:35,179] [DEBUG]: https://api.hypixel.net:443 "GET /player?key=8cd58181-1983-47c4-982a-b92a31705647&uuid=d040b9a4977545faa6bd020d1baae820 HTTP/1.1" 200 None
[2022-10-18 18:11:35,210] [DEBUG]: https://api.hypixel.net:443 "GET /player?key=8cd58181-1983-47c4-982a-b92a31705647&uuid=fe7f95794d704fe286fd8f0dc2ad1497 HTTP/1.1" 200 None
[2022-10-18 18:11:37,216] [INFO]: TheSkilllionjoined the queue!
[2022-10-18 18:11:37,217] [DEBUG]: Starting new HTTPS connection (1): api.mojang.com:443
[2022-10-18 18:11:37,284] [DEBUG]: https://launchtracker.raventeam.repl.co:443 "GET /paths HTTP/1.1" 404 None
[2022-10-18 18:11:37,286] [DEBUG]: Starting new HTTPS connection (1): launchtracker.raventeam.repl.co:443
[2022-10-18 18:11:37,593] [DEBUG]: https://api.mojang.com:443 "GET /users/profiles/minecraft/TheSkilllion HTTP/1.1" 200 63
[2022-10-18 18:11:37,605] [DEBUG]: Starting new HTTPS connection (1): api.hypixel.net:443
[2022-10-18 18:11:37,605] [DEBUG]: https://launchtracker.raventeam.repl.co:443 "GET /paths HTTP/1.1" 429 None
[2022-10-18 18:11:37,626] [DEBUG]: Starting new HTTPS connection (1): launchtracker.raventeam.repl.co:443
[2022-10-18 18:11:37,843] [DEBUG]: https://api.hypixel.net:443 "GET /player?key=8cd58181-1983-47c4-982a-b92a31705647&uuid=0129b105d7db4082baa555bad2829204 HTTP/1.1" 200 None
[2022-10-18 18:11:42,942] [DEBUG]: https://launchtracker.raventeam.repl.co:443 "GET /paths HTTP/1.1" 404 None
[2022-10-18 18:11:42,954] [DEBUG]: Starting new HTTPS connection (1): launchtracker.raventeam.repl.co:443
[2022-10-18 18:11:43,816] [DEBUG]: https://launchtracker.raventeam.repl.co:443 "GET /paths HTTP/1.1" 429 None
[2022-10-18 18:11:43,854] [DEBUG]: Starting new HTTPS connection (1): launchtracker.raventeam.repl.co:443
[2022-10-18 18:11:44,372] [DEBUG]: https://launchtracker.raventeam.repl.co:443 "GET /paths HTTP/1.1" 429 None
[2022-10-18 18:11:44,391] [DEBUG]: Starting new HTTPS connection (1): launchtracker.raventeam.repl.co:443
[2022-10-18 18:11:44,680] [INFO]: ilyBreezjoined the queue!
[2022-10-18 18:11:44,886] [INFO]: Joined new queue!
[2022-10-18 18:11:44,889] [DEBUG]: oTriviql was in cache
[2022-10-18 18:11:44,892] [DEBUG]: 1JavaAccount was in cache
[2022-10-18 18:11:44,892] [DEBUG]: https://launchtracker.raventeam.repl.co:443 "GET /paths HTTP/1.1" 429 None
[2022-10-18 18:11:44,895] [DEBUG]: ilyBreez was in cache
[2022-10-18 18:11:44,898] [DEBUG]: Started mass stat request: ['747ffps', 'TheSkilllion', 'Sarkos5', 'BitLearner45687', 'cookie_cloudy', 'Simonek338', 'SkyIsDying', 'ItsElectroax', 'SomeSkill', 'THOMASLEO']
[2022-10-18 18:11:44,900] [DEBUG]: Starting new HTTPS connection (1): api.mojang.com:443
[2022-10-18 18:11:44,917] [DEBUG]: Starting new HTTPS connection (1): launchtracker.raventeam.repl.co:443
[2022-10-18 18:11:45,423] [DEBUG]: https://launchtracker.raventeam.repl.co:443 "GET /paths HTTP/1.1" 429 None
[2022-10-18 18:11:45,461] [DEBUG]: Starting new HTTPS connection (1): launchtracker.raventeam.repl.co:443
[2022-10-18 18:11:45,788] [DEBUG]: https://launchtracker.raventeam.repl.co:443 "GET /paths HTTP/1.1" 429 None
[2022-10-18 18:11:45,816] [DEBUG]: Starting new HTTPS connection (1): launchtracker.raventeam.repl.co:443
[2022-10-18 18:11:45,908] [INFO]: Icegirl_2901joined the queue!
[2022-10-18 18:11:45,909] [DEBUG]: Starting new HTTPS connection (1): api.mojang.com:443
[2022-10-18 18:11:46,093] [DEBUG]: https://api.mojang.com:443 "GET /users/profiles/minecraft/Icegirl_2901 HTTP/1.1" 200 63
[2022-10-18 18:11:46,105] [DEBUG]: Starting new HTTPS connection (1): api.hypixel.net:443
[2022-10-18 18:11:46,273] [DEBUG]: https://launchtracker.raventeam.repl.co:443 "GET /paths HTTP/1.1" 429 None
[2022-10-18 18:11:46,283] [DEBUG]: https://api.hypixel.net:443 "GET /player?key=8cd58181-1983-47c4-982a-b92a31705647&uuid=3d09c842e31d46d2b4421c641b482713 HTTP/1.1" 200 None
[2022-10-18 18:11:46,313] [DEBUG]: Starting new HTTPS connection (1): launchtracker.raventeam.repl.co:443
[2022-10-18 18:11:46,634] [DEBUG]: https://launchtracker.raventeam.repl.co:443 "GET /paths HTTP/1.1" 429 None
[2022-10-18 18:11:46,643] [DEBUG]: Starting new HTTPS connection (1): launchtracker.raventeam.repl.co:443
[2022-10-18 18:11:50,363] [DEBUG]: https://api.mojang.com:443 "POST /profiles/minecraft HTTP/1.1" 200 625
[2022-10-18 18:11:50,375] [DEBUG]: Starting new HTTPS connection (1): api.hypixel.net:443
[2022-10-18 18:11:50,376] [DEBUG]: Starting new HTTPS connection (1): api.hypixel.net:443
[2022-10-18 18:11:50,377] [DEBUG]: Starting new HTTPS connection (1): api.hypixel.net:443
[2022-10-18 18:11:50,377] [DEBUG]: Starting new HTTPS connection (1): api.hypixel.net:443
[2022-10-18 18:11:50,378] [DEBUG]: Starting new HTTPS connection (1): api.hypixel.net:443
[2022-10-18 18:11:50,379] [DEBUG]: Starting new HTTPS connection (1): api.hypixel.net:443
[2022-10-18 18:11:50,379] [DEBUG]: Starting new HTTPS connection (1): api.hypixel.net:443
[2022-10-18 18:11:50,380] [DEBUG]: Starting new HTTPS connection (1): api.hypixel.net:443
[2022-10-18 18:11:50,382] [DEBUG]: Starting new HTTPS connection (1): api.hypixel.net:443
[2022-10-18 18:11:50,382] [DEBUG]: Starting new HTTPS connection (1): api.hypixel.net:443
[2022-10-18 18:11:50,554] [DEBUG]: https://api.hypixel.net:443 "GET /player?key=8cd58181-1983-47c4-982a-b92a31705647&uuid=36af921030de4c449fbc150f6bb4dbc3 HTTP/1.1" 200 None
[2022-10-18 18:11:50,557] [DEBUG]: https://api.hypixel.net:443 "GET /player?key=8cd58181-1983-47c4-982a-b92a31705647&uuid=fe7f95794d704fe286fd8f0dc2ad1497 HTTP/1.1" 200 None
[2022-10-18 18:11:50,561] [DEBUG]: https://api.hypixel.net:443 "GET /player?key=8cd58181-1983-47c4-982a-b92a31705647&uuid=0129b105d7db4082baa555bad2829204 HTTP/1.1" 200 None
[2022-10-18 18:11:50,565] [DEBUG]: https://api.hypixel.net:443 "GET /player?key=8cd58181-1983-47c4-982a-b92a31705647&uuid=51b42e542a114984bb021c745471a30c HTTP/1.1" 200 None
[2022-10-18 18:11:50,569] [DEBUG]: https://api.hypixel.net:443 "GET /player?key=8cd58181-1983-47c4-982a-b92a31705647&uuid=6b6dd54754e441e2b62585ff9a0c1097 HTTP/1.1" 200 None
[2022-10-18 18:11:50,578] [DEBUG]: https://api.hypixel.net:443 "GET /player?key=8cd58181-1983-47c4-982a-b92a31705647&uuid=e7597d47dff34ec3a214c104c9b23e6a HTTP/1.1" 200 None
[2022-10-18 18:11:50,579] [DEBUG]: https://api.hypixel.net:443 "GET /player?key=8cd58181-1983-47c4-982a-b92a31705647&uuid=bb87a07080d748da815121274e75c3f7 HTTP/1.1" 200 None
[2022-10-18 18:11:50,586] [DEBUG]: https://api.hypixel.net:443 "GET /player?key=8cd58181-1983-47c4-982a-b92a31705647&uuid=6895dc51e0f44e29ac9d000a081a92d8 HTTP/1.1" 200 None
[2022-10-18 18:11:50,587] [DEBUG]: https://api.hypixel.net:443 "GET /player?key=8cd58181-1983-47c4-982a-b92a31705647&uuid=56d8c463fb734cdc9c540220a4576738 HTTP/1.1" 200 None
[2022-10-18 18:11:50,625] [DEBUG]: https://api.hypixel.net:443 "GET /player?key=8cd58181-1983-47c4-982a-b92a31705647&uuid=4b40baa4728a4d26b726647d97d728bb HTTP/1.1" 200 None
[2022-10-18 18:11:51,969] [DEBUG]: https://launchtracker.raventeam.repl.co:443 "GET /paths HTTP/1.1" 404 None
[2022-10-18 18:11:51,983] [DEBUG]: Starting new HTTPS connection (1): launchtracker.raventeam.repl.co:443
[2022-10-18 18:11:54,280] [INFO]: ilyBreezjoined the queue!
[2022-10-18 18:11:54,385] [INFO]: SkyIsDying has left the queue
[2022-10-18 18:11:54,489] [INFO]: Joined new queue!
[2022-10-18 18:11:54,493] [DEBUG]: oTriviql was in cache
[2022-10-18 18:11:54,496] [DEBUG]: 1JavaAccount was in cache
[2022-10-18 18:11:54,499] [DEBUG]: Sarkos5 was in cache
[2022-10-18 18:11:54,502] [DEBUG]: cookie_cloudy was in cache
[2022-10-18 18:11:54,505] [DEBUG]: ItsElectroax was in cache
[2022-10-18 18:11:54,508] [DEBUG]: Icegirl_2901 was in cache
[2022-10-18 18:11:54,512] [DEBUG]: ilyBreez was in cache
[2022-10-18 18:11:54,515] [DEBUG]: Started mass stat request: ['747ffps', 'TheSkilllion', 'BitLearner45687', 'Simonek338', 'THOMASLEO', 'gamemonkey3412']
[2022-10-18 18:11:54,516] [DEBUG]: Starting new HTTPS connection (1): api.mojang.com:443
[2022-10-18 18:11:54,725] [DEBUG]: https://api.mojang.com:443 "POST /profiles/minecraft HTTP/1.1" 200 380
[2022-10-18 18:11:54,737] [DEBUG]: Starting new HTTPS connection (1): api.hypixel.net:443
[2022-10-18 18:11:54,738] [DEBUG]: Starting new HTTPS connection (1): api.hypixel.net:443
[2022-10-18 18:11:54,739] [DEBUG]: Starting new HTTPS connection (1): api.hypixel.net:443
[2022-10-18 18:11:54,740] [DEBUG]: Starting new HTTPS connection (1): api.hypixel.net:443
[2022-10-18 18:11:54,740] [DEBUG]: Starting new HTTPS connection (1): api.hypixel.net:443
[2022-10-18 18:11:54,740] [DEBUG]: Starting new HTTPS connection (1): api.hypixel.net:443
[2022-10-18 18:11:54,921] [DEBUG]: https://api.hypixel.net:443 "GET /player?key=8cd58181-1983-47c4-982a-b92a31705647&uuid=0ecc1f2fc6b148c998f3af425f947046 HTTP/1.1" 200 None
[2022-10-18 18:11:54,922] [DEBUG]: https://api.hypixel.net:443 "GET /player?key=8cd58181-1983-47c4-982a-b92a31705647&uuid=e7597d47dff34ec3a214c104c9b23e6a HTTP/1.1" 200 None
[2022-10-18 18:11:54,935] [DEBUG]: https://api.hypixel.net:443 "GET /player?key=8cd58181-1983-47c4-982a-b92a31705647&uuid=fe7f95794d704fe286fd8f0dc2ad1497 HTTP/1.1" 200 None
[2022-10-18 18:11:54,948] [DEBUG]: https://api.hypixel.net:443 "GET /player?key=8cd58181-1983-47c4-982a-b92a31705647&uuid=6895dc51e0f44e29ac9d000a081a92d8 HTTP/1.1" 200 None
[2022-10-18 18:11:54,954] [DEBUG]: https://api.hypixel.net:443 "GET /player?key=8cd58181-1983-47c4-982a-b92a31705647&uuid=0129b105d7db4082baa555bad2829204 HTTP/1.1" 200 None
[2022-10-18 18:11:54,968] [DEBUG]: https://api.hypixel.net:443 "GET /player?key=8cd58181-1983-47c4-982a-b92a31705647&uuid=4b40baa4728a4d26b726647d97d728bb HTTP/1.1" 200 None
[2022-10-18 18:11:55,624] [INFO]: MCsheep432joined the queue!
[2022-10-18 18:11:55,625] [DEBUG]: Starting new HTTPS connection (1): api.mojang.com:443
[2022-10-18 18:11:55,835] [DEBUG]: https://api.mojang.com:443 "GET /users/profiles/minecraft/MCsheep432 HTTP/1.1" 200 61
[2022-10-18 18:11:55,847] [DEBUG]: Starting new HTTPS connection (1): api.hypixel.net:443
[2022-10-18 18:11:56,042] [DEBUG]: https://api.hypixel.net:443 "GET /player?key=8cd58181-1983-47c4-982a-b92a31705647&uuid=addcd5875949433693f4ae42b05c1251 HTTP/1.1" 200 None
[2022-10-18 18:11:56,536] [INFO]: WeRBuZZjoined the queue!
[2022-10-18 18:11:56,536] [DEBUG]: Starting new HTTPS connection (1): api.mojang.com:443
[2022-10-18 18:11:56,714] [DEBUG]: https://api.mojang.com:443 "GET /users/profiles/minecraft/WeRBuZZ HTTP/1.1" 200 58
[2022-10-18 18:11:56,725] [DEBUG]: Starting new HTTPS connection (1): api.hypixel.net:443
[2022-10-18 18:11:56,935] [DEBUG]: https://api.hypixel.net:443 "GET /player?key=8cd58181-1983-47c4-982a-b92a31705647&uuid=fc0aaf586d4046adbd98cf89f8fdb427 HTTP/1.1" 200 None
[2022-10-18 18:11:57,331] [DEBUG]: https://launchtracker.raventeam.repl.co:443 "GET /paths HTTP/1.1" 404 None
[2022-10-18 18:11:57,333] [DEBUG]: Starting new HTTPS connection (1): launchtracker.raventeam.repl.co:443
[2022-10-18 18:12:02,287] [INFO]: ilyBreezjoined the queue!
[2022-10-18 18:12:02,492] [INFO]: Joined new queue!
[2022-10-18 18:12:02,495] [DEBUG]: oTriviql was in cache
[2022-10-18 18:12:02,499] [DEBUG]: 1JavaAccount was in cache
[2022-10-18 18:12:02,502] [DEBUG]: Sarkos5 was in cache
[2022-10-18 18:12:02,506] [DEBUG]: cookie_cloudy was in cache
[2022-10-18 18:12:02,509] [DEBUG]: ItsElectroax was in cache
[2022-10-18 18:12:02,512] [DEBUG]: Icegirl_2901 was in cache
[2022-10-18 18:12:02,515] [DEBUG]: WeRBuZZ was in cache
[2022-10-18 18:12:02,518] [DEBUG]: Started mass stat request: ['747ffps', 'TheSkilllion', 'BitLearner45687', 'Simonek338', 'THOMASLEO', 'gamemonkey3412', 'ilyBreez']
[2022-10-18 18:12:02,519] [DEBUG]: Starting new HTTPS connection (1): api.mojang.com:443
[2022-10-18 18:12:02,620] [INFO]: Comerayjoined the queue!
[2022-10-18 18:12:02,620] [DEBUG]: Starting new HTTPS connection (1): api.mojang.com:443
[2022-10-18 18:12:02,788] [DEBUG]: https://api.mojang.com:443 "POST /profiles/minecraft HTTP/1.1" 200 440
[2022-10-18 18:12:02,800] [DEBUG]: Starting new HTTPS connection (1): api.hypixel.net:443
[2022-10-18 18:12:02,800] [DEBUG]: Starting new HTTPS connection (1): api.hypixel.net:443
[2022-10-18 18:12:02,801] [DEBUG]: Starting new HTTPS connection (1): api.hypixel.net:443
[2022-10-18 18:12:02,802] [DEBUG]: Starting new HTTPS connection (1): api.hypixel.net:443
[2022-10-18 18:12:02,804] [DEBUG]: Starting new HTTPS connection (1): api.hypixel.net:443
[2022-10-18 18:12:02,804] [DEBUG]: Starting new HTTPS connection (1): api.hypixel.net:443
[2022-10-18 18:12:02,804] [DEBUG]: Starting new HTTPS connection (1): api.hypixel.net:443
[2022-10-18 18:12:02,988] [DEBUG]: https://api.hypixel.net:443 "GET /player?key=8cd58181-1983-47c4-982a-b92a31705647&uuid=fe7f95794d704fe286fd8f0dc2ad1497 HTTP/1.1" 200 None
[2022-10-18 18:12:02,997] [DEBUG]: https://api.hypixel.net:443 "GET /player?key=8cd58181-1983-47c4-982a-b92a31705647&uuid=e7597d47dff34ec3a214c104c9b23e6a HTTP/1.1" 200 None
[2022-10-18 18:12:02,999] [DEBUG]: https://api.mojang.com:443 "GET /users/profiles/minecraft/Comeray HTTP/1.1" 200 58
[2022-10-18 18:12:03,011] [DEBUG]: Starting new HTTPS connection (1): api.hypixel.net:443
[2022-10-18 18:12:03,017] [DEBUG]: https://api.hypixel.net:443 "GET /player?key=8cd58181-1983-47c4-982a-b92a31705647&uuid=0ecc1f2fc6b148c998f3af425f947046 HTTP/1.1" 200 None
[2022-10-18 18:12:03,023] [DEBUG]: https://api.hypixel.net:443 "GET /player?key=8cd58181-1983-47c4-982a-b92a31705647&uuid=be3402e08dbd439e91899f577dad607f HTTP/1.1" 200 None
[2022-10-18 18:12:03,024] [DEBUG]: https://api.hypixel.net:443 "GET /player?key=8cd58181-1983-47c4-982a-b92a31705647&uuid=6895dc51e0f44e29ac9d000a081a92d8 HTTP/1.1" 200 None
[2022-10-18 18:12:03,030] [DEBUG]: https://api.hypixel.net:443 "GET /player?key=8cd58181-1983-47c4-982a-b92a31705647&uuid=4b40baa4728a4d26b726647d97d728bb HTTP/1.1" 200 None
[2022-10-18 18:12:03,062] [DEBUG]: https://api.hypixel.net:443 "GET /player?key=8cd58181-1983-47c4-982a-b92a31705647&uuid=0129b105d7db4082baa555bad2829204 HTTP/1.1" 200 None
[2022-10-18 18:12:03,097] [DEBUG]: https://launchtracker.raventeam.repl.co:443 "GET /paths HTTP/1.1" 404 None
[2022-10-18 18:12:03,106] [DEBUG]: Starting new HTTPS connection (1): launchtracker.raventeam.repl.co:443
[2022-10-18 18:12:03,243] [DEBUG]: https://api.hypixel.net:443 "GET /player?key=8cd58181-1983-47c4-982a-b92a31705647&uuid=f8b1e3776b2240d68ff4a97cd5068b5b HTTP/1.1" 200 None
[2022-10-18 18:12:03,591] [DEBUG]: https://launchtracker.raventeam.repl.co:443 "GET /paths HTTP/1.1" 429 None
[2022-10-18 18:12:03,630] [DEBUG]: Starting new HTTPS connection (1): launchtracker.raventeam.repl.co:443
[2022-10-18 18:12:06,255] [INFO]: Bigboyibby404joined the queue!
[2022-10-18 18:12:06,256] [DEBUG]: Starting new HTTPS connection (1): api.mojang.com:443
[2022-10-18 18:12:06,453] [DEBUG]: https://api.mojang.com:443 "GET /users/profiles/minecraft/Bigboyibby404 HTTP/1.1" 200 64
[2022-10-18 18:12:06,465] [DEBUG]: Starting new HTTPS connection (1): api.hypixel.net:443
[2022-10-18 18:12:06,675] [DEBUG]: https://api.hypixel.net:443 "GET /player?key=8cd58181-1983-47c4-982a-b92a31705647&uuid=5bc5d53ba3684fd59647b2e35e44dc77 HTTP/1.1" 200 None
[2022-10-18 18:12:08,925] [DEBUG]: https://launchtracker.raventeam.repl.co:443 "GET /paths HTTP/1.1" 404 None
[2022-10-18 18:12:08,945] [DEBUG]: Starting new HTTPS connection (1): launchtracker.raventeam.repl.co:443
[2022-10-18 18:12:09,502] [DEBUG]: https://launchtracker.raventeam.repl.co:443 "GET /paths HTTP/1.1" 429 None
[2022-10-18 18:12:09,523] [DEBUG]: Starting new HTTPS connection (1): launchtracker.raventeam.repl.co:443
[2022-10-18 18:12:14,969] [DEBUG]: https://launchtracker.raventeam.repl.co:443 "GET /paths HTTP/1.1" 404 None
[2022-10-18 18:12:14,970] [DEBUG]: Starting new HTTPS connection (1): launchtracker.raventeam.repl.co:443
[2022-10-18 18:12:15,655] [DEBUG]: https://launchtracker.raventeam.repl.co:443 "GET /paths HTTP/1.1" 429 None
[2022-10-18 18:12:15,703] [DEBUG]: Starting new HTTPS connection (1): launchtracker.raventeam.repl.co:443
[2022-10-18 18:12:16,030] [DEBUG]: https://launchtracker.raventeam.repl.co:443 "GET /paths HTTP/1.1" 429 None
[2022-10-18 18:12:16,076] [DEBUG]: Starting new HTTPS connection (1): launchtracker.raventeam.repl.co:443
[2022-10-18 18:12:16,393] [DEBUG]: https://launchtracker.raventeam.repl.co:443 "GET /paths HTTP/1.1" 429 None
[2022-10-18 18:12:16,398] [DEBUG]: Starting new HTTPS connection (1): launchtracker.raventeam.repl.co:443
[2022-10-18 18:12:16,735] [DEBUG]: https://launchtracker.raventeam.repl.co:443 "GET /paths HTTP/1.1" 429 None
[2022-10-18 18:12:16,775] [DEBUG]: Starting new HTTPS connection (1): launchtracker.raventeam.repl.co:443
[2022-10-18 18:12:17,272] [DEBUG]: https://launchtracker.raventeam.repl.co:443 "GET /paths HTTP/1.1" 429 None
[2022-10-18 18:12:17,303] [DEBUG]: Starting new HTTPS connection (1): launchtracker.raventeam.repl.co:443
[2022-10-18 18:12:17,639] [DEBUG]: https://launchtracker.raventeam.repl.co:443 "GET /paths HTTP/1.1" 429 None
[2022-10-18 18:12:17,644] [DEBUG]: Starting new HTTPS connection (1): launchtracker.raventeam.repl.co:443
[2022-10-18 18:12:17,977] [DEBUG]: https://launchtracker.raventeam.repl.co:443 "GET /paths HTTP/1.1" 429 None
[2022-10-18 18:12:17,998] [DEBUG]: Starting new HTTPS connection (1): launchtracker.raventeam.repl.co:443
[2022-10-18 18:12:18,485] [DEBUG]: https://launchtracker.raventeam.repl.co:443 "GET /paths HTTP/1.1" 429 None
[2022-10-18 18:12:18,519] [DEBUG]: Starting new HTTPS connection (1): launchtracker.raventeam.repl.co:443
[2022-10-18 18:12:19,066] [DEBUG]: https://launchtracker.raventeam.repl.co:443 "GET /paths HTTP/1.1" 429 None
[2022-10-18 18:12:19,095] [DEBUG]: Starting new HTTPS connection (1): launchtracker.raventeam.repl.co:443
[2022-10-18 18:12:19,645] [DEBUG]: https://launchtracker.raventeam.repl.co:443 "GET /paths HTTP/1.1" 429 None
[2022-10-18 18:12:19,684] [DEBUG]: Starting new HTTPS connection (1): launchtracker.raventeam.repl.co:443
[2022-10-18 18:12:20,014] [DEBUG]: https://launchtracker.raventeam.repl.co:443 "GET /paths HTTP/1.1" 429 None
[2022-10-18 18:12:20,020] [DEBUG]: Starting new HTTPS connection (1): launchtracker.raventeam.repl.co:443
[2022-10-18 18:12:25,350] [DEBUG]: https://launchtracker.raventeam.repl.co:443 "GET /paths HTTP/1.1" 404 None
[2022-10-18 18:12:25,369] [DEBUG]: Starting new HTTPS connection (1): launchtracker.raventeam.repl.co:443
[2022-10-18 18:12:25,861] [DEBUG]: https://launchtracker.raventeam.repl.co:443 "GET /paths HTTP/1.1" 429 None
[2022-10-18 18:12:25,903] [DEBUG]: Starting new HTTPS connection (1): launchtracker.raventeam.repl.co:443
[2022-10-18 18:12:26,245] [DEBUG]: https://launchtracker.raventeam.repl.co:443 "GET /paths HTTP/1.1" 429 None
[2022-10-18 18:12:26,283] [DEBUG]: Starting new HTTPS connection (1): launchtracker.raventeam.repl.co:443
[2022-10-18 18:12:26,738] [DEBUG]: https://launchtracker.raventeam.repl.co:443 "GET /paths HTTP/1.1" 429 None
[2022-10-18 18:12:26,764] [DEBUG]: Starting new HTTPS connection (1): launchtracker.raventeam.repl.co:443
[2022-10-18 18:12:27,214] [DEBUG]: https://launchtracker.raventeam.repl.co:443 "GET /paths HTTP/1.1" 429 None
[2022-10-18 18:12:27,265] [DEBUG]: Starting new HTTPS connection (1): launchtracker.raventeam.repl.co:443
[2022-10-18 18:12:27,770] [DEBUG]: https://launchtracker.raventeam.repl.co:443 "GET /paths HTTP/1.1" 429 None
[2022-10-18 18:12:27,805] [DEBUG]: Starting new HTTPS connection (1): launchtracker.raventeam.repl.co:443
[2022-10-18 18:12:28,248] [DEBUG]: https://launchtracker.raventeam.repl.co:443 "GET /paths HTTP/1.1" 429 None
[2022-10-18 18:12:28,287] [DEBUG]: Starting new HTTPS connection (1): launchtracker.raventeam.repl.co:443
[2022-10-18 18:12:31,973] [INFO]: kob1L93UI4joined the queue!
[2022-10-18 18:12:31,974] [DEBUG]: Starting new HTTPS connection (1): api.mojang.com:443
[2022-10-18 18:12:32,447] [DEBUG]: https://api.mojang.com:443 "GET /users/profiles/minecraft/kob1L93UI4 HTTP/1.1" 204 0
[2022-10-18 18:12:32,459] [DEBUG]: Starting new HTTPS connection (1): api.hypixel.net:443
[2022-10-18 18:12:32,931] [DEBUG]: https://api.hypixel.net:443 "GET /player?key=8cd58181-1983-47c4-982a-b92a31705647&uuid=None HTTP/1.1" 422 42
[2022-10-18 18:12:32,943] [DEBUG]: Starting new HTTPS connection (1): api.hypixel.net:443
[2022-10-18 18:12:33,334] [DEBUG]: https://api.hypixel.net:443 "GET /player?key=8cd58181-1983-47c4-982a-b92a31705647&uuid=None HTTP/1.1" 422 42
[2022-10-18 18:12:33,346] [DEBUG]: Starting new HTTPS connection (1): api.hypixel.net:443
[2022-10-18 18:12:33,612] [DEBUG]: https://launchtracker.raventeam.repl.co:443 "GET /paths HTTP/1.1" 429 None
[2022-10-18 18:12:33,656] [DEBUG]: Starting new HTTPS connection (1): launchtracker.raventeam.repl.co:443
[2022-10-18 18:12:33,764] [DEBUG]: https://api.hypixel.net:443 "GET /player?key=8cd58181-1983-47c4-982a-b92a31705647&uuid=None HTTP/1.1" 422 42
[2022-10-18 18:12:33,776] [DEBUG]: Starting new HTTPS connection (1): api.hypixel.net:443
[2022-10-18 18:12:33,953] [DEBUG]: https://api.hypixel.net:443 "GET /player?key=8cd58181-1983-47c4-982a-b92a31705647&uuid=None HTTP/1.1" 422 42
[2022-10-18 18:12:33,965] [DEBUG]: Starting new HTTPS connection (1): api.hypixel.net:443
[2022-10-18 18:12:34,192] [DEBUG]: https://api.hypixel.net:443 "GET /player?key=8cd58181-1983-47c4-982a-b92a31705647&uuid=None HTTP/1.1" 422 42
[2022-10-18 18:12:34,204] [DEBUG]: Starting new HTTPS connection (1): api.hypixel.net:443
[2022-10-18 18:12:34,217] [DEBUG]: https://launchtracker.raventeam.repl.co:443 "GET /paths HTTP/1.1" 429 None
[2022-10-18 18:12:34,263] [DEBUG]: Starting new HTTPS connection (1): launchtracker.raventeam.repl.co:443
[2022-10-18 18:12:34,384] [DEBUG]: https://api.hypixel.net:443 "GET /player?key=8cd58181-1983-47c4-982a-b92a31705647&uuid=None HTTP/1.1" 422 42
[2022-10-18 18:12:34,396] [DEBUG]: Starting new HTTPS connection (1): api.hypixel.net:443
[2022-10-18 18:12:34,566] [DEBUG]: https://api.hypixel.net:443 "GET /player?key=8cd58181-1983-47c4-982a-b92a31705647&uuid=None HTTP/1.1" 422 42
[2022-10-18 18:12:34,578] [DEBUG]: Starting new HTTPS connection (1): api.hypixel.net:443
[2022-10-18 18:12:34,592] [DEBUG]: https://launchtracker.raventeam.repl.co:443 "GET /paths HTTP/1.1" 429 None
[2022-10-18 18:12:34,631] [DEBUG]: Starting new HTTPS connection (1): launchtracker.raventeam.repl.co:443
[2022-10-18 18:12:34,762] [DEBUG]: https://api.hypixel.net:443 "GET /player?key=8cd58181-1983-47c4-982a-b92a31705647&uuid=None HTTP/1.1" 422 42
[2022-10-18 18:12:34,774] [DEBUG]: Starting new HTTPS connection (1): api.hypixel.net:443
[2022-10-18 18:12:34,990] [DEBUG]: https://launchtracker.raventeam.repl.co:443 "GET /paths HTTP/1.1" 429 None
[2022-10-18 18:12:35,011] [DEBUG]: Starting new HTTPS connection (1): launchtracker.raventeam.repl.co:443
[2022-10-18 18:12:35,338] [DEBUG]: https://launchtracker.raventeam.repl.co:443 "GET /paths HTTP/1.1" 429 None
[2022-10-18 18:12:35,390] [DEBUG]: Starting new HTTPS connection (1): launchtracker.raventeam.repl.co:443
[2022-10-18 18:12:35,483] [DEBUG]: https://api.hypixel.net:443 "GET /player?key=8cd58181-1983-47c4-982a-b92a31705647&uuid=None HTTP/1.1" 422 42
[2022-10-18 18:12:35,495] [DEBUG]: Starting new HTTPS connection (1): api.hypixel.net:443
[2022-10-18 18:12:35,714] [DEBUG]: https://launchtracker.raventeam.repl.co:443 "GET /paths HTTP/1.1" 429 None
[2022-10-18 18:12:35,747] [DEBUG]: https://api.hypixel.net:443 "GET /player?key=8cd58181-1983-47c4-982a-b92a31705647&uuid=None HTTP/1.1" 422 42
[2022-10-18 18:12:35,759] [DEBUG]: Starting new HTTPS connection (1): launchtracker.raventeam.repl.co:443
[2022-10-18 18:12:35,761] [DEBUG]: Starting new HTTPS connection (1): api.hypixel.net:443
[2022-10-18 18:12:36,148] [DEBUG]: https://api.hypixel.net:443 "GET /player?key=8cd58181-1983-47c4-982a-b92a31705647&uuid=None HTTP/1.1" 422 42
[2022-10-18 18:12:36,160] [DEBUG]: Starting new HTTPS connection (1): api.hypixel.net:443
[2022-10-18 18:12:36,244] [DEBUG]: https://launchtracker.raventeam.repl.co:443 "GET /paths HTTP/1.1" 429 None
[2022-10-18 18:12:36,279] [DEBUG]: Starting new HTTPS connection (1): launchtracker.raventeam.repl.co:443
[2022-10-18 18:12:36,343] [DEBUG]: https://api.hypixel.net:443 "GET /player?key=8cd58181-1983-47c4-982a-b92a31705647&uuid=None HTTP/1.1" 422 42
[2022-10-18 18:12:36,355] [DEBUG]: Starting new HTTPS connection (1): api.hypixel.net:443
[2022-10-18 18:12:36,516] [DEBUG]: https://api.hypixel.net:443 "GET /player?key=8cd58181-1983-47c4-982a-b92a31705647&uuid=None HTTP/1.1" 422 42
[2022-10-18 18:12:36,528] [DEBUG]: Starting new HTTPS connection (1): api.hypixel.net:443
[2022-10-18 18:12:36,710] [DEBUG]: https://api.hypixel.net:443 "GET /player?key=8cd58181-1983-47c4-982a-b92a31705647&uuid=None HTTP/1.1" 422 42
[2022-10-18 18:12:36,722] [DEBUG]: Starting new HTTPS connection (1): api.hypixel.net:443
[2022-10-18 18:12:36,724] [DEBUG]: https://launchtracker.raventeam.repl.co:443 "GET /paths HTTP/1.1" 429 None
[2022-10-18 18:12:36,770] [DEBUG]: Starting new HTTPS connection (1): launchtracker.raventeam.repl.co:443
[2022-10-18 18:12:36,889] [DEBUG]: https://api.hypixel.net:443 "GET /player?key=8cd58181-1983-47c4-982a-b92a31705647&uuid=None HTTP/1.1" 422 42
[2022-10-18 18:12:36,901] [DEBUG]: Starting new HTTPS connection (1): api.hypixel.net:443
[2022-10-18 18:12:37,068] [DEBUG]: https://api.hypixel.net:443 "GET /player?key=8cd58181-1983-47c4-982a-b92a31705647&uuid=None HTTP/1.1" 422 42
[2022-10-18 18:12:37,080] [DEBUG]: Starting new HTTPS connection (1): api.hypixel.net:443
[2022-10-18 18:12:37,090] [DEBUG]: https://launchtracker.raventeam.repl.co:443 "GET /paths HTTP/1.1" 429 None
[2022-10-18 18:12:37,095] [DEBUG]: Starting new HTTPS connection (1): launchtracker.raventeam.repl.co:443
[2022-10-18 18:12:37,270] [DEBUG]: https://api.hypixel.net:443 "GET /player?key=8cd58181-1983-47c4-982a-b92a31705647&uuid=None HTTP/1.1" 422 42
[2022-10-18 18:12:37,282] [DEBUG]: Starting new HTTPS connection (1): api.hypixel.net:443
[2022-10-18 18:12:37,459] [DEBUG]: https://api.hypixel.net:443 "GET /player?key=8cd58181-1983-47c4-982a-b92a31705647&uuid=None HTTP/1.1" 422 42
[2022-10-18 18:12:37,471] [DEBUG]: Starting new HTTPS connection (1): api.hypixel.net:443
[2022-10-18 18:12:37,745] [DEBUG]: https://api.hypixel.net:443 "GET /player?key=8cd58181-1983-47c4-982a-b92a31705647&uuid=None HTTP/1.1" 422 42
[2022-10-18 18:12:37,757] [DEBUG]: Starting new HTTPS connection (1): api.hypixel.net:443
[2022-10-18 18:12:37,985] [DEBUG]: https://api.hypixel.net:443 "GET /player?key=8cd58181-1983-47c4-982a-b92a31705647&uuid=None HTTP/1.1" 422 42
[2022-10-18 18:12:37,997] [DEBUG]: Starting new HTTPS connection (1): api.hypixel.net:443
[2022-10-18 18:12:38,217] [DEBUG]: https://api.hypixel.net:443 "GET /player?key=8cd58181-1983-47c4-982a-b92a31705647&uuid=None HTTP/1.1" 422 42
[2022-10-18 18:12:38,229] [DEBUG]: Starting new HTTPS connection (1): api.hypixel.net:443
[2022-10-18 18:12:38,395] [DEBUG]: https://api.hypixel.net:443 "GET /player?key=8cd58181-1983-47c4-982a-b92a31705647&uuid=None HTTP/1.1" 422 42
[2022-10-18 18:12:38,407] [DEBUG]: Starting new HTTPS connection (1): api.hypixel.net:443
[2022-10-18 18:12:38,594] [DEBUG]: https://api.hypixel.net:443 "GET /player?key=8cd58181-1983-47c4-982a-b92a31705647&uuid=None HTTP/1.1" 422 42
[2022-10-18 18:12:38,606] [DEBUG]: Starting new HTTPS connection (1): api.hypixel.net:443
[2022-10-18 18:12:38,773] [DEBUG]: https://api.hypixel.net:443 "GET /player?key=8cd58181-1983-47c4-982a-b92a31705647&uuid=None HTTP/1.1" 422 42
[2022-10-18 18:12:38,785] [DEBUG]: Starting new HTTPS connection (1): api.hypixel.net:443
[2022-10-18 18:12:38,940] [DEBUG]: https://api.hypixel.net:443 "GET /player?key=8cd58181-1983-47c4-982a-b92a31705647&uuid=None HTTP/1.1" 422 42
[2022-10-18 18:12:38,952] [DEBUG]: Starting new HTTPS connection (1): api.hypixel.net:443
[2022-10-18 18:12:39,129] [DEBUG]: https://api.hypixel.net:443 "GET /player?key=8cd58181-1983-47c4-982a-b92a31705647&uuid=None HTTP/1.1" 422 42
[2022-10-18 18:12:39,141] [DEBUG]: Starting new HTTPS connection (1): api.hypixel.net:443
[2022-10-18 18:12:39,301] [DEBUG]: https://api.hypixel.net:443 "GET /player?key=8cd58181-1983-47c4-982a-b92a31705647&uuid=None HTTP/1.1" 422 42
[2022-10-18 18:12:39,315] [DEBUG]: Starting new HTTPS connection (1): api.hypixel.net:443
[2022-10-18 18:12:39,443] [INFO]: ZK9sADrYjoined the queue!
[2022-10-18 18:12:39,444] [DEBUG]: Starting new HTTPS connection (1): api.mojang.com:443
[2022-10-18 18:12:39,488] [DEBUG]: https://api.hypixel.net:443 "GET /player?key=8cd58181-1983-47c4-982a-b92a31705647&uuid=None HTTP/1.1" 422 42
[2022-10-18 18:12:39,500] [DEBUG]: Starting new HTTPS connection (1): api.hypixel.net:443
[2022-10-18 18:12:39,682] [DEBUG]: https://api.hypixel.net:443 "GET /player?key=8cd58181-1983-47c4-982a-b92a31705647&uuid=None HTTP/1.1" 422 42
[2022-10-18 18:12:39,694] [DEBUG]: Starting new HTTPS connection (1): api.hypixel.net:443
[2022-10-18 18:12:39,862] [DEBUG]: https://api.hypixel.net:443 "GET /player?key=8cd58181-1983-47c4-982a-b92a31705647&uuid=None HTTP/1.1" 422 42
[2022-10-18 18:12:39,874] [DEBUG]: Starting new HTTPS connection (1): api.hypixel.net:443
[2022-10-18 18:12:39,882] [DEBUG]: https://api.mojang.com:443 "GET /users/profiles/minecraft/ZK9sADrY HTTP/1.1" 204 0
[2022-10-18 18:12:39,894] [DEBUG]: Starting new HTTPS connection (1): api.hypixel.net:443
[2022-10-18 18:12:40,042] [DEBUG]: https://api.hypixel.net:443 "GET /player?key=8cd58181-1983-47c4-982a-b92a31705647&uuid=None HTTP/1.1" 422 42
[2022-10-18 18:12:40,054] [DEBUG]: Starting new HTTPS connection (1): api.hypixel.net:443
[2022-10-18 18:12:40,064] [DEBUG]: https://api.hypixel.net:443 "GET /player?key=8cd58181-1983-47c4-982a-b92a31705647&uuid=None HTTP/1.1" 422 42
[2022-10-18 18:12:40,076] [DEBUG]: Starting new HTTPS connection (1): api.hypixel.net:443
[2022-10-18 18:12:40,218] [DEBUG]: https://api.hypixel.net:443 "GET /player?key=8cd58181-1983-47c4-982a-b92a31705647&uuid=None HTTP/1.1" 422 42
[2022-10-18 18:12:40,230] [DEBUG]: Starting new HTTPS connection (1): api.hypixel.net:443
[2022-10-18 18:12:40,265] [DEBUG]: https://api.hypixel.net:443 "GET /player?key=8cd58181-1983-47c4-982a-b92a31705647&uuid=None HTTP/1.1" 422 42
[2022-10-18 18:12:40,277] [DEBUG]: Starting new HTTPS connection (1): api.hypixel.net:443
[2022-10-18 18:12:40,400] [DEBUG]: https://api.hypixel.net:443 "GET /player?key=8cd58181-1983-47c4-982a-b92a31705647&uuid=None HTTP/1.1" 422 42
[2022-10-18 18:12:40,412] [DEBUG]: Starting new HTTPS connection (1): api.hypixel.net:443
[2022-10-18 18:12:40,577] [DEBUG]: https://api.hypixel.net:443 "GET /player?key=8cd58181-1983-47c4-982a-b92a31705647&uuid=None HTTP/1.1" 422 42
[2022-10-18 18:12:40,590] [DEBUG]: Starting new HTTPS connection (1): api.hypixel.net:443
[2022-10-18 18:12:40,643] [DEBUG]: https://api.hypixel.net:443 "GET /player?key=8cd58181-1983-47c4-982a-b92a31705647&uuid=None HTTP/1.1" 422 42
[2022-10-18 18:12:40,655] [DEBUG]: Starting new HTTPS connection (1): api.hypixel.net:443
[2022-10-18 18:12:40,779] [DEBUG]: https://api.hypixel.net:443 "GET /player?key=8cd58181-1983-47c4-982a-b92a31705647&uuid=None HTTP/1.1" 422 42
[2022-10-18 18:12:40,791] [DEBUG]: Starting new HTTPS connection (1): api.hypixel.net:443
[2022-10-18 18:12:40,822] [DEBUG]: https://api.hypixel.net:443 "GET /player?key=8cd58181-1983-47c4-982a-b92a31705647&uuid=None HTTP/1.1" 422 42
[2022-10-18 18:12:40,834] [DEBUG]: Starting new HTTPS connection (1): api.hypixel.net:443
[2022-10-18 18:12:40,953] [DEBUG]: https://api.hypixel.net:443 "GET /player?key=8cd58181-1983-47c4-982a-b92a31705647&uuid=None HTTP/1.1" 422 42
[2022-10-18 18:12:40,965] [DEBUG]: Starting new HTTPS connection (1): api.hypixel.net:443
[2022-10-18 18:12:41,022] [DEBUG]: https://api.hypixel.net:443 "GET /player?key=8cd58181-1983-47c4-982a-b92a31705647&uuid=None HTTP/1.1" 422 42
[2022-10-18 18:12:41,034] [DEBUG]: Starting new HTTPS connection (1): api.hypixel.net:443
[2022-10-18 18:12:41,143] [DEBUG]: https://api.hypixel.net:443 "GET /player?key=8cd58181-1983-47c4-982a-b92a31705647&uuid=None HTTP/1.1" 422 42
[2022-10-18 18:12:41,155] [DEBUG]: Starting new HTTPS connection (1): api.hypixel.net:443
[2022-10-18 18:12:41,206] [DEBUG]: https://api.hypixel.net:443 "GET /player?key=8cd58181-1983-47c4-982a-b92a31705647&uuid=None HTTP/1.1" 422 42
[2022-10-18 18:12:41,218] [DEBUG]: Starting new HTTPS connection (1): api.hypixel.net:443
[2022-10-18 18:12:41,421] [DEBUG]: https://api.hypixel.net:443 "GET /player?key=8cd58181-1983-47c4-982a-b92a31705647&uuid=None HTTP/1.1" 422 42
[2022-10-18 18:12:41,433] [DEBUG]: Starting new HTTPS connection (1): api.hypixel.net:443
[2022-10-18 18:12:41,639] [DEBUG]: https://api.hypixel.net:443 "GET /player?key=8cd58181-1983-47c4-982a-b92a31705647&uuid=None HTTP/1.1" 422 42
[2022-10-18 18:12:41,651] [DEBUG]: Starting new HTTPS connection (1): api.hypixel.net:443
[2022-10-18 18:12:41,656] [DEBUG]: https://api.hypixel.net:443 "GET /player?key=8cd58181-1983-47c4-982a-b92a31705647&uuid=None HTTP/1.1" 422 42
[2022-10-18 18:12:41,668] [DEBUG]: Starting new HTTPS connection (1): api.hypixel.net:443
[2022-10-18 18:12:41,840] [DEBUG]: https://api.hypixel.net:443 "GET /player?key=8cd58181-1983-47c4-982a-b92a31705647&uuid=None HTTP/1.1" 422 42
[2022-10-18 18:12:41,850] [DEBUG]: https://api.hypixel.net:443 "GET /player?key=8cd58181-1983-47c4-982a-b92a31705647&uuid=None HTTP/1.1" 422 42
[2022-10-18 18:12:41,852] [DEBUG]: Starting new HTTPS connection (1): api.hypixel.net:443
[2022-10-18 18:12:41,862] [DEBUG]: Starting new HTTPS connection (1): api.hypixel.net:443
[2022-10-18 18:12:42,024] [DEBUG]: https://api.hypixel.net:443 "GET /player?key=8cd58181-1983-47c4-982a-b92a31705647&uuid=None HTTP/1.1" 422 42
[2022-10-18 18:12:42,036] [DEBUG]: Starting new HTTPS connection (1): api.hypixel.net:443
[2022-10-18 18:12:42,066] [DEBUG]: https://api.hypixel.net:443 "GET /player?key=8cd58181-1983-47c4-982a-b92a31705647&uuid=None HTTP/1.1" 422 42
[2022-10-18 18:12:42,078] [DEBUG]: Starting new HTTPS connection (1): api.hypixel.net:443
[2022-10-18 18:12:42,206] [DEBUG]: https://api.hypixel.net:443 "GET /player?key=8cd58181-1983-47c4-982a-b92a31705647&uuid=None HTTP/1.1" 422 42
[2022-10-18 18:12:42,218] [DEBUG]: Starting new HTTPS connection (1): api.hypixel.net:443
[2022-10-18 18:12:42,261] [DEBUG]: https://api.hypixel.net:443 "GET /player?key=8cd58181-1983-47c4-982a-b92a31705647&uuid=None HTTP/1.1" 422 42
[2022-10-18 18:12:42,273] [DEBUG]: Starting new HTTPS connection (1): api.hypixel.net:443
[2022-10-18 18:12:42,398] [DEBUG]: https://api.hypixel.net:443 "GET /player?key=8cd58181-1983-47c4-982a-b92a31705647&uuid=None HTTP/1.1" 422 42
[2022-10-18 18:12:42,404] [DEBUG]: https://launchtracker.raventeam.repl.co:443 "GET /paths HTTP/1.1" 429 None
[2022-10-18 18:12:42,410] [DEBUG]: Starting new HTTPS connection (1): api.hypixel.net:443
[2022-10-18 18:12:42,443] [DEBUG]: https://api.hypixel.net:443 "GET /player?key=8cd58181-1983-47c4-982a-b92a31705647&uuid=None HTTP/1.1" 422 42
[2022-10-18 18:12:42,446] [DEBUG]: Starting new HTTPS connection (1): launchtracker.raventeam.repl.co:443
[2022-10-18 18:12:42,455] [DEBUG]: Starting new HTTPS connection (1): api.hypixel.net:443
[2022-10-18 18:12:42,587] [DEBUG]: https://api.hypixel.net:443 "GET /player?key=8cd58181-1983-47c4-982a-b92a31705647&uuid=None HTTP/1.1" 422 42
[2022-10-18 18:12:42,599] [DEBUG]: Starting new HTTPS connection (1): api.hypixel.net:443
[2022-10-18 18:12:42,668] [DEBUG]: https://api.hypixel.net:443 "GET /player?key=8cd58181-1983-47c4-982a-b92a31705647&uuid=None HTTP/1.1" 422 42
[2022-10-18 18:12:42,680] [DEBUG]: Starting new HTTPS connection (1): api.hypixel.net:443
[2022-10-18 18:12:42,801] [DEBUG]: https://api.hypixel.net:443 "GET /player?key=8cd58181-1983-47c4-982a-b92a31705647&uuid=None HTTP/1.1" 422 42
[2022-10-18 18:12:42,813] [DEBUG]: Starting new HTTPS connection (1): api.hypixel.net:443
[2022-10-18 18:12:42,891] [DEBUG]: https://launchtracker.raventeam.repl.co:443 "GET /paths HTTP/1.1" 429 None
[2022-10-18 18:12:42,905] [DEBUG]: https://api.hypixel.net:443 "GET /player?key=8cd58181-1983-47c4-982a-b92a31705647&uuid=None HTTP/1.1" 422 42
[2022-10-18 18:12:42,917] [DEBUG]: Starting new HTTPS connection (1): api.hypixel.net:443
[2022-10-18 18:12:42,926] [DEBUG]: Starting new HTTPS connection (1): launchtracker.raventeam.repl.co:443
[2022-10-18 18:12:43,007] [DEBUG]: https://api.hypixel.net:443 "GET /player?key=8cd58181-1983-47c4-982a-b92a31705647&uuid=None HTTP/1.1" 422 42
[2022-10-18 18:12:43,019] [DEBUG]: Starting new HTTPS connection (1): api.hypixel.net:443
[2022-10-18 18:12:43,085] [DEBUG]: https://api.hypixel.net:443 "GET /player?key=8cd58181-1983-47c4-982a-b92a31705647&uuid=None HTTP/1.1" 422 42
[2022-10-18 18:12:43,097] [DEBUG]: Starting new HTTPS connection (1): api.hypixel.net:443
[2022-10-18 18:12:43,181] [DEBUG]: https://api.hypixel.net:443 "GET /player?key=8cd58181-1983-47c4-982a-b92a31705647&uuid=None HTTP/1.1" 422 42
[2022-10-18 18:12:43,193] [DEBUG]: Starting new HTTPS connection (1): api.hypixel.net:443
[2022-10-18 18:12:43,271] [DEBUG]: https://launchtracker.raventeam.repl.co:443 "GET /paths HTTP/1.1" 429 None
[2022-10-18 18:12:43,290] [DEBUG]: Starting new HTTPS connection (1): launchtracker.raventeam.repl.co:443
[2022-10-18 18:12:43,297] [DEBUG]: https://api.hypixel.net:443 "GET /player?key=8cd58181-1983-47c4-982a-b92a31705647&uuid=None HTTP/1.1" 422 42
[2022-10-18 18:12:43,309] [DEBUG]: Starting new HTTPS connection (1): api.hypixel.net:443
[2022-10-18 18:12:43,365] [DEBUG]: https://api.hypixel.net:443 "GET /player?key=8cd58181-1983-47c4-982a-b92a31705647&uuid=None HTTP/1.1" 422 42
[2022-10-18 18:12:43,377] [DEBUG]: Starting new HTTPS connection (1): api.hypixel.net:443
[2022-10-18 18:12:43,480] [DEBUG]: https://api.hypixel.net:443 "GET /player?key=8cd58181-1983-47c4-982a-b92a31705647&uuid=None HTTP/1.1" 422 42
[2022-10-18 18:12:43,492] [DEBUG]: Starting new HTTPS connection (1): api.hypixel.net:443
[2022-10-18 18:12:43,567] [DEBUG]: https://api.hypixel.net:443 "GET /player?key=8cd58181-1983-47c4-982a-b92a31705647&uuid=None HTTP/1.1" 422 42
[2022-10-18 18:12:43,579] [DEBUG]: Starting new HTTPS connection (1): api.hypixel.net:443
[2022-10-18 18:12:43,620] [DEBUG]: https://launchtracker.raventeam.repl.co:443 "GET /paths HTTP/1.1" 429 None
[2022-10-18 18:12:43,644] [DEBUG]: Starting new HTTPS connection (1): launchtracker.raventeam.repl.co:443
[2022-10-18 18:12:43,708] [DEBUG]: https://api.hypixel.net:443 "GET /player?key=8cd58181-1983-47c4-982a-b92a31705647&uuid=None HTTP/1.1" 422 42
[2022-10-18 18:12:43,720] [DEBUG]: Starting new HTTPS connection (1): api.hypixel.net:443
[2022-10-18 18:12:43,775] [DEBUG]: https://api.hypixel.net:443 "GET /player?key=8cd58181-1983-47c4-982a-b92a31705647&uuid=None HTTP/1.1" 422 42
[2022-10-18 18:12:43,787] [DEBUG]: Starting new HTTPS connection (1): api.hypixel.net:443
[2022-10-18 18:12:43,902] [DEBUG]: https://api.hypixel.net:443 "GET /player?key=8cd58181-1983-47c4-982a-b92a31705647&uuid=None HTTP/1.1" 422 42
[2022-10-18 18:12:43,915] [DEBUG]: Starting new HTTPS connection (1): api.hypixel.net:443
[2022-10-18 18:12:43,960] [DEBUG]: https://api.hypixel.net:443 "GET /player?key=8cd58181-1983-47c4-982a-b92a31705647&uuid=None HTTP/1.1" 422 42
[2022-10-18 18:12:43,972] [DEBUG]: Starting new HTTPS connection (1): api.hypixel.net:443
[2022-10-18 18:12:44,087] [DEBUG]: https://api.hypixel.net:443 "GET /player?key=8cd58181-1983-47c4-982a-b92a31705647&uuid=None HTTP/1.1" 422 42
[2022-10-18 18:12:44,099] [DEBUG]: Starting new HTTPS connection (1): api.hypixel.net:443
[2022-10-18 18:12:44,145] [DEBUG]: https://api.hypixel.net:443 "GET /player?key=8cd58181-1983-47c4-982a-b92a31705647&uuid=None HTTP/1.1" 422 42
[2022-10-18 18:12:44,157] [DEBUG]: Starting new HTTPS connection (1): api.hypixel.net:443
[2022-10-18 18:12:44,289] [DEBUG]: https://api.hypixel.net:443 "GET /player?key=8cd58181-1983-47c4-982a-b92a31705647&uuid=None HTTP/1.1" 422 42
[2022-10-18 18:12:44,301] [DEBUG]: Starting new HTTPS connection (1): api.hypixel.net:443
[2022-10-18 18:12:44,326] [DEBUG]: https://api.hypixel.net:443 "GET /player?key=8cd58181-1983-47c4-982a-b92a31705647&uuid=None HTTP/1.1" 422 42
[2022-10-18 18:12:44,338] [DEBUG]: Starting new HTTPS connection (1): api.hypixel.net:443
[2022-10-18 18:12:44,485] [DEBUG]: https://api.hypixel.net:443 "GET /player?key=8cd58181-1983-47c4-982a-b92a31705647&uuid=None HTTP/1.1" 422 42
[2022-10-18 18:12:44,497] [DEBUG]: Starting new HTTPS connection (1): api.hypixel.net:443
[2022-10-18 18:12:44,533] [DEBUG]: https://api.hypixel.net:443 "GET /player?key=8cd58181-1983-47c4-982a-b92a31705647&uuid=None HTTP/1.1" 422 42
[2022-10-18 18:12:44,545] [DEBUG]: Starting new HTTPS connection (1): api.hypixel.net:443
[2022-10-18 18:12:44,662] [DEBUG]: https://api.hypixel.net:443 "GET /player?key=8cd58181-1983-47c4-982a-b92a31705647&uuid=None HTTP/1.1" 422 42
[2022-10-18 18:12:44,674] [DEBUG]: Starting new HTTPS connection (1): api.hypixel.net:443
[2022-10-18 18:12:44,713] [DEBUG]: https://api.hypixel.net:443 "GET /player?key=8cd58181-1983-47c4-982a-b92a31705647&uuid=None HTTP/1.1" 422 42
[2022-10-18 18:12:44,725] [DEBUG]: Starting new HTTPS connection (1): api.hypixel.net:443
[2022-10-18 18:12:44,843] [DEBUG]: https://api.hypixel.net:443 "GET /player?key=8cd58181-1983-47c4-982a-b92a31705647&uuid=None HTTP/1.1" 422 42
[2022-10-18 18:12:44,856] [DEBUG]: Starting new HTTPS connection (1): api.hypixel.net:443
[2022-10-18 18:12:44,885] [DEBUG]: https://api.hypixel.net:443 "GET /player?key=8cd58181-1983-47c4-982a-b92a31705647&uuid=None HTTP/1.1" 422 42
[2022-10-18 18:12:44,897] [DEBUG]: Starting new HTTPS connection (1): api.hypixel.net:443
[2022-10-18 18:12:45,047] [DEBUG]: https://api.hypixel.net:443 "GET /player?key=8cd58181-1983-47c4-982a-b92a31705647&uuid=None HTTP/1.1" 422 42
[2022-10-18 18:12:45,059] [DEBUG]: Starting new HTTPS connection (1): api.hypixel.net:443
[2022-10-18 18:12:45,105] [DEBUG]: https://api.hypixel.net:443 "GET /player?key=8cd58181-1983-47c4-982a-b92a31705647&uuid=None HTTP/1.1" 422 42
[2022-10-18 18:12:45,117] [DEBUG]: Starting new HTTPS connection (1): api.hypixel.net:443
[2022-10-18 18:12:45,235] [DEBUG]: https://api.hypixel.net:443 "GET /player?key=8cd58181-1983-47c4-982a-b92a31705647&uuid=None HTTP/1.1" 422 42
[2022-10-18 18:12:45,247] [DEBUG]: Starting new HTTPS connection (1): api.hypixel.net:443
[2022-10-18 18:12:45,306] [DEBUG]: https://api.hypixel.net:443 "GET /player?key=8cd58181-1983-47c4-982a-b92a31705647&uuid=None HTTP/1.1" 422 42
[2022-10-18 18:12:45,318] [DEBUG]: Starting new HTTPS connection (1): api.hypixel.net:443
[2022-10-18 18:12:45,417] [DEBUG]: https://api.hypixel.net:443 "GET /player?key=8cd58181-1983-47c4-982a-b92a31705647&uuid=None HTTP/1.1" 422 42
[2022-10-18 18:12:45,429] [DEBUG]: Starting new HTTPS connection (1): api.hypixel.net:443
[2022-10-18 18:12:45,485] [DEBUG]: https://api.hypixel.net:443 "GET /player?key=8cd58181-1983-47c4-982a-b92a31705647&uuid=None HTTP/1.1" 422 42
[2022-10-18 18:12:45,497] [DEBUG]: Starting new HTTPS connection (1): api.hypixel.net:443
[2022-10-18 18:12:45,602] [DEBUG]: https://api.hypixel.net:443 "GET /player?key=8cd58181-1983-47c4-982a-b92a31705647&uuid=None HTTP/1.1" 422 42
[2022-10-18 18:12:45,615] [DEBUG]: Starting new HTTPS connection (1): api.hypixel.net:443
[2022-10-18 18:12:45,659] [DEBUG]: https://api.hypixel.net:443 "GET /player?key=8cd58181-1983-47c4-982a-b92a31705647&uuid=None HTTP/1.1" 422 42
[2022-10-18 18:12:45,671] [DEBUG]: Starting new HTTPS connection (1): api.hypixel.net:443
[2022-10-18 18:12:45,788] [DEBUG]: https://api.hypixel.net:443 "GET /player?key=8cd58181-1983-47c4-982a-b92a31705647&uuid=None HTTP/1.1" 422 42
[2022-10-18 18:12:45,800] [DEBUG]: Starting new HTTPS connection (1): api.hypixel.net:443
[2022-10-18 18:12:45,850] [DEBUG]: https://api.hypixel.net:443 "GET /player?key=8cd58181-1983-47c4-982a-b92a31705647&uuid=None HTTP/1.1" 422 42
[2022-10-18 18:12:45,862] [DEBUG]: Starting new HTTPS connection (1): api.hypixel.net:443
[2022-10-18 18:12:45,965] [DEBUG]: https://api.hypixel.net:443 "GET /player?key=8cd58181-1983-47c4-982a-b92a31705647&uuid=None HTTP/1.1" 422 42
[2022-10-18 18:12:45,977] [DEBUG]: Starting new HTTPS connection (1): api.hypixel.net:443
[2022-10-18 18:12:46,030] [DEBUG]: https://api.hypixel.net:443 "GET /player?key=8cd58181-1983-47c4-982a-b92a31705647&uuid=None HTTP/1.1" 422 42
[2022-10-18 18:12:46,042] [DEBUG]: Starting new HTTPS connection (1): api.hypixel.net:443
[2022-10-18 18:12:46,165] [DEBUG]: https://api.hypixel.net:443 "GET /player?key=8cd58181-1983-47c4-982a-b92a31705647&uuid=None HTTP/1.1" 422 42
[2022-10-18 18:12:46,177] [DEBUG]: Starting new HTTPS connection (1): api.hypixel.net:443
[2022-10-18 18:12:46,225] [DEBUG]: https://api.hypixel.net:443 "GET /player?key=8cd58181-1983-47c4-982a-b92a31705647&uuid=None HTTP/1.1" 422 42
[2022-10-18 18:12:46,237] [DEBUG]: Starting new HTTPS connection (1): api.hypixel.net:443
[2022-10-18 18:12:46,353] [DEBUG]: https://api.hypixel.net:443 "GET /player?key=8cd58181-1983-47c4-982a-b92a31705647&uuid=None HTTP/1.1" 422 42
[2022-10-18 18:12:46,365] [DEBUG]: Starting new HTTPS connection (1): api.hypixel.net:443
[2022-10-18 18:12:46,439] [DEBUG]: https://api.hypixel.net:443 "GET /player?key=8cd58181-1983-47c4-982a-b92a31705647&uuid=None HTTP/1.1" 422 42
[2022-10-18 18:12:46,451] [DEBUG]: Starting new HTTPS connection (1): api.hypixel.net:443
[2022-10-18 18:12:46,543] [DEBUG]: https://api.hypixel.net:443 "GET /player?key=8cd58181-1983-47c4-982a-b92a31705647&uuid=None HTTP/1.1" 422 42
[2022-10-18 18:12:46,555] [DEBUG]: Starting new HTTPS connection (1): api.hypixel.net:443
[2022-10-18 18:12:46,619] [DEBUG]: https://api.hypixel.net:443 "GET /player?key=8cd58181-1983-47c4-982a-b92a31705647&uuid=None HTTP/1.1" 422 42
[2022-10-18 18:12:46,631] [DEBUG]: Starting new HTTPS connection (1): api.hypixel.net:443
[2022-10-18 18:12:46,720] [DEBUG]: https://api.hypixel.net:443 "GET /player?key=8cd58181-1983-47c4-982a-b92a31705647&uuid=None HTTP/1.1" 422 42
[2022-10-18 18:12:46,732] [DEBUG]: Starting new HTTPS connection (1): api.hypixel.net:443
[2022-10-18 18:12:46,813] [DEBUG]: https://api.hypixel.net:443 "GET /player?key=8cd58181-1983-47c4-982a-b92a31705647&uuid=None HTTP/1.1" 422 42
[2022-10-18 18:12:46,825] [DEBUG]: Starting new HTTPS connection (1): api.hypixel.net:443
[2022-10-18 18:12:46,986] [DEBUG]: https://api.hypixel.net:443 "GET /player?key=8cd58181-1983-47c4-982a-b92a31705647&uuid=None HTTP/1.1" 422 42
[2022-10-18 18:12:46,998] [DEBUG]: Starting new HTTPS connection (1): api.hypixel.net:443
[2022-10-18 18:12:47,031] [DEBUG]: https://api.hypixel.net:443 "GET /player?key=8cd58181-1983-47c4-982a-b92a31705647&uuid=None HTTP/1.1" 422 42
[2022-10-18 18:12:47,043] [DEBUG]: Starting new HTTPS connection (1): api.hypixel.net:443
[2022-10-18 18:12:47,190] [DEBUG]: https://api.hypixel.net:443 "GET /player?key=8cd58181-1983-47c4-982a-b92a31705647&uuid=None HTTP/1.1" 422 42
[2022-10-18 18:12:47,202] [DEBUG]: Starting new HTTPS connection (1): api.hypixel.net:443
[2022-10-18 18:12:47,248] [DEBUG]: https://api.hypixel.net:443 "GET /player?key=8cd58181-1983-47c4-982a-b92a31705647&uuid=None HTTP/1.1" 422 42
[2022-10-18 18:12:47,260] [DEBUG]: Starting new HTTPS connection (1): api.hypixel.net:443
[2022-10-18 18:12:47,428] [DEBUG]: https://api.hypixel.net:443 "GET /player?key=8cd58181-1983-47c4-982a-b92a31705647&uuid=None HTTP/1.1" 422 42
[2022-10-18 18:12:47,441] [DEBUG]: Starting new HTTPS connection (1): api.hypixel.net:443
[2022-10-18 18:12:47,463] [DEBUG]: https://api.hypixel.net:443 "GET /player?key=8cd58181-1983-47c4-982a-b92a31705647&uuid=None HTTP/1.1" 422 42
[2022-10-18 18:12:47,475] [DEBUG]: Starting new HTTPS connection (1): api.hypixel.net:443
[2022-10-18 18:12:47,620] [DEBUG]: https://api.hypixel.net:443 "GET /player?key=8cd58181-1983-47c4-982a-b92a31705647&uuid=None HTTP/1.1" 422 42
[2022-10-18 18:12:47,632] [DEBUG]: Starting new HTTPS connection (1): api.hypixel.net:443
[2022-10-18 18:12:47,693] [DEBUG]: https://api.hypixel.net:443 "GET /player?key=8cd58181-1983-47c4-982a-b92a31705647&uuid=None HTTP/1.1" 422 42
[2022-10-18 18:12:47,705] [DEBUG]: Starting new HTTPS connection (1): api.hypixel.net:443
[2022-10-18 18:12:47,803] [DEBUG]: https://api.hypixel.net:443 "GET /player?key=8cd58181-1983-47c4-982a-b92a31705647&uuid=None HTTP/1.1" 422 42
[2022-10-18 18:12:47,815] [DEBUG]: Starting new HTTPS connection (1): api.hypixel.net:443
[2022-10-18 18:12:47,893] [DEBUG]: https://api.hypixel.net:443 "GET /player?key=8cd58181-1983-47c4-982a-b92a31705647&uuid=None HTTP/1.1" 422 42
[2022-10-18 18:12:47,905] [DEBUG]: Starting new HTTPS connection (1): api.hypixel.net:443
[2022-10-18 18:12:47,992] [DEBUG]: https://api.hypixel.net:443 "GET /player?key=8cd58181-1983-47c4-982a-b92a31705647&uuid=None HTTP/1.1" 422 42
[2022-10-18 18:12:48,004] [DEBUG]: Starting new HTTPS connection (1): api.hypixel.net:443
[2022-10-18 18:12:48,091] [DEBUG]: https://api.hypixel.net:443 "GET /player?key=8cd58181-1983-47c4-982a-b92a31705647&uuid=None HTTP/1.1" 422 42
[2022-10-18 18:12:48,103] [DEBUG]: Starting new HTTPS connection (1): api.hypixel.net:443
[2022-10-18 18:12:48,208] [DEBUG]: https://api.hypixel.net:443 "GET /player?key=8cd58181-1983-47c4-982a-b92a31705647&uuid=None HTTP/1.1" 422 42
[2022-10-18 18:12:48,220] [DEBUG]: Starting new HTTPS connection (1): api.hypixel.net:443
[2022-10-18 18:12:48,284] [DEBUG]: https://api.hypixel.net:443 "GET /player?key=8cd58181-1983-47c4-982a-b92a31705647&uuid=None HTTP/1.1" 422 42
[2022-10-18 18:12:48,296] [DEBUG]: Starting new HTTPS connection (1): api.hypixel.net:443
[2022-10-18 18:12:48,422] [DEBUG]: https://api.hypixel.net:443 "GET /player?key=8cd58181-1983-47c4-982a-b92a31705647&uuid=None HTTP/1.1" 422 42
[2022-10-18 18:12:48,434] [DEBUG]: Starting new HTTPS connection (1): api.hypixel.net:443
[2022-10-18 18:12:48,464] [DEBUG]: https://api.hypixel.net:443 "GET /player?key=8cd58181-1983-47c4-982a-b92a31705647&uuid=None HTTP/1.1" 422 42
[2022-10-18 18:12:48,476] [DEBUG]: Starting new HTTPS connection (1): api.hypixel.net:443
[2022-10-18 18:12:48,603] [DEBUG]: https://api.hypixel.net:443 "GET /player?key=8cd58181-1983-47c4-982a-b92a31705647&uuid=None HTTP/1.1" 422 42
[2022-10-18 18:12:48,615] [DEBUG]: Starting new HTTPS connection (1): api.hypixel.net:443
[2022-10-18 18:12:48,634] [DEBUG]: https://api.hypixel.net:443 "GET /player?key=8cd58181-1983-47c4-982a-b92a31705647&uuid=None HTTP/1.1" 422 42
[2022-10-18 18:12:48,646] [DEBUG]: Starting new HTTPS connection (1): api.hypixel.net:443
[2022-10-18 18:12:48,773] [DEBUG]: https://api.hypixel.net:443 "GET /player?key=8cd58181-1983-47c4-982a-b92a31705647&uuid=None HTTP/1.1" 422 42
[2022-10-18 18:12:48,785] [DEBUG]: Starting new HTTPS connection (1): api.hypixel.net:443
[2022-10-18 18:12:48,825] [DEBUG]: https://api.hypixel.net:443 "GET /player?key=8cd58181-1983-47c4-982a-b92a31705647&uuid=None HTTP/1.1" 422 42
[2022-10-18 18:12:48,837] [DEBUG]: Starting new HTTPS connection (1): api.hypixel.net:443
[2022-10-18 18:12:48,949] [DEBUG]: https://api.hypixel.net:443 "GET /player?key=8cd58181-1983-47c4-982a-b92a31705647&uuid=None HTTP/1.1" 422 42
[2022-10-18 18:12:48,961] [DEBUG]: Starting new HTTPS connection (1): api.hypixel.net:443
[2022-10-18 18:12:49,000] [DEBUG]: https://api.hypixel.net:443 "GET /player?key=8cd58181-1983-47c4-982a-b92a31705647&uuid=None HTTP/1.1" 422 42
[2022-10-18 18:12:49,012] [DEBUG]: Starting new HTTPS connection (1): api.hypixel.net:443
[2022-10-18 18:12:49,079] [DEBUG]: https://launchtracker.raventeam.repl.co:443 "GET /paths HTTP/1.1" 429 None
[2022-10-18 18:12:49,115] [DEBUG]: Starting new HTTPS connection (1): launchtracker.raventeam.repl.co:443
[2022-10-18 18:12:49,129] [DEBUG]: https://api.hypixel.net:443 "GET /player?key=8cd58181-1983-47c4-982a-b92a31705647&uuid=None HTTP/1.1" 422 42
[2022-10-18 18:12:49,141] [DEBUG]: Starting new HTTPS connection (1): api.hypixel.net:443
[2022-10-18 18:12:49,282] [DEBUG]: https://api.hypixel.net:443 "GET /player?key=8cd58181-1983-47c4-982a-b92a31705647&uuid=None HTTP/1.1" 422 42
[2022-10-18 18:12:49,294] [DEBUG]: Starting new HTTPS connection (1): api.hypixel.net:443
[2022-10-18 18:12:49,410] [DEBUG]: https://api.hypixel.net:443 "GET /player?key=8cd58181-1983-47c4-982a-b92a31705647&uuid=None HTTP/1.1" 422 42
[2022-10-18 18:12:49,422] [DEBUG]: Starting new HTTPS connection (1): api.hypixel.net:443
[2022-10-18 18:12:49,465] [DEBUG]: https://api.hypixel.net:443 "GET /player?key=8cd58181-1983-47c4-982a-b92a31705647&uuid=None HTTP/1.1" 422 42
[2022-10-18 18:12:49,477] [DEBUG]: Starting new HTTPS connection (1): api.hypixel.net:443
[2022-10-18 18:12:49,604] [DEBUG]: https://api.hypixel.net:443 "GET /player?key=8cd58181-1983-47c4-982a-b92a31705647&uuid=None HTTP/1.1" 422 42
[2022-10-18 18:12:49,616] [DEBUG]: Starting new HTTPS connection (1): api.hypixel.net:443
[2022-10-18 18:12:49,659] [DEBUG]: https://api.hypixel.net:443 "GET /player?key=8cd58181-1983-47c4-982a-b92a31705647&uuid=None HTTP/1.1" 422 42
[2022-10-18 18:12:49,671] [DEBUG]: Starting new HTTPS connection (1): api.hypixel.net:443
[2022-10-18 18:12:49,802] [DEBUG]: https://api.hypixel.net:443 "GET /player?key=8cd58181-1983-47c4-982a-b92a31705647&uuid=None HTTP/1.1" 422 42
[2022-10-18 18:12:49,814] [DEBUG]: Starting new HTTPS connection (1): api.hypixel.net:443
[2022-10-18 18:12:49,901] [DEBUG]: https://api.hypixel.net:443 "GET /player?key=8cd58181-1983-47c4-982a-b92a31705647&uuid=None HTTP/1.1" 422 42
[2022-10-18 18:12:49,913] [DEBUG]: Starting new HTTPS connection (1): api.hypixel.net:443
[2022-10-18 18:12:50,065] [DEBUG]: https://launchtracker.raventeam.repl.co:443 "GET /paths HTTP/1.1" 429 None
[2022-10-18 18:12:50,101] [DEBUG]: https://api.hypixel.net:443 "GET /player?key=8cd58181-1983-47c4-982a-b92a31705647&uuid=None HTTP/1.1" 422 42
[2022-10-18 18:12:50,111] [DEBUG]: Starting new HTTPS connection (1): launchtracker.raventeam.repl.co:443
[2022-10-18 18:12:50,112] [DEBUG]: Starting new HTTPS connection (1): api.hypixel.net:443
[2022-10-18 18:12:50,124] [DEBUG]: https://api.hypixel.net:443 "GET /player?key=8cd58181-1983-47c4-982a-b92a31705647&uuid=None HTTP/1.1" 422 42
[2022-10-18 18:12:50,137] [DEBUG]: Starting new HTTPS connection (1): api.hypixel.net:443
[2022-10-18 18:12:50,279] [DEBUG]: https://api.hypixel.net:443 "GET /player?key=8cd58181-1983-47c4-982a-b92a31705647&uuid=None HTTP/1.1" 422 42
[2022-10-18 18:12:50,291] [DEBUG]: Starting new HTTPS connection (1): api.hypixel.net:443
[2022-10-18 18:12:50,321] [DEBUG]: https://api.hypixel.net:443 "GET /player?key=8cd58181-1983-47c4-982a-b92a31705647&uuid=None HTTP/1.1" 422 42
[2022-10-18 18:12:50,333] [DEBUG]: Starting new HTTPS connection (1): api.hypixel.net:443
[2022-10-18 18:12:50,439] [DEBUG]: https://launchtracker.raventeam.repl.co:443 "GET /paths HTTP/1.1" 429 None
[2022-10-18 18:12:50,451] [DEBUG]: Starting new HTTPS connection (1): launchtracker.raventeam.repl.co:443
[2022-10-18 18:12:50,473] [DEBUG]: https://api.hypixel.net:443 "GET /player?key=8cd58181-1983-47c4-982a-b92a31705647&uuid=None HTTP/1.1" 422 42
[2022-10-18 18:12:50,485] [DEBUG]: Starting new HTTPS connection (1): api.hypixel.net:443
[2022-10-18 18:12:50,533] [DEBUG]: https://api.hypixel.net:443 "GET /player?key=8cd58181-1983-47c4-982a-b92a31705647&uuid=None HTTP/1.1" 422 42
[2022-10-18 18:12:50,545] [DEBUG]: Starting new HTTPS connection (1): api.hypixel.net:443
[2022-10-18 18:12:50,725] [DEBUG]: https://api.hypixel.net:443 "GET /player?key=8cd58181-1983-47c4-982a-b92a31705647&uuid=None HTTP/1.1" 422 42
[2022-10-18 18:12:50,737] [DEBUG]: Starting new HTTPS connection (1): api.hypixel.net:443
[2022-10-18 18:12:50,738] [DEBUG]: https://api.hypixel.net:443 "GET /player?key=8cd58181-1983-47c4-982a-b92a31705647&uuid=None HTTP/1.1" 422 42
[2022-10-18 18:12:50,750] [DEBUG]: Starting new HTTPS connection (1): api.hypixel.net:443
[2022-10-18 18:12:50,903] [DEBUG]: https://api.hypixel.net:443 "GET /player?key=8cd58181-1983-47c4-982a-b92a31705647&uuid=None HTTP/1.1" 422 42
[2022-10-18 18:12:50,915] [DEBUG]: Starting new HTTPS connection (1): api.hypixel.net:443
[2022-10-18 18:12:50,937] [DEBUG]: https://launchtracker.raventeam.repl.co:443 "GET /paths HTTP/1.1" 429 None
[2022-10-18 18:12:50,959] [DEBUG]: https://api.hypixel.net:443 "GET /player?key=8cd58181-1983-47c4-982a-b92a31705647&uuid=None HTTP/1.1" 422 42
[2022-10-18 18:12:50,971] [DEBUG]: Starting new HTTPS connection (1): api.hypixel.net:443
[2022-10-18 18:12:50,976] [DEBUG]: Starting new HTTPS connection (1): launchtracker.raventeam.repl.co:443
[2022-10-18 18:12:51,084] [DEBUG]: https://api.hypixel.net:443 "GET /player?key=8cd58181-1983-47c4-982a-b92a31705647&uuid=None HTTP/1.1" 422 42
[2022-10-18 18:12:51,096] [DEBUG]: Starting new HTTPS connection (1): api.hypixel.net:443
[2022-10-18 18:12:51,149] [DEBUG]: https://api.hypixel.net:443 "GET /player?key=8cd58181-1983-47c4-982a-b92a31705647&uuid=None HTTP/1.1" 422 42
[2022-10-18 18:12:51,161] [DEBUG]: Starting new HTTPS connection (1): api.hypixel.net:443
[2022-10-18 18:12:51,271] [DEBUG]: https://api.hypixel.net:443 "GET /player?key=8cd58181-1983-47c4-982a-b92a31705647&uuid=None HTTP/1.1" 422 42
[2022-10-18 18:12:51,283] [DEBUG]: Starting new HTTPS connection (1): api.hypixel.net:443
[2022-10-18 18:12:51,324] [DEBUG]: https://api.hypixel.net:443 "GET /player?key=8cd58181-1983-47c4-982a-b92a31705647&uuid=None HTTP/1.1" 422 42
[2022-10-18 18:12:51,337] [DEBUG]: Starting new HTTPS connection (1): api.hypixel.net:443
[2022-10-18 18:12:51,488] [DEBUG]: https://api.hypixel.net:443 "GET /player?key=8cd58181-1983-47c4-982a-b92a31705647&uuid=None HTTP/1.1" 422 42
[2022-10-18 18:12:51,500] [DEBUG]: Starting new HTTPS connection (1): api.hypixel.net:443
[2022-10-18 18:12:51,512] [DEBUG]: https://api.hypixel.net:443 "GET /player?key=8cd58181-1983-47c4-982a-b92a31705647&uuid=None HTTP/1.1" 422 42
[2022-10-18 18:12:51,525] [DEBUG]: Starting new HTTPS connection (1): api.hypixel.net:443
[2022-10-18 18:12:51,694] [DEBUG]: https://api.hypixel.net:443 "GET /player?key=8cd58181-1983-47c4-982a-b92a31705647&uuid=None HTTP/1.1" 422 42
[2022-10-18 18:12:51,706] [DEBUG]: Starting new HTTPS connection (1): api.hypixel.net:443
[2022-10-18 18:12:51,708] [DEBUG]: https://api.hypixel.net:443 "GET /player?key=8cd58181-1983-47c4-982a-b92a31705647&uuid=None HTTP/1.1" 422 42
[2022-10-18 18:12:51,720] [DEBUG]: Starting new HTTPS connection (1): api.hypixel.net:443
[2022-10-18 18:12:51,877] [DEBUG]: https://api.hypixel.net:443 "GET /player?key=8cd58181-1983-47c4-982a-b92a31705647&uuid=None HTTP/1.1" 422 42
[2022-10-18 18:12:51,889] [DEBUG]: Starting new HTTPS connection (1): api.hypixel.net:443
[2022-10-18 18:12:51,909] [DEBUG]: https://api.hypixel.net:443 "GET /player?key=8cd58181-1983-47c4-982a-b92a31705647&uuid=None HTTP/1.1" 422 42
[2022-10-18 18:12:51,921] [DEBUG]: Starting new HTTPS connection (1): api.hypixel.net:443
[2022-10-18 18:12:52,059] [DEBUG]: https://api.hypixel.net:443 "GET /player?key=8cd58181-1983-47c4-982a-b92a31705647&uuid=None HTTP/1.1" 422 42
[2022-10-18 18:12:52,071] [DEBUG]: Starting new HTTPS connection (1): api.hypixel.net:443
[2022-10-18 18:12:52,104] [DEBUG]: https://api.hypixel.net:443 "GET /player?key=8cd58181-1983-47c4-982a-b92a31705647&uuid=None HTTP/1.1" 422 42
[2022-10-18 18:12:52,116] [DEBUG]: Starting new HTTPS connection (1): api.hypixel.net:443
[2022-10-18 18:12:52,247] [DEBUG]: https://api.hypixel.net:443 "GET /player?key=8cd58181-1983-47c4-982a-b92a31705647&uuid=None HTTP/1.1" 422 42
[2022-10-18 18:12:52,259] [DEBUG]: Starting new HTTPS connection (1): api.hypixel.net:443
[2022-10-18 18:12:52,284] [DEBUG]: https://api.hypixel.net:443 "GET /player?key=8cd58181-1983-47c4-982a-b92a31705647&uuid=None HTTP/1.1" 422 42
[2022-10-18 18:12:52,297] [DEBUG]: Starting new HTTPS connection (1): api.hypixel.net:443
[2022-10-18 18:12:52,426] [DEBUG]: https://api.hypixel.net:443 "GET /player?key=8cd58181-1983-47c4-982a-b92a31705647&uuid=None HTTP/1.1" 422 42
[2022-10-18 18:12:52,438] [DEBUG]: Starting new HTTPS connection (1): api.hypixel.net:443
[2022-10-18 18:12:52,533] [DEBUG]: https://api.hypixel.net:443 "GET /player?key=8cd58181-1983-47c4-982a-b92a31705647&uuid=None HTTP/1.1" 422 42
[2022-10-18 18:12:52,545] [DEBUG]: Starting new HTTPS connection (1): api.hypixel.net:443
[2022-10-18 18:12:52,656] [DEBUG]: https://api.hypixel.net:443 "GET /player?key=8cd58181-1983-47c4-982a-b92a31705647&uuid=None HTTP/1.1" 422 42
[2022-10-18 18:12:52,668] [DEBUG]: Starting new HTTPS connection (1): api.hypixel.net:443
[2022-10-18 18:12:52,715] [DEBUG]: https://api.hypixel.net:443 "GET /player?key=8cd58181-1983-47c4-982a-b92a31705647&uuid=None HTTP/1.1" 422 42
[2022-10-18 18:12:52,727] [DEBUG]: Starting new HTTPS connection (1): api.hypixel.net:443
[2022-10-18 18:12:52,831] [DEBUG]: https://api.hypixel.net:443 "GET /player?key=8cd58181-1983-47c4-982a-b92a31705647&uuid=None HTTP/1.1" 422 42
[2022-10-18 18:12:52,843] [DEBUG]: Starting new HTTPS connection (1): api.hypixel.net:443
[2022-10-18 18:12:52,890] [DEBUG]: https://api.hypixel.net:443 "GET /player?key=8cd58181-1983-47c4-982a-b92a31705647&uuid=None HTTP/1.1" 422 42
[2022-10-18 18:12:52,902] [DEBUG]: Starting new HTTPS connection (1): api.hypixel.net:443
[2022-10-18 18:12:53,010] [DEBUG]: https://api.hypixel.net:443 "GET /player?key=8cd58181-1983-47c4-982a-b92a31705647&uuid=None HTTP/1.1" 422 42
[2022-10-18 18:12:53,022] [DEBUG]: Starting new HTTPS connection (1): api.hypixel.net:443
[2022-10-18 18:12:53,067] [DEBUG]: https://api.hypixel.net:443 "GET /player?key=8cd58181-1983-47c4-982a-b92a31705647&uuid=None HTTP/1.1" 422 42
[2022-10-18 18:12:53,079] [DEBUG]: Starting new HTTPS connection (1): api.hypixel.net:443
[2022-10-18 18:12:53,194] [DEBUG]: https://api.hypixel.net:443 "GET /player?key=8cd58181-1983-47c4-982a-b92a31705647&uuid=None HTTP/1.1" 422 42
[2022-10-18 18:12:53,206] [DEBUG]: Starting new HTTPS connection (1): api.hypixel.net:443
[2022-10-18 18:12:53,258] [DEBUG]: https://api.hypixel.net:443 "GET /player?key=8cd58181-1983-47c4-982a-b92a31705647&uuid=None HTTP/1.1" 422 42
[2022-10-18 18:12:53,270] [DEBUG]: Starting new HTTPS connection (1): api.hypixel.net:443
[2022-10-18 18:12:53,457] [DEBUG]: https://api.hypixel.net:443 "GET /player?key=8cd58181-1983-47c4-982a-b92a31705647&uuid=None HTTP/1.1" 422 42
[2022-10-18 18:12:53,469] [DEBUG]: Starting new HTTPS connection (1): api.hypixel.net:443
[2022-10-18 18:12:53,494] [DEBUG]: https://api.hypixel.net:443 "GET /player?key=8cd58181-1983-47c4-982a-b92a31705647&uuid=None HTTP/1.1" 422 42
[2022-10-18 18:12:53,506] [DEBUG]: Starting new HTTPS connection (1): api.hypixel.net:443
[2022-10-18 18:12:53,632] [DEBUG]: https://api.hypixel.net:443 "GET /player?key=8cd58181-1983-47c4-982a-b92a31705647&uuid=None HTTP/1.1" 422 42
[2022-10-18 18:12:53,644] [DEBUG]: Starting new HTTPS connection (1): api.hypixel.net:443
[2022-10-18 18:12:53,684] [DEBUG]: https://api.hypixel.net:443 "GET /player?key=8cd58181-1983-47c4-982a-b92a31705647&uuid=None HTTP/1.1" 422 42
[2022-10-18 18:12:53,696] [DEBUG]: Starting new HTTPS connection (1): api.hypixel.net:443
[2022-10-18 18:12:53,821] [DEBUG]: https://api.hypixel.net:443 "GET /player?key=8cd58181-1983-47c4-982a-b92a31705647&uuid=None HTTP/1.1" 422 42
[2022-10-18 18:12:53,833] [DEBUG]: Starting new HTTPS connection (1): api.hypixel.net:443
[2022-10-18 18:12:53,864] [DEBUG]: https://api.hypixel.net:443 "GET /player?key=8cd58181-1983-47c4-982a-b92a31705647&uuid=None HTTP/1.1" 422 42
[2022-10-18 18:12:53,876] [DEBUG]: Starting new HTTPS connection (1): api.hypixel.net:443
[2022-10-18 18:12:54,019] [DEBUG]: https://api.hypixel.net:443 "GET /player?key=8cd58181-1983-47c4-982a-b92a31705647&uuid=None HTTP/1.1" 422 42
[2022-10-18 18:12:54,031] [DEBUG]: Starting new HTTPS connection (1): api.hypixel.net:443
[2022-10-18 18:12:54,038] [DEBUG]: https://api.hypixel.net:443 "GET /player?key=8cd58181-1983-47c4-982a-b92a31705647&uuid=None HTTP/1.1" 422 42
[2022-10-18 18:12:54,050] [DEBUG]: Starting new HTTPS connection (1): api.hypixel.net:443
[2022-10-18 18:12:54,218] [DEBUG]: https://api.hypixel.net:443 "GET /player?key=8cd58181-1983-47c4-982a-b92a31705647&uuid=None HTTP/1.1" 422 42
[2022-10-18 18:12:54,230] [DEBUG]: Starting new HTTPS connection (1): api.hypixel.net:443
[2022-10-18 18:12:54,233] [DEBUG]: https://api.hypixel.net:443 "GET /player?key=8cd58181-1983-47c4-982a-b92a31705647&uuid=None HTTP/1.1" 422 42
[2022-10-18 18:12:54,245] [DEBUG]: Starting new HTTPS connection (1): api.hypixel.net:443
[2022-10-18 18:12:54,438] [DEBUG]: https://api.hypixel.net:443 "GET /player?key=8cd58181-1983-47c4-982a-b92a31705647&uuid=None HTTP/1.1" 422 42
[2022-10-18 18:12:54,450] [DEBUG]: Starting new HTTPS connection (1): api.hypixel.net:443
[2022-10-18 18:12:54,485] [DEBUG]: https://api.hypixel.net:443 "GET /player?key=8cd58181-1983-47c4-982a-b92a31705647&uuid=None HTTP/1.1" 422 42
[2022-10-18 18:12:54,497] [DEBUG]: Starting new HTTPS connection (1): api.hypixel.net:443
[2022-10-18 18:12:54,615] [DEBUG]: https://api.hypixel.net:443 "GET /player?key=8cd58181-1983-47c4-982a-b92a31705647&uuid=None HTTP/1.1" 422 42
[2022-10-18 18:12:54,627] [DEBUG]: Starting new HTTPS connection (1): api.hypixel.net:443
[2022-10-18 18:12:54,659] [DEBUG]: https://api.hypixel.net:443 "GET /player?key=8cd58181-1983-47c4-982a-b92a31705647&uuid=None HTTP/1.1" 422 42
[2022-10-18 18:12:54,671] [DEBUG]: Starting new HTTPS connection (1): api.hypixel.net:443
[2022-10-18 18:12:54,837] [DEBUG]: https://api.hypixel.net:443 "GET /player?key=8cd58181-1983-47c4-982a-b92a31705647&uuid=None HTTP/1.1" 422 42
[2022-10-18 18:12:54,849] [DEBUG]: Starting new HTTPS connection (1): api.hypixel.net:443
[2022-10-18 18:12:54,853] [DEBUG]: https://api.hypixel.net:443 "GET /player?key=8cd58181-1983-47c4-982a-b92a31705647&uuid=None HTTP/1.1" 422 42
[2022-10-18 18:12:54,865] [DEBUG]: Starting new HTTPS connection (1): api.hypixel.net:443
[2022-10-18 18:12:55,008] [DEBUG]: https://api.hypixel.net:443 "GET /player?key=8cd58181-1983-47c4-982a-b92a31705647&uuid=None HTTP/1.1" 422 42
[2022-10-18 18:12:55,020] [DEBUG]: Starting new HTTPS connection (1): api.hypixel.net:443
[2022-10-18 18:12:55,057] [DEBUG]: https://api.hypixel.net:443 "GET /player?key=8cd58181-1983-47c4-982a-b92a31705647&uuid=None HTTP/1.1" 422 42
[2022-10-18 18:12:55,069] [DEBUG]: Starting new HTTPS connection (1): api.hypixel.net:443
[2022-10-18 18:12:55,184] [DEBUG]: https://api.hypixel.net:443 "GET /player?key=8cd58181-1983-47c4-982a-b92a31705647&uuid=None HTTP/1.1" 422 42
[2022-10-18 18:12:55,196] [DEBUG]: Starting new HTTPS connection (1): api.hypixel.net:443
[2022-10-18 18:12:55,236] [DEBUG]: https://api.hypixel.net:443 "GET /player?key=8cd58181-1983-47c4-982a-b92a31705647&uuid=None HTTP/1.1" 422 42
[2022-10-18 18:12:55,248] [DEBUG]: Starting new HTTPS connection (1): api.hypixel.net:443
[2022-10-18 18:12:55,361] [DEBUG]: https://api.hypixel.net:443 "GET /player?key=8cd58181-1983-47c4-982a-b92a31705647&uuid=None HTTP/1.1" 422 42
[2022-10-18 18:12:55,373] [DEBUG]: Starting new HTTPS connection (1): api.hypixel.net:443
[2022-10-18 18:12:55,451] [DEBUG]: https://api.hypixel.net:443 "GET /player?key=8cd58181-1983-47c4-982a-b92a31705647&uuid=None HTTP/1.1" 422 42
[2022-10-18 18:12:55,463] [DEBUG]: Starting new HTTPS connection (1): api.hypixel.net:443
[2022-10-18 18:12:55,549] [DEBUG]: https://api.hypixel.net:443 "GET /player?key=8cd58181-1983-47c4-982a-b92a31705647&uuid=None HTTP/1.1" 422 42
[2022-10-18 18:12:55,561] [DEBUG]: Starting new HTTPS connection (1): api.hypixel.net:443
[2022-10-18 18:12:55,645] [DEBUG]: https://api.hypixel.net:443 "GET /player?key=8cd58181-1983-47c4-982a-b92a31705647&uuid=None HTTP/1.1" 422 42
[2022-10-18 18:12:55,657] [DEBUG]: Starting new HTTPS connection (1): api.hypixel.net:443
[2022-10-18 18:12:55,742] [DEBUG]: https://api.hypixel.net:443 "GET /player?key=8cd58181-1983-47c4-982a-b92a31705647&uuid=None HTTP/1.1" 422 42
[2022-10-18 18:12:55,754] [DEBUG]: Starting new HTTPS connection (1): api.hypixel.net:443
[2022-10-18 18:12:55,815] [DEBUG]: https://api.hypixel.net:443 "GET /player?key=8cd58181-1983-47c4-982a-b92a31705647&uuid=None HTTP/1.1" 422 42
[2022-10-18 18:12:55,827] [DEBUG]: Starting new HTTPS connection (1): api.hypixel.net:443
[2022-10-18 18:12:55,939] [DEBUG]: https://api.hypixel.net:443 "GET /player?key=8cd58181-1983-47c4-982a-b92a31705647&uuid=None HTTP/1.1" 422 42
[2022-10-18 18:12:55,951] [DEBUG]: Starting new HTTPS connection (1): api.hypixel.net:443
[2022-10-18 18:12:56,003] [DEBUG]: https://api.hypixel.net:443 "GET /player?key=8cd58181-1983-47c4-982a-b92a31705647&uuid=None HTTP/1.1" 422 42
[2022-10-18 18:12:56,015] [DEBUG]: Starting new HTTPS connection (1): api.hypixel.net:443
[2022-10-18 18:12:56,151] [DEBUG]: https://api.hypixel.net:443 "GET /player?key=8cd58181-1983-47c4-982a-b92a31705647&uuid=None HTTP/1.1" 422 42
[2022-10-18 18:12:56,163] [DEBUG]: Starting new HTTPS connection (1): api.hypixel.net:443
[2022-10-18 18:12:56,190] [DEBUG]: https://api.hypixel.net:443 "GET /player?key=8cd58181-1983-47c4-982a-b92a31705647&uuid=None HTTP/1.1" 422 42
[2022-10-18 18:12:56,202] [DEBUG]: Starting new HTTPS connection (1): api.hypixel.net:443
[2022-10-18 18:12:56,345] [DEBUG]: https://api.hypixel.net:443 "GET /player?key=8cd58181-1983-47c4-982a-b92a31705647&uuid=None HTTP/1.1" 422 42
[2022-10-18 18:12:56,357] [DEBUG]: Starting new HTTPS connection (1): api.hypixel.net:443
[2022-10-18 18:12:56,376] [DEBUG]: https://api.hypixel.net:443 "GET /player?key=8cd58181-1983-47c4-982a-b92a31705647&uuid=None HTTP/1.1" 422 42
[2022-10-18 18:12:56,388] [DEBUG]: Starting new HTTPS connection (1): api.hypixel.net:443
[2022-10-18 18:12:56,459] [DEBUG]: https://launchtracker.raventeam.repl.co:443 "GET /paths HTTP/1.1" 404 None
[2022-10-18 18:12:56,476] [DEBUG]: Starting new HTTPS connection (1): launchtracker.raventeam.repl.co:443
[2022-10-18 18:12:56,527] [DEBUG]: https://api.hypixel.net:443 "GET /player?key=8cd58181-1983-47c4-982a-b92a31705647&uuid=None HTTP/1.1" 422 42
[2022-10-18 18:12:56,539] [DEBUG]: Starting new HTTPS connection (1): api.hypixel.net:443
[2022-10-18 18:12:56,554] [DEBUG]: https://api.hypixel.net:443 "GET /player?key=8cd58181-1983-47c4-982a-b92a31705647&uuid=None HTTP/1.1" 422 42
[2022-10-18 18:12:56,566] [DEBUG]: Starting new HTTPS connection (1): api.hypixel.net:443
[2022-10-18 18:12:56,711] [DEBUG]: https://api.hypixel.net:443 "GET /player?key=8cd58181-1983-47c4-982a-b92a31705647&uuid=None HTTP/1.1" 422 42
[2022-10-18 18:12:56,723] [DEBUG]: Starting new HTTPS connection (1): api.hypixel.net:443
[2022-10-18 18:12:56,723] [DEBUG]: https://api.hypixel.net:443 "GET /player?key=8cd58181-1983-47c4-982a-b92a31705647&uuid=None HTTP/1.1" 422 42
[2022-10-18 18:12:56,735] [DEBUG]: Starting new HTTPS connection (1): api.hypixel.net:443
[2022-10-18 18:12:56,910] [DEBUG]: https://api.hypixel.net:443 "GET /player?key=8cd58181-1983-47c4-982a-b92a31705647&uuid=None HTTP/1.1" 422 42
[2022-10-18 18:12:56,922] [DEBUG]: Starting new HTTPS connection (1): api.hypixel.net:443
[2022-10-18 18:12:56,930] [DEBUG]: https://api.hypixel.net:443 "GET /player?key=8cd58181-1983-47c4-982a-b92a31705647&uuid=None HTTP/1.1" 422 42
[2022-10-18 18:12:56,942] [DEBUG]: Starting new HTTPS connection (1): api.hypixel.net:443
[2022-10-18 18:12:57,089] [DEBUG]: https://api.hypixel.net:443 "GET /player?key=8cd58181-1983-47c4-982a-b92a31705647&uuid=None HTTP/1.1" 422 42
[2022-10-18 18:12:57,101] [DEBUG]: Starting new HTTPS connection (1): api.hypixel.net:443
[2022-10-18 18:12:57,114] [DEBUG]: https://api.hypixel.net:443 "GET /player?key=8cd58181-1983-47c4-982a-b92a31705647&uuid=None HTTP/1.1" 422 42
[2022-10-18 18:12:57,126] [DEBUG]: Starting new HTTPS connection (1): api.hypixel.net:443
[2022-10-18 18:12:57,269] [DEBUG]: https://api.hypixel.net:443 "GET /player?key=8cd58181-1983-47c4-982a-b92a31705647&uuid=None HTTP/1.1" 422 42
[2022-10-18 18:12:57,281] [DEBUG]: Starting new HTTPS connection (1): api.hypixel.net:443
[2022-10-18 18:12:57,290] [DEBUG]: https://api.hypixel.net:443 "GET /player?key=8cd58181-1983-47c4-982a-b92a31705647&uuid=None HTTP/1.1" 422 42
[2022-10-18 18:12:57,302] [DEBUG]: Starting new HTTPS connection (1): api.hypixel.net:443
[2022-10-18 18:12:57,449] [DEBUG]: https://api.hypixel.net:443 "GET /player?key=8cd58181-1983-47c4-982a-b92a31705647&uuid=None HTTP/1.1" 422 42
[2022-10-18 18:12:57,461] [DEBUG]: Starting new HTTPS connection (1): api.hypixel.net:443
[2022-10-18 18:12:57,484] [DEBUG]: https://api.hypixel.net:443 "GET /player?key=8cd58181-1983-47c4-982a-b92a31705647&uuid=None HTTP/1.1" 422 42
[2022-10-18 18:12:57,496] [DEBUG]: Starting new HTTPS connection (1): api.hypixel.net:443
[2022-10-18 18:12:57,635] [DEBUG]: https://api.hypixel.net:443 "GET /player?key=8cd58181-1983-47c4-982a-b92a31705647&uuid=None HTTP/1.1" 422 42
[2022-10-18 18:12:57,647] [DEBUG]: Starting new HTTPS connection (1): api.hypixel.net:443
[2022-10-18 18:12:57,682] [DEBUG]: https://api.hypixel.net:443 "GET /player?key=8cd58181-1983-47c4-982a-b92a31705647&uuid=None HTTP/1.1" 422 42
[2022-10-18 18:12:57,694] [DEBUG]: Starting new HTTPS connection (1): api.hypixel.net:443
[2022-10-18 18:12:57,802] [DEBUG]: https://api.hypixel.net:443 "GET /player?key=8cd58181-1983-47c4-982a-b92a31705647&uuid=None HTTP/1.1" 429 56
[2022-10-18 18:12:57,866] [DEBUG]: https://api.hypixel.net:443 "GET /player?key=8cd58181-1983-47c4-982a-b92a31705647&uuid=None HTTP/1.1" 429 56
[2022-10-18 18:12:59,814] [DEBUG]: Starting new HTTPS connection (1): api.hypixel.net:443
[2022-10-18 18:12:59,879] [DEBUG]: Starting new HTTPS connection (1): api.hypixel.net:443
[2022-10-18 18:12:59,991] [DEBUG]: https://api.hypixel.net:443 "GET /player?key=8cd58181-1983-47c4-982a-b92a31705647&uuid=None HTTP/1.1" 429 56
[2022-10-18 18:13:00,052] [DEBUG]: https://api.hypixel.net:443 "GET /player?key=8cd58181-1983-47c4-982a-b92a31705647&uuid=None HTTP/1.1" 429 56
[2022-10-18 18:13:01,041] [INFO]: LWtIsxDjoined the queue!
[2022-10-18 18:13:01,042] [DEBUG]: Starting new HTTPS connection (1): api.mojang.com:443
[2022-10-18 18:13:01,270] [DEBUG]: https://api.mojang.com:443 "GET /users/profiles/minecraft/LWtIsxD HTTP/1.1" 204 0
[2022-10-18 18:13:01,282] [DEBUG]: Starting new HTTPS connection (1): api.hypixel.net:443
[2022-10-18 18:13:01,502] [DEBUG]: https://api.hypixel.net:443 "GET /player?key=8cd58181-1983-47c4-982a-b92a31705647&uuid=None HTTP/1.1" 429 56
[2022-10-18 18:13:01,768] [DEBUG]: https://launchtracker.raventeam.repl.co:443 "GET /paths HTTP/1.1" 404 None
[2022-10-18 18:13:01,774] [DEBUG]: Starting new HTTPS connection (1): launchtracker.raventeam.repl.co:443
[2022-10-18 18:13:02,004] [DEBUG]: Starting new HTTPS connection (1): api.hypixel.net:443
[2022-10-18 18:13:02,064] [DEBUG]: Starting new HTTPS connection (1): api.hypixel.net:443
[2022-10-18 18:13:02,172] [DEBUG]: https://api.hypixel.net:443 "GET /player?key=8cd58181-1983-47c4-982a-b92a31705647&uuid=None HTTP/1.1" 429 56
[2022-10-18 18:13:02,228] [DEBUG]: https://api.hypixel.net:443 "GET /player?key=8cd58181-1983-47c4-982a-b92a31705647&uuid=None HTTP/1.1" 429 56
[2022-10-18 18:13:02,277] [DEBUG]: https://launchtracker.raventeam.repl.co:443 "GET /paths HTTP/1.1" 429 None
[2022-10-18 18:13:02,331] [DEBUG]: Starting new HTTPS connection (1): launchtracker.raventeam.repl.co:443
[2022-10-18 18:13:02,778] [DEBUG]: https://launchtracker.raventeam.repl.co:443 "GET /paths HTTP/1.1" 429 None
[2022-10-18 18:13:02,814] [DEBUG]: Starting new HTTPS connection (1): launchtracker.raventeam.repl.co:443
[2022-10-18 18:13:03,150] [DEBUG]: https://launchtracker.raventeam.repl.co:443 "GET /paths HTTP/1.1" 429 None
[2022-10-18 18:13:03,182] [DEBUG]: Starting new HTTPS connection (1): launchtracker.raventeam.repl.co:443
[2022-10-18 18:13:03,514] [DEBUG]: Starting new HTTPS connection (1): api.hypixel.net:443
[2022-10-18 18:13:03,664] [DEBUG]: https://launchtracker.raventeam.repl.co:443 "GET /paths HTTP/1.1" 429 None
[2022-10-18 18:13:03,684] [DEBUG]: https://api.hypixel.net:443 "GET /player?key=8cd58181-1983-47c4-982a-b92a31705647&uuid=None HTTP/1.1" 429 56
[2022-10-18 18:13:03,701] [DEBUG]: Starting new HTTPS connection (1): launchtracker.raventeam.repl.co:443
[2022-10-18 18:13:04,026] [DEBUG]: https://launchtracker.raventeam.repl.co:443 "GET /paths HTTP/1.1" 429 None
[2022-10-18 18:13:04,034] [DEBUG]: Starting new HTTPS connection (1): launchtracker.raventeam.repl.co:443
[2022-10-18 18:13:04,185] [DEBUG]: Starting new HTTPS connection (1): api.hypixel.net:443
[2022-10-18 18:13:04,241] [DEBUG]: Starting new HTTPS connection (1): api.hypixel.net:443
[2022-10-18 18:13:04,349] [DEBUG]: https://api.hypixel.net:443 "GET /player?key=8cd58181-1983-47c4-982a-b92a31705647&uuid=None HTTP/1.1" 429 56
[2022-10-18 18:13:04,397] [DEBUG]: https://api.hypixel.net:443 "GET /player?key=8cd58181-1983-47c4-982a-b92a31705647&uuid=None HTTP/1.1" 429 56
[2022-10-18 18:13:04,577] [DEBUG]: https://launchtracker.raventeam.repl.co:443 "GET /paths HTTP/1.1" 429 None
[2022-10-18 18:13:04,604] [DEBUG]: Starting new HTTPS connection (1): launchtracker.raventeam.repl.co:443
[2022-10-18 18:13:05,052] [DEBUG]: https://launchtracker.raventeam.repl.co:443 "GET /paths HTTP/1.1" 429 None
[2022-10-18 18:13:05,088] [DEBUG]: Starting new HTTPS connection (1): launchtracker.raventeam.repl.co:443
[2022-10-18 18:13:05,478] [DEBUG]: https://launchtracker.raventeam.repl.co:443 "GET /paths HTTP/1.1" 429 None
[2022-10-18 18:13:05,517] [DEBUG]: Starting new HTTPS connection (1): launchtracker.raventeam.repl.co:443
[2022-10-18 18:13:05,698] [DEBUG]: Starting new HTTPS connection (1): api.hypixel.net:443
[2022-10-18 18:13:05,873] [DEBUG]: https://api.hypixel.net:443 "GET /player?key=8cd58181-1983-47c4-982a-b92a31705647&uuid=None HTTP/1.1" 429 56
[2022-10-18 18:13:06,008] [DEBUG]: https://launchtracker.raventeam.repl.co:443 "GET /paths HTTP/1.1" 429 None
[2022-10-18 18:13:06,042] [DEBUG]: Starting new HTTPS connection (1): launchtracker.raventeam.repl.co:443
[2022-10-18 18:13:06,363] [DEBUG]: Starting new HTTPS connection (1): api.hypixel.net:443
[2022-10-18 18:13:06,411] [DEBUG]: Starting new HTTPS connection (1): api.hypixel.net:443
[2022-10-18 18:13:06,527] [DEBUG]: https://launchtracker.raventeam.repl.co:443 "GET /paths HTTP/1.1" 429 None
[2022-10-18 18:13:06,557] [DEBUG]: https://api.hypixel.net:443 "GET /player?key=8cd58181-1983-47c4-982a-b92a31705647&uuid=None HTTP/1.1" 429 56
[2022-10-18 18:13:06,563] [DEBUG]: Starting new HTTPS connection (1): launchtracker.raventeam.repl.co:443
[2022-10-18 18:13:06,570] [DEBUG]: https://api.hypixel.net:443 "GET /player?key=8cd58181-1983-47c4-982a-b92a31705647&uuid=None HTTP/1.1" 429 56
[2022-10-18 18:13:07,009] [DEBUG]: https://launchtracker.raventeam.repl.co:443 "GET /paths HTTP/1.1" 429 None
[2022-10-18 18:13:07,044] [DEBUG]: Starting new HTTPS connection (1): launchtracker.raventeam.repl.co:443
[2022-10-18 18:13:07,368] [DEBUG]: https://launchtracker.raventeam.repl.co:443 "GET /paths HTTP/1.1" 429 None
[2022-10-18 18:13:07,391] [DEBUG]: Starting new HTTPS connection (1): launchtracker.raventeam.repl.co:443
[2022-10-18 18:13:07,721] [DEBUG]: https://launchtracker.raventeam.repl.co:443 "GET /paths HTTP/1.1" 429 None
[2022-10-18 18:13:07,739] [DEBUG]: Starting new HTTPS connection (1): launchtracker.raventeam.repl.co:443
[2022-10-18 18:13:07,887] [DEBUG]: Starting new HTTPS connection (1): api.hypixel.net:443
[2022-10-18 18:13:08,060] [DEBUG]: https://api.hypixel.net:443 "GET /player?key=8cd58181-1983-47c4-982a-b92a31705647&uuid=None HTTP/1.1" 429 56
[2022-10-18 18:13:08,571] [DEBUG]: Starting new HTTPS connection (1): api.hypixel.net:443
[2022-10-18 18:13:08,583] [DEBUG]: Starting new HTTPS connection (1): api.hypixel.net:443
[2022-10-18 18:13:08,732] [DEBUG]: https://api.hypixel.net:443 "GET /player?key=8cd58181-1983-47c4-982a-b92a31705647&uuid=None HTTP/1.1" 429 56
[2022-10-18 18:13:08,746] [DEBUG]: https://api.hypixel.net:443 "GET /player?key=8cd58181-1983-47c4-982a-b92a31705647&uuid=None HTTP/1.1" 429 56
[2022-10-18 18:13:10,033] [DEBUG]: https://launchtracker.raventeam.repl.co:443 "GET /paths HTTP/1.1" 429 None
[2022-10-18 18:13:10,070] [DEBUG]: Starting new HTTPS connection (1): launchtracker.raventeam.repl.co:443
[2022-10-18 18:13:10,074] [DEBUG]: Starting new HTTPS connection (1): api.hypixel.net:443
[2022-10-18 18:13:10,259] [DEBUG]: https://api.hypixel.net:443 "GET /player?key=8cd58181-1983-47c4-982a-b92a31705647&uuid=None HTTP/1.1" 429 56
[2022-10-18 18:13:10,399] [DEBUG]: https://launchtracker.raventeam.repl.co:443 "GET /paths HTTP/1.1" 429 None
[2022-10-18 18:13:10,417] [DEBUG]: Starting new HTTPS connection (1): launchtracker.raventeam.repl.co:443
[2022-10-18 18:13:10,746] [DEBUG]: Starting new HTTPS connection (1): api.hypixel.net:443
[2022-10-18 18:13:10,760] [DEBUG]: Starting new HTTPS connection (1): api.hypixel.net:443
[2022-10-18 18:13:10,765] [DEBUG]: https://launchtracker.raventeam.repl.co:443 "GET /paths HTTP/1.1" 429 None
[2022-10-18 18:13:10,779] [DEBUG]: Starting new HTTPS connection (1): launchtracker.raventeam.repl.co:443
[2022-10-18 18:13:10,921] [DEBUG]: https://api.hypixel.net:443 "GET /player?key=8cd58181-1983-47c4-982a-b92a31705647&uuid=None HTTP/1.1" 429 56
[2022-10-18 18:13:10,926] [DEBUG]: https://api.hypixel.net:443 "GET /player?key=8cd58181-1983-47c4-982a-b92a31705647&uuid=None HTTP/1.1" 429 56
[2022-10-18 18:13:11,124] [DEBUG]: https://launchtracker.raventeam.repl.co:443 "GET /paths HTTP/1.1" 429 None
[2022-10-18 18:13:11,164] [DEBUG]: Starting new HTTPS connection (1): launchtracker.raventeam.repl.co:443
[2022-10-18 18:13:11,694] [DEBUG]: https://launchtracker.raventeam.repl.co:443 "GET /paths HTTP/1.1" 429 None
[2022-10-18 18:13:11,729] [DEBUG]: Starting new HTTPS connection (1): launchtracker.raventeam.repl.co:443
[2022-10-18 18:13:12,271] [DEBUG]: Starting new HTTPS connection (1): api.hypixel.net:443
[2022-10-18 18:13:12,491] [DEBUG]: https://api.hypixel.net:443 "GET /player?key=8cd58181-1983-47c4-982a-b92a31705647&uuid=None HTTP/1.1" 429 56
