[2022-10-18 17:44:58,205] [DEBUG]: Starting new HTTPS connection (1): raw.githubusercontent.com:443
[2022-10-18 17:44:58,246] [DEBUG]: https://raw.githubusercontent.com:443 "GET /Kopamed/PyOverlay/main/PyOverlay.py HTTP/1.1" 200 8501
[2022-10-18 17:44:58,248] [DEBUG]: Starting new HTTPS connection (1): launchtracker.raventeam.repl.co:443
[2022-10-18 17:44:58,957] [DEBUG]: https://launchtracker.raventeam.repl.co:443 "GET /paths HTTP/1.1" 429 None
[2022-10-18 17:44:58,993] [DEBUG]: Starting new HTTPS connection (1): launchtracker.raventeam.repl.co:443
[2022-10-18 17:45:04,436] [DEBUG]: https://launchtracker.raventeam.repl.co:443 "GET /paths HTTP/1.1" 429 None
[2022-10-18 17:45:04,471] [DEBUG]: Starting new HTTPS connection (1): launchtracker.raventeam.repl.co:443
[2022-10-18 17:45:04,794] [DEBUG]: https://launchtracker.raventeam.repl.co:443 "GET /paths HTTP/1.1" 429 None
[2022-10-18 17:45:04,811] [DEBUG]: Starting new HTTPS connection (1): launchtracker.raventeam.repl.co:443
[2022-10-18 17:45:05,261] [DEBUG]: https://launchtracker.raventeam.repl.co:443 "GET /paths HTTP/1.1" 429 None
[2022-10-18 17:45:05,298] [DEBUG]: Starting new HTTPS connection (1): launchtracker.raventeam.repl.co:443
[2022-10-18 17:45:10,756] [DEBUG]: https://launchtracker.raventeam.repl.co:443 "GET /paths HTTP/1.1" 404 None
[2022-10-18 17:45:10,758] [DEBUG]: Starting new HTTPS connection (1): launchtracker.raventeam.repl.co:443
[2022-10-18 17:45:11,304] [DEBUG]: https://launchtracker.raventeam.repl.co:443 "GET /paths HTTP/1.1" 429 None
[2022-10-18 17:45:11,309] [DEBUG]: Starting new HTTPS connection (1): launchtracker.raventeam.repl.co:443
[2022-10-18 17:45:11,631] [DEBUG]: https://launchtracker.raventeam.repl.co:443 "GET /paths HTTP/1.1" 429 None
[2022-10-18 17:45:11,650] [DEBUG]: Starting new HTTPS connection (1): launchtracker.raventeam.repl.co:443
[2022-10-18 17:45:11,975] [DEBUG]: https://launchtracker.raventeam.repl.co:443 "GET /paths HTTP/1.1" 429 None
[2022-10-18 17:45:11,996] [DEBUG]: Starting new HTTPS connection (1): launchtracker.raventeam.repl.co:443
[2022-10-18 17:45:12,328] [DEBUG]: https://launchtracker.raventeam.repl.co:443 "GET /paths HTTP/1.1" 429 None
[2022-10-18 17:45:12,346] [DEBUG]: Starting new HTTPS connection (1): launchtracker.raventeam.repl.co:443
[2022-10-18 17:45:12,672] [DEBUG]: https://launchtracker.raventeam.repl.co:443 "GET /paths HTTP/1.1" 429 None
[2022-10-18 17:45:12,724] [DEBUG]: Starting new HTTPS connection (1): launchtracker.raventeam.repl.co:443
[2022-10-18 17:45:18,166] [DEBUG]: https://launchtracker.raventeam.repl.co:443 "GET /paths HTTP/1.1" 429 None
[2022-10-18 17:45:18,202] [DEBUG]: Starting new HTTPS connection (1): launchtracker.raventeam.repl.co:443
[2022-10-18 17:45:23,091] [DEBUG]: Starting new HTTPS connection (1): api.hypixel.net:443
[2022-10-18 17:45:23,278] [DEBUG]: https://api.hypixel.net:443 "GET /key?key=8cd58181-1983-47c4-982a-b92a31705647 HTTP/1.1" 200 None
[2022-10-18 17:45:23,529] [DEBUG]: https://launchtracker.raventeam.repl.co:443 "GET /paths HTTP/1.1" 429 None
[2022-10-18 17:45:23,536] [DEBUG]: Starting new HTTPS connection (1): launchtracker.raventeam.repl.co:443
[2022-10-18 17:45:24,254] [DEBUG]: https://launchtracker.raventeam.repl.co:443 "GET /paths HTTP/1.1" 429 None
[2022-10-18 17:45:24,291] [DEBUG]: Starting new HTTPS connection (1): launchtracker.raventeam.repl.co:443
